2025-06-12 17:01:37,642 - INFO - Model loaded successfully from artifacts/models/random_forest_model.pkl
2025-06-12 17:01:37,835 - ERROR - Failed to load reference data for drift detection: 'Month-to-month'
Traceback (most recent call last):
  File "C:\Users\eaditb\Documents\EB_MLOPS_MID_PROJECT_1\venv\Lib\site-packages\pandas\core\indexes\base.py", line 3812, in get_loc
    return self._engine.get_loc(casted_key)
           ~~~~~~~~~~~~~~~~~~~~^^^^^^^^^^^^
  File "pandas/_libs/index.pyx", line 167, in pandas._libs.index.IndexEngine.get_loc
  File "pandas/_libs/index.pyx", line 196, in pandas._libs.index.IndexEngine.get_loc
  File "pandas/_libs/hashtable_class_helper.pxi", line 7088, in pandas._libs.hashtable.PyObjectHashTable.get_item
  File "pandas/_libs/hashtable_class_helper.pxi", line 7096, in pandas._libs.hashtable.PyObjectHashTable.get_item
KeyError: 'Month-to-month'

The above exception was the direct cause of the following exception:

Traceback (most recent call last):
  File "C:\Users\eaditb\Documents\EB_MLOPS_MID_PROJECT_1\Monitoring\data_drift.py", line 57, in <module>
    reference_data_df['Month-to-month'] = reference_data_df['Month-to-month'].map({'Yes': 1, 'No': 0})
                                          ~~~~~~~~~~~~~~~~~^^^^^^^^^^^^^^^^^^
  File "C:\Users\eaditb\Documents\EB_MLOPS_MID_PROJECT_1\venv\Lib\site-packages\pandas\core\frame.py", line 4107, in __getitem__
    indexer = self.columns.get_loc(key)
  File "C:\Users\eaditb\Documents\EB_MLOPS_MID_PROJECT_1\venv\Lib\site-packages\pandas\core\indexes\base.py", line 3819, in get_loc
    raise KeyError(key) from err
KeyError: 'Month-to-month'
2025-06-12 17:01:43,551 - INFO - [31m[1mWARNING: This is a development server. Do not use it in a production deployment. Use a production WSGI server instead.[0m
 * Running on all addresses (0.0.0.0)
 * Running on http://127.0.0.1:5000
 * Running on http://192.168.1.111:5000
2025-06-12 17:01:43,552 - INFO - [33mPress CTRL+C to quit[0m
2025-06-12 17:01:43,592 - INFO -  * Restarting with stat
2025-06-12 17:01:48,459 - INFO - Model loaded successfully from artifacts/models/random_forest_model.pkl
2025-06-12 17:01:48,538 - ERROR - Failed to load reference data for drift detection: 'Month-to-month'
Traceback (most recent call last):
  File "C:\Users\eaditb\Documents\EB_MLOPS_MID_PROJECT_1\venv\Lib\site-packages\pandas\core\indexes\base.py", line 3812, in get_loc
    return self._engine.get_loc(casted_key)
           ~~~~~~~~~~~~~~~~~~~~^^^^^^^^^^^^
  File "pandas/_libs/index.pyx", line 167, in pandas._libs.index.IndexEngine.get_loc
  File "pandas/_libs/index.pyx", line 196, in pandas._libs.index.IndexEngine.get_loc
  File "pandas/_libs/hashtable_class_helper.pxi", line 7088, in pandas._libs.hashtable.PyObjectHashTable.get_item
  File "pandas/_libs/hashtable_class_helper.pxi", line 7096, in pandas._libs.hashtable.PyObjectHashTable.get_item
KeyError: 'Month-to-month'

The above exception was the direct cause of the following exception:

Traceback (most recent call last):
  File "C:\Users\eaditb\Documents\EB_MLOPS_MID_PROJECT_1\Monitoring\data_drift.py", line 57, in <module>
    reference_data_df['Month-to-month'] = reference_data_df['Month-to-month'].map({'Yes': 1, 'No': 0})
                                          ~~~~~~~~~~~~~~~~~^^^^^^^^^^^^^^^^^^
  File "C:\Users\eaditb\Documents\EB_MLOPS_MID_PROJECT_1\venv\Lib\site-packages\pandas\core\frame.py", line 4107, in __getitem__
    indexer = self.columns.get_loc(key)
  File "C:\Users\eaditb\Documents\EB_MLOPS_MID_PROJECT_1\venv\Lib\site-packages\pandas\core\indexes\base.py", line 3819, in get_loc
    raise KeyError(key) from err
KeyError: 'Month-to-month'
2025-06-12 17:01:48,599 - WARNING -  * Debugger is active!
2025-06-12 17:01:48,614 - INFO -  * Debugger PIN: 810-442-478
2025-06-12 17:01:56,840 - INFO - 127.0.0.1 - - [12/Jun/2025 17:01:56] "GET /metrics HTTP/1.1" 200 -
2025-06-12 17:02:12,757 - INFO - 127.0.0.1 - - [12/Jun/2025 17:02:12] "GET /metrics HTTP/1.1" 200 -
2025-06-12 17:02:27,760 - INFO - 127.0.0.1 - - [12/Jun/2025 17:02:27] "GET /metrics HTTP/1.1" 200 -
2025-06-12 17:02:43,006 - INFO - 127.0.0.1 - - [12/Jun/2025 17:02:43] "GET /metrics HTTP/1.1" 200 -
2025-06-12 17:02:59,377 - INFO - 127.0.0.1 - - [12/Jun/2025 17:02:59] "GET /metrics HTTP/1.1" 200 -
2025-06-12 17:03:15,271 - INFO - 127.0.0.1 - - [12/Jun/2025 17:03:15] "GET /metrics HTTP/1.1" 200 -
2025-06-12 17:03:30,256 - INFO - 127.0.0.1 - - [12/Jun/2025 17:03:30] "GET /metrics HTTP/1.1" 200 -
2025-06-12 17:03:46,492 - INFO - 127.0.0.1 - - [12/Jun/2025 17:03:46] "GET /metrics HTTP/1.1" 200 -
2025-06-12 17:04:02,816 - INFO - 127.0.0.1 - - [12/Jun/2025 17:04:02] "GET /metrics HTTP/1.1" 200 -
2025-06-12 17:04:19,190 - INFO - 127.0.0.1 - - [12/Jun/2025 17:04:19] "GET /metrics HTTP/1.1" 200 -
2025-06-12 17:04:35,565 - INFO - 127.0.0.1 - - [12/Jun/2025 17:04:35] "GET /metrics HTTP/1.1" 200 -
2025-06-12 17:04:51,343 - INFO - 127.0.0.1 - - [12/Jun/2025 17:04:51] "GET /metrics HTTP/1.1" 200 -
2025-06-12 17:05:06,347 - INFO - 127.0.0.1 - - [12/Jun/2025 17:05:06] "GET /metrics HTTP/1.1" 200 -
2025-06-12 17:05:23,585 - INFO - 127.0.0.1 - - [12/Jun/2025 17:05:23] "GET /metrics HTTP/1.1" 200 -
2025-06-12 17:05:39,042 - INFO - 127.0.0.1 - - [12/Jun/2025 17:05:39] "GET /metrics HTTP/1.1" 200 -
2025-06-12 17:05:55,421 - INFO - 127.0.0.1 - - [12/Jun/2025 17:05:55] "GET /metrics HTTP/1.1" 200 -
2025-06-12 17:06:11,766 - INFO - 127.0.0.1 - - [12/Jun/2025 17:06:11] "GET /metrics HTTP/1.1" 200 -
2025-06-12 17:06:28,125 - INFO - 127.0.0.1 - - [12/Jun/2025 17:06:28] "GET /metrics HTTP/1.1" 200 -
2025-06-12 17:06:44,511 - INFO - 127.0.0.1 - - [12/Jun/2025 17:06:44] "GET /metrics HTTP/1.1" 200 -
2025-06-12 17:07:00,852 - INFO - 127.0.0.1 - - [12/Jun/2025 17:07:00] "GET /metrics HTTP/1.1" 200 -
2025-06-12 17:07:17,265 - INFO - 127.0.0.1 - - [12/Jun/2025 17:07:17] "GET /metrics HTTP/1.1" 200 -
2025-06-12 17:07:33,600 - INFO - 127.0.0.1 - - [12/Jun/2025 17:07:33] "GET /metrics HTTP/1.1" 200 -
2025-06-12 17:07:50,024 - INFO - 127.0.0.1 - - [12/Jun/2025 17:07:50] "GET /metrics HTTP/1.1" 200 -
2025-06-12 17:08:06,318 - INFO - 127.0.0.1 - - [12/Jun/2025 17:08:06] "GET /metrics HTTP/1.1" 200 -
2025-06-12 17:08:22,775 - INFO - 127.0.0.1 - - [12/Jun/2025 17:08:22] "GET /metrics HTTP/1.1" 200 -
2025-06-12 17:08:39,033 - INFO - 127.0.0.1 - - [12/Jun/2025 17:08:39] "GET /metrics HTTP/1.1" 200 -
2025-06-12 17:08:46,355 - INFO - 127.0.0.1 - - [12/Jun/2025 17:08:46] "[35m[1mGET / HTTP/1.1[0m" 500 -
2025-06-12 17:08:46,853 - INFO - 127.0.0.1 - - [12/Jun/2025 17:08:46] "GET /?__debugger__=yes&cmd=resource&f=style.css HTTP/1.1" 200 -
2025-06-12 17:08:46,923 - INFO - 127.0.0.1 - - [12/Jun/2025 17:08:46] "GET /?__debugger__=yes&cmd=resource&f=debugger.js HTTP/1.1" 200 -
2025-06-12 17:08:47,493 - INFO - 127.0.0.1 - - [12/Jun/2025 17:08:47] "GET /?__debugger__=yes&cmd=resource&f=console.png&s=VWJtrhvXbD3PtQUYHzNP HTTP/1.1" 200 -
2025-06-12 17:08:47,754 - INFO - 127.0.0.1 - - [12/Jun/2025 17:08:47] "GET /?__debugger__=yes&cmd=resource&f=console.png HTTP/1.1" 200 -
2025-06-12 17:08:55,400 - INFO - 127.0.0.1 - - [12/Jun/2025 17:08:55] "GET /metrics HTTP/1.1" 200 -
2025-06-12 17:09:11,760 - INFO - 127.0.0.1 - - [12/Jun/2025 17:09:11] "GET /metrics HTTP/1.1" 200 -
2025-06-12 17:10:06,697 - INFO - Model loaded successfully from artifacts/models/random_forest_model.pkl
2025-06-12 17:10:06,741 - ERROR - Failed to load reference data for drift detection: 'Month-to-month'
Traceback (most recent call last):
  File "C:\Users\eaditb\Documents\EB_MLOPS_MID_PROJECT_1\venv\Lib\site-packages\pandas\core\indexes\base.py", line 3812, in get_loc
    return self._engine.get_loc(casted_key)
           ~~~~~~~~~~~~~~~~~~~~^^^^^^^^^^^^
  File "pandas/_libs/index.pyx", line 167, in pandas._libs.index.IndexEngine.get_loc
  File "pandas/_libs/index.pyx", line 196, in pandas._libs.index.IndexEngine.get_loc
  File "pandas/_libs/hashtable_class_helper.pxi", line 7088, in pandas._libs.hashtable.PyObjectHashTable.get_item
  File "pandas/_libs/hashtable_class_helper.pxi", line 7096, in pandas._libs.hashtable.PyObjectHashTable.get_item
KeyError: 'Month-to-month'

The above exception was the direct cause of the following exception:

Traceback (most recent call last):
  File "C:\Users\eaditb\Documents\EB_MLOPS_MID_PROJECT_1\Monitoring\data_drift.py", line 57, in <module>
    reference_data_df['Month-to-month'] = reference_data_df['Month-to-month'].map({'Yes': 1, 'No': 0})
                                          ~~~~~~~~~~~~~~~~~^^^^^^^^^^^^^^^^^^
  File "C:\Users\eaditb\Documents\EB_MLOPS_MID_PROJECT_1\venv\Lib\site-packages\pandas\core\frame.py", line 4107, in __getitem__
    indexer = self.columns.get_loc(key)
  File "C:\Users\eaditb\Documents\EB_MLOPS_MID_PROJECT_1\venv\Lib\site-packages\pandas\core\indexes\base.py", line 3819, in get_loc
    raise KeyError(key) from err
KeyError: 'Month-to-month'
2025-06-12 17:10:11,329 - INFO - [31m[1mWARNING: This is a development server. Do not use it in a production deployment. Use a production WSGI server instead.[0m
 * Running on all addresses (0.0.0.0)
 * Running on http://127.0.0.1:5000
 * Running on http://192.168.1.111:5000
2025-06-12 17:10:11,329 - INFO - [33mPress CTRL+C to quit[0m
2025-06-12 17:10:11,337 - INFO -  * Restarting with stat
2025-06-12 17:10:14,632 - INFO - Model loaded successfully from artifacts/models/random_forest_model.pkl
2025-06-12 17:10:14,742 - ERROR - Failed to load reference data for drift detection: 'Month-to-month'
Traceback (most recent call last):
  File "C:\Users\eaditb\Documents\EB_MLOPS_MID_PROJECT_1\venv\Lib\site-packages\pandas\core\indexes\base.py", line 3812, in get_loc
    return self._engine.get_loc(casted_key)
           ~~~~~~~~~~~~~~~~~~~~^^^^^^^^^^^^
  File "pandas/_libs/index.pyx", line 167, in pandas._libs.index.IndexEngine.get_loc
  File "pandas/_libs/index.pyx", line 196, in pandas._libs.index.IndexEngine.get_loc
  File "pandas/_libs/hashtable_class_helper.pxi", line 7088, in pandas._libs.hashtable.PyObjectHashTable.get_item
  File "pandas/_libs/hashtable_class_helper.pxi", line 7096, in pandas._libs.hashtable.PyObjectHashTable.get_item
KeyError: 'Month-to-month'

The above exception was the direct cause of the following exception:

Traceback (most recent call last):
  File "C:\Users\eaditb\Documents\EB_MLOPS_MID_PROJECT_1\Monitoring\data_drift.py", line 57, in <module>
    reference_data_df['Month-to-month'] = reference_data_df['Month-to-month'].map({'Yes': 1, 'No': 0})
                                          ~~~~~~~~~~~~~~~~~^^^^^^^^^^^^^^^^^^
  File "C:\Users\eaditb\Documents\EB_MLOPS_MID_PROJECT_1\venv\Lib\site-packages\pandas\core\frame.py", line 4107, in __getitem__
    indexer = self.columns.get_loc(key)
  File "C:\Users\eaditb\Documents\EB_MLOPS_MID_PROJECT_1\venv\Lib\site-packages\pandas\core\indexes\base.py", line 3819, in get_loc
    raise KeyError(key) from err
KeyError: 'Month-to-month'
2025-06-12 17:10:14,779 - WARNING -  * Debugger is active!
2025-06-12 17:10:14,934 - INFO -  * Debugger PIN: 810-442-478
2025-06-12 17:10:16,685 - INFO - 127.0.0.1 - - [12/Jun/2025 17:10:16] "GET /metrics HTTP/1.1" 200 -
2025-06-12 17:10:31,900 - INFO - 127.0.0.1 - - [12/Jun/2025 17:10:31] "GET /metrics HTTP/1.1" 200 -
2025-06-12 17:10:48,260 - INFO - 127.0.0.1 - - [12/Jun/2025 17:10:48] "GET /metrics HTTP/1.1" 200 -
2025-06-12 17:11:04,626 - INFO - 127.0.0.1 - - [12/Jun/2025 17:11:04] "GET /metrics HTTP/1.1" 200 -
2025-06-12 17:11:21,000 - INFO - 127.0.0.1 - - [12/Jun/2025 17:11:20] "GET /metrics HTTP/1.1" 200 -
2025-06-12 17:12:05,699 - INFO - Model loaded successfully from artifacts/models/random_forest_model.pkl
2025-06-12 17:12:05,764 - ERROR - Failed to load reference data for drift detection: 'Month-to-month'
Traceback (most recent call last):
  File "C:\Users\eaditb\Documents\EB_MLOPS_MID_PROJECT_1\venv\Lib\site-packages\pandas\core\indexes\base.py", line 3812, in get_loc
    return self._engine.get_loc(casted_key)
           ~~~~~~~~~~~~~~~~~~~~^^^^^^^^^^^^
  File "pandas/_libs/index.pyx", line 167, in pandas._libs.index.IndexEngine.get_loc
  File "pandas/_libs/index.pyx", line 196, in pandas._libs.index.IndexEngine.get_loc
  File "pandas/_libs/hashtable_class_helper.pxi", line 7088, in pandas._libs.hashtable.PyObjectHashTable.get_item
  File "pandas/_libs/hashtable_class_helper.pxi", line 7096, in pandas._libs.hashtable.PyObjectHashTable.get_item
KeyError: 'Month-to-month'

The above exception was the direct cause of the following exception:

Traceback (most recent call last):
  File "C:\Users\eaditb\Documents\EB_MLOPS_MID_PROJECT_1\Monitoring\data_drift.py", line 57, in <module>
    reference_data_df['Month-to-month'] = reference_data_df['Month-to-month'].map({'Yes': 1, 'No': 0})
                                          ~~~~~~~~~~~~~~~~~^^^^^^^^^^^^^^^^^^
  File "C:\Users\eaditb\Documents\EB_MLOPS_MID_PROJECT_1\venv\Lib\site-packages\pandas\core\frame.py", line 4107, in __getitem__
    indexer = self.columns.get_loc(key)
  File "C:\Users\eaditb\Documents\EB_MLOPS_MID_PROJECT_1\venv\Lib\site-packages\pandas\core\indexes\base.py", line 3819, in get_loc
    raise KeyError(key) from err
KeyError: 'Month-to-month'
2025-06-12 17:12:10,343 - INFO - [31m[1mWARNING: This is a development server. Do not use it in a production deployment. Use a production WSGI server instead.[0m
 * Running on all addresses (0.0.0.0)
 * Running on http://127.0.0.1:5000
 * Running on http://192.168.1.111:5000
2025-06-12 17:12:10,343 - INFO - [33mPress CTRL+C to quit[0m
2025-06-12 17:12:10,347 - INFO -  * Restarting with stat
2025-06-12 17:12:13,908 - INFO - Model loaded successfully from artifacts/models/random_forest_model.pkl
2025-06-12 17:12:13,975 - ERROR - Failed to load reference data for drift detection: 'Month-to-month'
Traceback (most recent call last):
  File "C:\Users\eaditb\Documents\EB_MLOPS_MID_PROJECT_1\venv\Lib\site-packages\pandas\core\indexes\base.py", line 3812, in get_loc
    return self._engine.get_loc(casted_key)
           ~~~~~~~~~~~~~~~~~~~~^^^^^^^^^^^^
  File "pandas/_libs/index.pyx", line 167, in pandas._libs.index.IndexEngine.get_loc
  File "pandas/_libs/index.pyx", line 196, in pandas._libs.index.IndexEngine.get_loc
  File "pandas/_libs/hashtable_class_helper.pxi", line 7088, in pandas._libs.hashtable.PyObjectHashTable.get_item
  File "pandas/_libs/hashtable_class_helper.pxi", line 7096, in pandas._libs.hashtable.PyObjectHashTable.get_item
KeyError: 'Month-to-month'

The above exception was the direct cause of the following exception:

Traceback (most recent call last):
  File "C:\Users\eaditb\Documents\EB_MLOPS_MID_PROJECT_1\Monitoring\data_drift.py", line 57, in <module>
    reference_data_df['Month-to-month'] = reference_data_df['Month-to-month'].map({'Yes': 1, 'No': 0})
                                          ~~~~~~~~~~~~~~~~~^^^^^^^^^^^^^^^^^^
  File "C:\Users\eaditb\Documents\EB_MLOPS_MID_PROJECT_1\venv\Lib\site-packages\pandas\core\frame.py", line 4107, in __getitem__
    indexer = self.columns.get_loc(key)
  File "C:\Users\eaditb\Documents\EB_MLOPS_MID_PROJECT_1\venv\Lib\site-packages\pandas\core\indexes\base.py", line 3819, in get_loc
    raise KeyError(key) from err
KeyError: 'Month-to-month'
2025-06-12 17:12:14,018 - WARNING -  * Debugger is active!
2025-06-12 17:12:14,025 - INFO -  * Debugger PIN: 810-442-478
2025-06-12 17:12:18,324 - INFO - 127.0.0.1 - - [12/Jun/2025 17:12:18] "GET / HTTP/1.1" 200 -
2025-06-12 17:12:18,472 - INFO - 127.0.0.1 - - [12/Jun/2025 17:12:18] "GET /static/style.css HTTP/1.1" 200 -
2025-06-12 17:12:26,441 - INFO - 127.0.0.1 - - [12/Jun/2025 17:12:26] "GET /metrics HTTP/1.1" 200 -
2025-06-12 17:12:42,812 - INFO - 127.0.0.1 - - [12/Jun/2025 17:12:42] "GET /metrics HTTP/1.1" 200 -
2025-06-12 17:12:58,628 - INFO - 127.0.0.1 - - [12/Jun/2025 17:12:58] "GET /metrics HTTP/1.1" 200 -
2025-06-12 17:13:06,552 - INFO - 127.0.0.1 - - [12/Jun/2025 17:13:06] "GET / HTTP/1.1" 200 -
2025-06-12 17:13:06,874 - INFO - 127.0.0.1 - - [12/Jun/2025 17:13:06] "[36mGET /static/style.css HTTP/1.1[0m" 304 -
2025-06-12 17:13:13,638 - INFO - 127.0.0.1 - - [12/Jun/2025 17:13:13] "GET /metrics HTTP/1.1" 200 -
2025-06-12 17:13:30,122 - INFO - 127.0.0.1 - - [12/Jun/2025 17:13:30] "GET /metrics HTTP/1.1" 200 -
2025-06-12 17:13:46,328 - INFO - 127.0.0.1 - - [12/Jun/2025 17:13:46] "GET /metrics HTTP/1.1" 200 -
2025-06-12 17:14:02,140 - INFO - 127.0.0.1 - - [12/Jun/2025 17:14:02] "GET /metrics HTTP/1.1" 200 -
2025-06-12 17:14:17,450 - INFO - 127.0.0.1 - - [12/Jun/2025 17:14:17] "GET /metrics HTTP/1.1" 200 -
2025-06-12 17:14:33,799 - INFO - 127.0.0.1 - - [12/Jun/2025 17:14:33] "GET /metrics HTTP/1.1" 200 -
2025-06-12 17:14:50,195 - INFO - 127.0.0.1 - - [12/Jun/2025 17:14:50] "GET /metrics HTTP/1.1" 200 -
2025-06-12 17:15:06,545 - INFO - 127.0.0.1 - - [12/Jun/2025 17:15:06] "GET /metrics HTTP/1.1" 200 -
2025-06-12 17:15:22,935 - INFO - 127.0.0.1 - - [12/Jun/2025 17:15:22] "GET /metrics HTTP/1.1" 200 -
2025-06-12 17:15:39,268 - INFO - 127.0.0.1 - - [12/Jun/2025 17:15:39] "GET /metrics HTTP/1.1" 200 -
2025-06-12 17:15:55,619 - INFO - 127.0.0.1 - - [12/Jun/2025 17:15:55] "GET /metrics HTTP/1.1" 200 -
2025-06-12 17:16:11,997 - INFO - 127.0.0.1 - - [12/Jun/2025 17:16:11] "GET /metrics HTTP/1.1" 200 -
2025-06-12 17:16:28,366 - INFO - 127.0.0.1 - - [12/Jun/2025 17:16:28] "GET /metrics HTTP/1.1" 200 -
2025-06-12 17:16:44,170 - INFO - 127.0.0.1 - - [12/Jun/2025 17:16:44] "GET /metrics HTTP/1.1" 200 -
2025-06-12 17:16:59,258 - INFO - 127.0.0.1 - - [12/Jun/2025 17:16:59] "GET /metrics HTTP/1.1" 200 -
2025-06-12 17:17:15,593 - INFO - 127.0.0.1 - - [12/Jun/2025 17:17:15] "GET /metrics HTTP/1.1" 200 -
2025-06-12 17:17:31,956 - INFO - 127.0.0.1 - - [12/Jun/2025 17:17:31] "GET /metrics HTTP/1.1" 200 -
2025-06-12 17:17:48,325 - INFO - 127.0.0.1 - - [12/Jun/2025 17:17:48] "GET /metrics HTTP/1.1" 200 -
2025-06-12 17:18:04,692 - INFO - 127.0.0.1 - - [12/Jun/2025 17:18:04] "GET /metrics HTTP/1.1" 200 -
2025-06-12 17:18:21,045 - INFO - 127.0.0.1 - - [12/Jun/2025 17:18:21] "GET /metrics HTTP/1.1" 200 -
2025-06-12 17:18:37,408 - INFO - 127.0.0.1 - - [12/Jun/2025 17:18:37] "GET /metrics HTTP/1.1" 200 -
2025-06-12 17:18:53,785 - INFO - 127.0.0.1 - - [12/Jun/2025 17:18:53] "GET /metrics HTTP/1.1" 200 -
2025-06-12 17:19:10,161 - INFO - 127.0.0.1 - - [12/Jun/2025 17:19:10] "GET /metrics HTTP/1.1" 200 -
2025-06-12 17:21:29,345 - INFO - Model Training initialized...
2025-06-12 17:21:29,346 - INFO - Starting Model Training Pipleine....
2025-06-12 17:21:29,451 - INFO - Extracting data from Redis
2025-06-12 17:21:36,023 - INFO - Extracting data from Redis
2025-06-12 17:21:37,582 - INFO - Index(['TotalCharges', 'Month-to-month', 'One year', 'Two year',
       'PhoneService', 'tenure', 'Churn'],
      dtype='object')
2025-06-12 17:21:37,596 - INFO - Index(['TotalCharges', 'Month-to-month', 'One year', 'Two year',
       'PhoneService', 'tenure'],
      dtype='object')
2025-06-12 17:21:37,597 - INFO - Preparation for Model Training completed
2025-06-12 17:22:16,619 - INFO - Best paramters : {'n_estimators': 300, 'min_samples_split': 2, 'min_samples_leaf': 2, 'max_depth': 10}
2025-06-12 17:22:16,736 - INFO - Accuracy is 0.7857777777777778
2025-06-12 17:22:16,805 - INFO - Model saved at artifacts/models/random_forest_model.pkl
2025-06-12 17:22:16,807 - INFO - End of Model Training pipeline...
2025-06-12 17:24:59,644 - INFO - Model loaded successfully from artifacts/models/random_forest_model.pkl
2025-06-12 17:24:59,710 - ERROR - Failed to load reference data for drift detection: 'Month-to-month'
Traceback (most recent call last):
  File "C:\Users\eaditb\Documents\EB_MLOPS_MID_PROJECT_1\venv\Lib\site-packages\pandas\core\indexes\base.py", line 3812, in get_loc
    return self._engine.get_loc(casted_key)
           ~~~~~~~~~~~~~~~~~~~~^^^^^^^^^^^^
  File "pandas/_libs/index.pyx", line 167, in pandas._libs.index.IndexEngine.get_loc
  File "pandas/_libs/index.pyx", line 196, in pandas._libs.index.IndexEngine.get_loc
  File "pandas/_libs/hashtable_class_helper.pxi", line 7088, in pandas._libs.hashtable.PyObjectHashTable.get_item
  File "pandas/_libs/hashtable_class_helper.pxi", line 7096, in pandas._libs.hashtable.PyObjectHashTable.get_item
KeyError: 'Month-to-month'

The above exception was the direct cause of the following exception:

Traceback (most recent call last):
  File "C:\Users\eaditb\Documents\EB_MLOPS_MID_PROJECT_1\Monitoring\data_drift.py", line 57, in <module>
    reference_data_df['Month-to-month'] = reference_data_df['Month-to-month'].map({'Yes': 1, 'No': 0})
                                          ~~~~~~~~~~~~~~~~~^^^^^^^^^^^^^^^^^^
  File "C:\Users\eaditb\Documents\EB_MLOPS_MID_PROJECT_1\venv\Lib\site-packages\pandas\core\frame.py", line 4107, in __getitem__
    indexer = self.columns.get_loc(key)
  File "C:\Users\eaditb\Documents\EB_MLOPS_MID_PROJECT_1\venv\Lib\site-packages\pandas\core\indexes\base.py", line 3819, in get_loc
    raise KeyError(key) from err
KeyError: 'Month-to-month'
2025-06-12 17:25:04,440 - INFO - [31m[1mWARNING: This is a development server. Do not use it in a production deployment. Use a production WSGI server instead.[0m
 * Running on all addresses (0.0.0.0)
 * Running on http://127.0.0.1:5000
 * Running on http://192.168.1.111:5000
2025-06-12 17:25:04,440 - INFO - [33mPress CTRL+C to quit[0m
2025-06-12 17:25:04,442 - INFO -  * Restarting with stat
2025-06-12 17:25:07,295 - INFO - Model loaded successfully from artifacts/models/random_forest_model.pkl
2025-06-12 17:25:07,325 - ERROR - Failed to load reference data for drift detection: 'Month-to-month'
Traceback (most recent call last):
  File "C:\Users\eaditb\Documents\EB_MLOPS_MID_PROJECT_1\venv\Lib\site-packages\pandas\core\indexes\base.py", line 3812, in get_loc
    return self._engine.get_loc(casted_key)
           ~~~~~~~~~~~~~~~~~~~~^^^^^^^^^^^^
  File "pandas/_libs/index.pyx", line 167, in pandas._libs.index.IndexEngine.get_loc
  File "pandas/_libs/index.pyx", line 196, in pandas._libs.index.IndexEngine.get_loc
  File "pandas/_libs/hashtable_class_helper.pxi", line 7088, in pandas._libs.hashtable.PyObjectHashTable.get_item
  File "pandas/_libs/hashtable_class_helper.pxi", line 7096, in pandas._libs.hashtable.PyObjectHashTable.get_item
KeyError: 'Month-to-month'

The above exception was the direct cause of the following exception:

Traceback (most recent call last):
  File "C:\Users\eaditb\Documents\EB_MLOPS_MID_PROJECT_1\Monitoring\data_drift.py", line 57, in <module>
    reference_data_df['Month-to-month'] = reference_data_df['Month-to-month'].map({'Yes': 1, 'No': 0})
                                          ~~~~~~~~~~~~~~~~~^^^^^^^^^^^^^^^^^^
  File "C:\Users\eaditb\Documents\EB_MLOPS_MID_PROJECT_1\venv\Lib\site-packages\pandas\core\frame.py", line 4107, in __getitem__
    indexer = self.columns.get_loc(key)
  File "C:\Users\eaditb\Documents\EB_MLOPS_MID_PROJECT_1\venv\Lib\site-packages\pandas\core\indexes\base.py", line 3819, in get_loc
    raise KeyError(key) from err
KeyError: 'Month-to-month'
2025-06-12 17:25:07,351 - WARNING -  * Debugger is active!
2025-06-12 17:25:07,356 - INFO -  * Debugger PIN: 810-442-478
2025-06-12 17:25:19,063 - INFO - 127.0.0.1 - - [12/Jun/2025 17:25:19] "GET /metrics HTTP/1.1" 200 -
2025-06-12 17:25:34,083 - INFO - 127.0.0.1 - - [12/Jun/2025 17:25:34] "GET /metrics HTTP/1.1" 200 -
2025-06-12 17:25:50,310 - INFO - 127.0.0.1 - - [12/Jun/2025 17:25:50] "GET /metrics HTTP/1.1" 200 -
2025-06-12 17:26:06,683 - INFO - 127.0.0.1 - - [12/Jun/2025 17:26:06] "GET /metrics HTTP/1.1" 200 -
2025-06-12 17:26:23,054 - INFO - 127.0.0.1 - - [12/Jun/2025 17:26:23] "GET /metrics HTTP/1.1" 200 -
2025-06-12 17:26:39,391 - INFO - 127.0.0.1 - - [12/Jun/2025 17:26:39] "GET /metrics HTTP/1.1" 200 -
2025-06-12 17:26:55,758 - INFO - 127.0.0.1 - - [12/Jun/2025 17:26:55] "GET /metrics HTTP/1.1" 200 -
2025-06-12 17:27:12,125 - INFO - 127.0.0.1 - - [12/Jun/2025 17:27:12] "GET /metrics HTTP/1.1" 200 -
2025-06-12 17:27:27,945 - INFO - 127.0.0.1 - - [12/Jun/2025 17:27:27] "GET /metrics HTTP/1.1" 200 -
2025-06-12 17:27:42,973 - INFO - 127.0.0.1 - - [12/Jun/2025 17:27:42] "GET /metrics HTTP/1.1" 200 -
2025-06-12 17:27:59,136 - INFO - 127.0.0.1 - - [12/Jun/2025 17:27:59] "GET /metrics HTTP/1.1" 200 -
2025-06-12 17:28:15,526 - INFO - 127.0.0.1 - - [12/Jun/2025 17:28:15] "GET /metrics HTTP/1.1" 200 -
2025-06-12 17:28:31,864 - INFO - 127.0.0.1 - - [12/Jun/2025 17:28:31] "GET /metrics HTTP/1.1" 200 -
2025-06-12 17:28:48,326 - INFO - 127.0.0.1 - - [12/Jun/2025 17:28:48] "GET /metrics HTTP/1.1" 200 -
2025-06-12 17:28:56,143 - INFO - 127.0.0.1 - - [12/Jun/2025 17:28:56] "GET / HTTP/1.1" 200 -
2025-06-12 17:28:56,548 - INFO - 127.0.0.1 - - [12/Jun/2025 17:28:56] "[36mGET /static/style.css HTTP/1.1[0m" 304 -
2025-06-12 17:29:04,704 - INFO - 127.0.0.1 - - [12/Jun/2025 17:29:04] "GET /metrics HTTP/1.1" 200 -
2025-06-12 17:29:20,955 - INFO - 127.0.0.1 - - [12/Jun/2025 17:29:20] "GET /metrics HTTP/1.1" 200 -
2025-06-12 17:29:37,344 - INFO - 127.0.0.1 - - [12/Jun/2025 17:29:37] "GET /metrics HTTP/1.1" 200 -
2025-06-12 17:29:40,071 - INFO - 127.0.0.1 - - [12/Jun/2025 17:29:40] "GET /metrics HTTP/1.1" 200 -
2025-06-12 18:53:56,548 - INFO - Model loaded successfully from artifacts/models/random_forest_model.pkl
2025-06-12 18:53:56,653 - ERROR - Failed to load reference data for drift detection: 'Month-to-month'
Traceback (most recent call last):
  File "C:\Users\eaditb\Documents\EB_MLOPS_MID_PROJECT_1\venv\Lib\site-packages\pandas\core\indexes\base.py", line 3812, in get_loc
    return self._engine.get_loc(casted_key)
           ~~~~~~~~~~~~~~~~~~~~^^^^^^^^^^^^
  File "pandas/_libs/index.pyx", line 167, in pandas._libs.index.IndexEngine.get_loc
  File "pandas/_libs/index.pyx", line 196, in pandas._libs.index.IndexEngine.get_loc
  File "pandas/_libs/hashtable_class_helper.pxi", line 7088, in pandas._libs.hashtable.PyObjectHashTable.get_item
  File "pandas/_libs/hashtable_class_helper.pxi", line 7096, in pandas._libs.hashtable.PyObjectHashTable.get_item
KeyError: 'Month-to-month'

The above exception was the direct cause of the following exception:

Traceback (most recent call last):
  File "C:\Users\eaditb\Documents\EB_MLOPS_MID_PROJECT_1\monitoring\data_drift.py", line 57, in <module>
    reference_data_df['Month-to-month'] = reference_data_df['Month-to-month'].map({'Yes': 1, 'No': 0})
                                          ~~~~~~~~~~~~~~~~~^^^^^^^^^^^^^^^^^^
  File "C:\Users\eaditb\Documents\EB_MLOPS_MID_PROJECT_1\venv\Lib\site-packages\pandas\core\frame.py", line 4107, in __getitem__
    indexer = self.columns.get_loc(key)
  File "C:\Users\eaditb\Documents\EB_MLOPS_MID_PROJECT_1\venv\Lib\site-packages\pandas\core\indexes\base.py", line 3819, in get_loc
    raise KeyError(key) from err
KeyError: 'Month-to-month'
2025-06-12 18:54:01,662 - INFO - [31m[1mWARNING: This is a development server. Do not use it in a production deployment. Use a production WSGI server instead.[0m
 * Running on all addresses (0.0.0.0)
 * Running on http://127.0.0.1:5000
 * Running on http://192.168.1.111:5000
2025-06-12 18:54:01,663 - INFO - [33mPress CTRL+C to quit[0m
2025-06-12 18:54:01,667 - INFO -  * Restarting with stat
2025-06-12 18:54:06,608 - INFO - Model loaded successfully from artifacts/models/random_forest_model.pkl
2025-06-12 18:54:06,705 - ERROR - Failed to load reference data for drift detection: 'Month-to-month'
Traceback (most recent call last):
  File "C:\Users\eaditb\Documents\EB_MLOPS_MID_PROJECT_1\venv\Lib\site-packages\pandas\core\indexes\base.py", line 3812, in get_loc
    return self._engine.get_loc(casted_key)
           ~~~~~~~~~~~~~~~~~~~~^^^^^^^^^^^^
  File "pandas/_libs/index.pyx", line 167, in pandas._libs.index.IndexEngine.get_loc
  File "pandas/_libs/index.pyx", line 196, in pandas._libs.index.IndexEngine.get_loc
  File "pandas/_libs/hashtable_class_helper.pxi", line 7088, in pandas._libs.hashtable.PyObjectHashTable.get_item
  File "pandas/_libs/hashtable_class_helper.pxi", line 7096, in pandas._libs.hashtable.PyObjectHashTable.get_item
KeyError: 'Month-to-month'

The above exception was the direct cause of the following exception:

Traceback (most recent call last):
  File "C:\Users\eaditb\Documents\EB_MLOPS_MID_PROJECT_1\monitoring\data_drift.py", line 57, in <module>
    reference_data_df['Month-to-month'] = reference_data_df['Month-to-month'].map({'Yes': 1, 'No': 0})
                                          ~~~~~~~~~~~~~~~~~^^^^^^^^^^^^^^^^^^
  File "C:\Users\eaditb\Documents\EB_MLOPS_MID_PROJECT_1\venv\Lib\site-packages\pandas\core\frame.py", line 4107, in __getitem__
    indexer = self.columns.get_loc(key)
  File "C:\Users\eaditb\Documents\EB_MLOPS_MID_PROJECT_1\venv\Lib\site-packages\pandas\core\indexes\base.py", line 3819, in get_loc
    raise KeyError(key) from err
KeyError: 'Month-to-month'
2025-06-12 18:54:06,789 - WARNING -  * Debugger is active!
2025-06-12 18:54:06,803 - INFO -  * Debugger PIN: 810-442-478
2025-06-12 18:54:09,257 - INFO - 127.0.0.1 - - [12/Jun/2025 18:54:09] "GET /metrics HTTP/1.1" 200 -
2025-06-12 18:54:25,612 - INFO - 127.0.0.1 - - [12/Jun/2025 18:54:25] "GET /metrics HTTP/1.1" 200 -
2025-06-12 18:54:41,962 - INFO - 127.0.0.1 - - [12/Jun/2025 18:54:41] "GET /metrics HTTP/1.1" 200 -
2025-06-12 18:54:58,340 - INFO - 127.0.0.1 - - [12/Jun/2025 18:54:58] "GET /metrics HTTP/1.1" 200 -
2025-06-12 18:55:14,691 - INFO - 127.0.0.1 - - [12/Jun/2025 18:55:14] "GET /metrics HTTP/1.1" 200 -
2025-06-12 18:55:30,176 - INFO - 127.0.0.1 - - [12/Jun/2025 18:55:30] "GET /metrics HTTP/1.1" 200 -
2025-06-12 18:55:45,391 - INFO - 127.0.0.1 - - [12/Jun/2025 18:55:45] "GET /metrics HTTP/1.1" 200 -
2025-06-12 18:56:01,783 - INFO - 127.0.0.1 - - [12/Jun/2025 18:56:01] "GET /metrics HTTP/1.1" 200 -
2025-06-12 18:56:19,131 - INFO - 127.0.0.1 - - [12/Jun/2025 18:56:19] "GET /metrics HTTP/1.1" 200 -
2025-06-12 18:56:34,486 - INFO - 127.0.0.1 - - [12/Jun/2025 18:56:34] "GET /metrics HTTP/1.1" 200 -
2025-06-12 18:56:50,846 - INFO - 127.0.0.1 - - [12/Jun/2025 18:56:50] "GET /metrics HTTP/1.1" 200 -
2025-06-12 18:56:54,544 - INFO - 192.168.1.111 - - [12/Jun/2025 18:56:54] "GET / HTTP/1.1" 200 -
2025-06-12 18:56:54,849 - INFO - 192.168.1.111 - - [12/Jun/2025 18:56:54] "GET /static/style.css HTTP/1.1" 200 -
2025-06-12 18:57:06,327 - INFO - 127.0.0.1 - - [12/Jun/2025 18:57:06] "GET /metrics HTTP/1.1" 200 -
2025-06-12 18:57:21,707 - INFO - 127.0.0.1 - - [12/Jun/2025 18:57:21] "GET /metrics HTTP/1.1" 200 -
2025-06-12 18:57:38,058 - INFO - 127.0.0.1 - - [12/Jun/2025 18:57:38] "GET /metrics HTTP/1.1" 200 -
2025-06-12 18:57:54,412 - INFO - 127.0.0.1 - - [12/Jun/2025 18:57:54] "GET /metrics HTTP/1.1" 200 -
2025-06-12 18:58:10,800 - INFO - 127.0.0.1 - - [12/Jun/2025 18:58:10] "GET /metrics HTTP/1.1" 200 -
2025-06-12 18:58:14,050 - INFO - 127.0.0.1 - - [12/Jun/2025 18:58:14] "GET / HTTP/1.1" 200 -
2025-06-12 18:58:14,534 - INFO - 127.0.0.1 - - [12/Jun/2025 18:58:14] "GET /static/style.css HTTP/1.1" 200 -
2025-06-12 18:58:18,479 - INFO - 127.0.0.1 - - [12/Jun/2025 18:58:18] "GET /metrics HTTP/1.1" 200 -
2025-06-12 18:58:27,157 - INFO - 127.0.0.1 - - [12/Jun/2025 18:58:27] "GET /metrics HTTP/1.1" 200 -
2025-06-12 18:58:35,747 - WARNING - Reference data not available. Skipping data drift detection.
2025-06-12 18:58:36,173 - INFO - 192.168.1.111 - - [12/Jun/2025 18:58:36] "POST / HTTP/1.1" 200 -
2025-06-12 18:58:36,269 - INFO - 192.168.1.111 - - [12/Jun/2025 18:58:36] "[36mGET /static/style.css HTTP/1.1[0m" 304 -
2025-06-12 18:58:42,650 - INFO - 127.0.0.1 - - [12/Jun/2025 18:58:42] "GET /metrics HTTP/1.1" 200 -
2025-06-12 18:58:50,269 - INFO - 127.0.0.1 - - [12/Jun/2025 18:58:50] "GET /metrics HTTP/1.1" 200 -
2025-06-12 18:58:58,113 - INFO - 127.0.0.1 - - [12/Jun/2025 18:58:58] "GET /metrics HTTP/1.1" 200 -
2025-06-12 18:59:05,937 - WARNING - Reference data not available. Skipping data drift detection.
2025-06-12 18:59:05,988 - INFO - 192.168.1.111 - - [12/Jun/2025 18:59:05] "POST / HTTP/1.1" 200 -
2025-06-12 18:59:06,042 - INFO - 192.168.1.111 - - [12/Jun/2025 18:59:06] "[36mGET /static/style.css HTTP/1.1[0m" 304 -
2025-06-12 18:59:10,683 - INFO - 127.0.0.1 - - [12/Jun/2025 18:59:10] "GET /metrics HTTP/1.1" 200 -
2025-06-12 18:59:14,501 - INFO - 127.0.0.1 - - [12/Jun/2025 18:59:14] "GET /metrics HTTP/1.1" 200 -
2025-06-12 18:59:30,856 - INFO - 127.0.0.1 - - [12/Jun/2025 18:59:30] "GET /metrics HTTP/1.1" 200 -
2025-06-12 18:59:46,335 - INFO - 127.0.0.1 - - [12/Jun/2025 18:59:46] "GET /metrics HTTP/1.1" 200 -
2025-06-12 19:00:01,328 - INFO - 127.0.0.1 - - [12/Jun/2025 19:00:01] "GET /metrics HTTP/1.1" 200 -
2025-06-12 19:00:17,035 - INFO - 127.0.0.1 - - [12/Jun/2025 19:00:17] "GET /metrics HTTP/1.1" 200 -
2025-06-12 19:00:33,428 - INFO - 127.0.0.1 - - [12/Jun/2025 19:00:33] "GET /metrics HTTP/1.1" 200 -
2025-06-12 19:00:49,022 - INFO - 127.0.0.1 - - [12/Jun/2025 19:00:49] "GET /metrics HTTP/1.1" 200 -
2025-06-12 19:01:04,350 - INFO - 127.0.0.1 - - [12/Jun/2025 19:01:04] "GET /metrics HTTP/1.1" 200 -
2025-06-12 19:01:20,089 - INFO - 127.0.0.1 - - [12/Jun/2025 19:01:20] "GET /metrics HTTP/1.1" 200 -
2025-06-12 19:01:35,115 - INFO - 127.0.0.1 - - [12/Jun/2025 19:01:35] "GET /metrics HTTP/1.1" 200 -
2025-06-12 19:01:49,999 - INFO - 127.0.0.1 - - [12/Jun/2025 19:01:49] "GET /metrics HTTP/1.1" 200 -
2025-06-12 19:02:05,281 - INFO - 127.0.0.1 - - [12/Jun/2025 19:02:05] "GET /metrics HTTP/1.1" 200 -
2025-06-12 19:02:21,682 - INFO - 127.0.0.1 - - [12/Jun/2025 19:02:21] "GET /metrics HTTP/1.1" 200 -
2025-06-12 19:02:38,043 - INFO - 127.0.0.1 - - [12/Jun/2025 19:02:38] "GET /metrics HTTP/1.1" 200 -
2025-06-12 19:02:53,518 - INFO - 127.0.0.1 - - [12/Jun/2025 19:02:53] "GET /metrics HTTP/1.1" 200 -
2025-06-12 19:03:09,126 - INFO - 127.0.0.1 - - [12/Jun/2025 19:03:09] "GET /metrics HTTP/1.1" 200 -
2025-06-12 19:03:25,998 - INFO - 127.0.0.1 - - [12/Jun/2025 19:03:25] "GET /metrics HTTP/1.1" 200 -
2025-06-12 19:03:41,884 - INFO - 127.0.0.1 - - [12/Jun/2025 19:03:41] "GET /metrics HTTP/1.1" 200 -
2025-06-12 19:03:57,530 - INFO - 127.0.0.1 - - [12/Jun/2025 19:03:57] "GET /metrics HTTP/1.1" 200 -
2025-06-12 19:04:12,981 - INFO - 127.0.0.1 - - [12/Jun/2025 19:04:12] "GET /metrics HTTP/1.1" 200 -
2025-06-12 19:04:28,904 - INFO - 127.0.0.1 - - [12/Jun/2025 19:04:28] "GET /metrics HTTP/1.1" 200 -
2025-06-12 19:04:45,262 - INFO - 127.0.0.1 - - [12/Jun/2025 19:04:45] "GET /metrics HTTP/1.1" 200 -
2025-06-12 19:05:00,802 - INFO - 127.0.0.1 - - [12/Jun/2025 19:05:00] "GET /metrics HTTP/1.1" 200 -
2025-06-12 19:05:16,279 - INFO - 127.0.0.1 - - [12/Jun/2025 19:05:16] "GET /metrics HTTP/1.1" 200 -
2025-06-12 19:05:31,964 - INFO - 127.0.0.1 - - [12/Jun/2025 19:05:31] "GET /metrics HTTP/1.1" 200 -
2025-06-12 19:05:46,968 - INFO - 127.0.0.1 - - [12/Jun/2025 19:05:46] "GET /metrics HTTP/1.1" 200 -
2025-06-12 19:06:01,950 - INFO - 127.0.0.1 - - [12/Jun/2025 19:06:01] "GET /metrics HTTP/1.1" 200 -
2025-06-12 19:06:17,199 - INFO - 127.0.0.1 - - [12/Jun/2025 19:06:17] "GET /metrics HTTP/1.1" 200 -
2025-06-12 19:06:32,175 - INFO - 127.0.0.1 - - [12/Jun/2025 19:06:32] "GET /metrics HTTP/1.1" 200 -
2025-06-12 19:06:48,194 - INFO - 127.0.0.1 - - [12/Jun/2025 19:06:48] "GET /metrics HTTP/1.1" 200 -
2025-06-12 19:07:03,895 - INFO - 127.0.0.1 - - [12/Jun/2025 19:07:03] "GET /metrics HTTP/1.1" 200 -
2025-06-12 19:07:18,901 - INFO - 127.0.0.1 - - [12/Jun/2025 19:07:18] "GET /metrics HTTP/1.1" 200 -
2025-06-12 19:07:34,435 - INFO - 127.0.0.1 - - [12/Jun/2025 19:07:34] "GET /metrics HTTP/1.1" 200 -
2025-06-12 19:07:50,796 - INFO - 127.0.0.1 - - [12/Jun/2025 19:07:50] "GET /metrics HTTP/1.1" 200 -
2025-06-12 19:08:07,136 - INFO - 127.0.0.1 - - [12/Jun/2025 19:08:07] "GET /metrics HTTP/1.1" 200 -
2025-06-12 19:08:23,711 - INFO - 127.0.0.1 - - [12/Jun/2025 19:08:23] "GET /metrics HTTP/1.1" 200 -
2025-06-12 19:08:39,864 - INFO - 127.0.0.1 - - [12/Jun/2025 19:08:39] "GET /metrics HTTP/1.1" 200 -
2025-06-12 19:08:56,240 - INFO - 127.0.0.1 - - [12/Jun/2025 19:08:56] "GET /metrics HTTP/1.1" 200 -
2025-06-12 19:09:12,608 - INFO - 127.0.0.1 - - [12/Jun/2025 19:09:12] "GET /metrics HTTP/1.1" 200 -
2025-06-12 19:09:29,008 - INFO - 127.0.0.1 - - [12/Jun/2025 19:09:29] "GET /metrics HTTP/1.1" 200 -
2025-06-12 19:09:44,482 - INFO - 127.0.0.1 - - [12/Jun/2025 19:09:44] "GET /metrics HTTP/1.1" 200 -
2025-06-12 19:09:59,859 - INFO - 127.0.0.1 - - [12/Jun/2025 19:09:59] "GET /metrics HTTP/1.1" 200 -
2025-06-12 19:10:16,219 - INFO - 127.0.0.1 - - [12/Jun/2025 19:10:16] "GET /metrics HTTP/1.1" 200 -
2025-06-12 19:10:32,582 - INFO - 127.0.0.1 - - [12/Jun/2025 19:10:32] "GET /metrics HTTP/1.1" 200 -
2025-06-12 19:10:48,970 - INFO - 127.0.0.1 - - [12/Jun/2025 19:10:48] "GET /metrics HTTP/1.1" 200 -
2025-06-12 19:11:05,325 - INFO - 127.0.0.1 - - [12/Jun/2025 19:11:05] "GET /metrics HTTP/1.1" 200 -
2025-06-12 19:11:20,844 - INFO - 127.0.0.1 - - [12/Jun/2025 19:11:20] "GET /metrics HTTP/1.1" 200 -
2025-06-12 19:11:36,359 - INFO - 127.0.0.1 - - [12/Jun/2025 19:11:36] "GET /metrics HTTP/1.1" 200 -
2025-06-12 19:11:52,716 - INFO - 127.0.0.1 - - [12/Jun/2025 19:11:52] "GET /metrics HTTP/1.1" 200 -
2025-06-12 19:12:09,076 - INFO - 127.0.0.1 - - [12/Jun/2025 19:12:09] "GET /metrics HTTP/1.1" 200 -
2025-06-12 19:12:25,469 - INFO - 127.0.0.1 - - [12/Jun/2025 19:12:25] "GET /metrics HTTP/1.1" 200 -
2025-06-12 19:12:41,813 - INFO - 127.0.0.1 - - [12/Jun/2025 19:12:41] "GET /metrics HTTP/1.1" 200 -
2025-06-12 19:12:58,172 - INFO - 127.0.0.1 - - [12/Jun/2025 19:12:58] "GET /metrics HTTP/1.1" 200 -
2025-06-12 19:13:14,544 - INFO - 127.0.0.1 - - [12/Jun/2025 19:13:14] "GET /metrics HTTP/1.1" 200 -
2025-06-12 19:13:30,074 - INFO - 127.0.0.1 - - [12/Jun/2025 19:13:30] "GET /metrics HTTP/1.1" 200 -
2025-06-12 19:13:45,535 - INFO - 127.0.0.1 - - [12/Jun/2025 19:13:45] "GET /metrics HTTP/1.1" 200 -
2025-06-12 19:14:01,897 - INFO - 127.0.0.1 - - [12/Jun/2025 19:14:01] "GET /metrics HTTP/1.1" 200 -
2025-06-12 19:14:18,275 - INFO - 127.0.0.1 - - [12/Jun/2025 19:14:18] "GET /metrics HTTP/1.1" 200 -
2025-06-12 19:14:34,622 - INFO - 127.0.0.1 - - [12/Jun/2025 19:14:34] "GET /metrics HTTP/1.1" 200 -
2025-06-12 19:14:50,982 - INFO - 127.0.0.1 - - [12/Jun/2025 19:14:50] "GET /metrics HTTP/1.1" 200 -
2025-06-12 19:15:07,345 - INFO - 127.0.0.1 - - [12/Jun/2025 19:15:07] "GET /metrics HTTP/1.1" 200 -
2025-06-12 19:15:23,710 - INFO - 127.0.0.1 - - [12/Jun/2025 19:15:23] "GET /metrics HTTP/1.1" 200 -
2025-06-12 19:15:39,362 - INFO - 127.0.0.1 - - [12/Jun/2025 19:15:39] "GET /metrics HTTP/1.1" 200 -
2025-06-12 19:15:54,663 - INFO - 127.0.0.1 - - [12/Jun/2025 19:15:54] "GET /metrics HTTP/1.1" 200 -
2025-06-12 19:16:11,021 - INFO - 127.0.0.1 - - [12/Jun/2025 19:16:11] "GET /metrics HTTP/1.1" 200 -
2025-06-12 19:16:27,391 - INFO - 127.0.0.1 - - [12/Jun/2025 19:16:27] "GET /metrics HTTP/1.1" 200 -
2025-06-12 19:16:43,749 - INFO - 127.0.0.1 - - [12/Jun/2025 19:16:43] "GET /metrics HTTP/1.1" 200 -
2025-06-12 19:17:00,114 - INFO - 127.0.0.1 - - [12/Jun/2025 19:17:00] "GET /metrics HTTP/1.1" 200 -
2025-06-12 19:17:15,651 - INFO - 127.0.0.1 - - [12/Jun/2025 19:17:15] "GET /metrics HTTP/1.1" 200 -
2025-06-12 19:17:31,208 - INFO - 127.0.0.1 - - [12/Jun/2025 19:17:31] "GET /metrics HTTP/1.1" 200 -
2025-06-12 19:17:47,594 - INFO - 127.0.0.1 - - [12/Jun/2025 19:17:47] "GET /metrics HTTP/1.1" 200 -
2025-06-12 19:18:03,929 - INFO - 127.0.0.1 - - [12/Jun/2025 19:18:03] "GET /metrics HTTP/1.1" 200 -
2025-06-12 19:18:20,297 - INFO - 127.0.0.1 - - [12/Jun/2025 19:18:20] "GET /metrics HTTP/1.1" 200 -
2025-06-12 19:18:36,699 - INFO - 127.0.0.1 - - [12/Jun/2025 19:18:36] "GET /metrics HTTP/1.1" 200 -
2025-06-12 19:18:53,050 - INFO - 127.0.0.1 - - [12/Jun/2025 19:18:53] "GET /metrics HTTP/1.1" 200 -
2025-06-12 19:19:09,396 - INFO - 127.0.0.1 - - [12/Jun/2025 19:19:09] "GET /metrics HTTP/1.1" 200 -
2025-06-12 19:19:24,984 - INFO - 127.0.0.1 - - [12/Jun/2025 19:19:24] "GET /metrics HTTP/1.1" 200 -
2025-06-12 19:19:40,419 - INFO - 127.0.0.1 - - [12/Jun/2025 19:19:40] "GET /metrics HTTP/1.1" 200 -
2025-06-12 19:19:56,777 - INFO - 127.0.0.1 - - [12/Jun/2025 19:19:56] "GET /metrics HTTP/1.1" 200 -
2025-06-12 19:20:13,140 - INFO - 127.0.0.1 - - [12/Jun/2025 19:20:13] "GET /metrics HTTP/1.1" 200 -
2025-06-12 19:20:29,514 - INFO - 127.0.0.1 - - [12/Jun/2025 19:20:29] "GET /metrics HTTP/1.1" 200 -
2025-06-12 19:20:45,871 - INFO - 127.0.0.1 - - [12/Jun/2025 19:20:45] "GET /metrics HTTP/1.1" 200 -
2025-06-12 19:21:02,228 - INFO - 127.0.0.1 - - [12/Jun/2025 19:21:02] "GET /metrics HTTP/1.1" 200 -
2025-06-12 19:21:18,592 - INFO - 127.0.0.1 - - [12/Jun/2025 19:21:18] "GET /metrics HTTP/1.1" 200 -
2025-06-12 19:21:34,961 - INFO - 127.0.0.1 - - [12/Jun/2025 19:21:34] "GET /metrics HTTP/1.1" 200 -
2025-06-12 19:21:51,321 - INFO - 127.0.0.1 - - [12/Jun/2025 19:21:51] "GET /metrics HTTP/1.1" 200 -
2025-06-12 19:22:07,681 - INFO - 127.0.0.1 - - [12/Jun/2025 19:22:07] "GET /metrics HTTP/1.1" 200 -
2025-06-12 19:22:24,050 - INFO - 127.0.0.1 - - [12/Jun/2025 19:22:24] "GET /metrics HTTP/1.1" 200 -
2025-06-12 19:22:40,432 - INFO - 127.0.0.1 - - [12/Jun/2025 19:22:40] "GET /metrics HTTP/1.1" 200 -
2025-06-12 19:22:56,788 - INFO - 127.0.0.1 - - [12/Jun/2025 19:22:56] "GET /metrics HTTP/1.1" 200 -
2025-06-12 19:23:12,317 - INFO - 127.0.0.1 - - [12/Jun/2025 19:23:12] "GET /metrics HTTP/1.1" 200 -
2025-06-12 19:23:27,937 - INFO - 127.0.0.1 - - [12/Jun/2025 19:23:27] "GET /metrics HTTP/1.1" 200 -
2025-06-12 19:23:44,313 - INFO - 127.0.0.1 - - [12/Jun/2025 19:23:44] "GET /metrics HTTP/1.1" 200 -
2025-06-12 19:24:00,687 - INFO - 127.0.0.1 - - [12/Jun/2025 19:24:00] "GET /metrics HTTP/1.1" 200 -
2025-06-12 19:24:17,039 - INFO - 127.0.0.1 - - [12/Jun/2025 19:24:17] "GET /metrics HTTP/1.1" 200 -
2025-06-12 19:24:33,386 - INFO - 127.0.0.1 - - [12/Jun/2025 19:24:33] "GET /metrics HTTP/1.1" 200 -
2025-06-12 19:24:49,748 - INFO - 127.0.0.1 - - [12/Jun/2025 19:24:49] "GET /metrics HTTP/1.1" 200 -
2025-06-12 19:25:06,125 - INFO - 127.0.0.1 - - [12/Jun/2025 19:25:06] "GET /metrics HTTP/1.1" 200 -
2025-06-12 19:25:21,681 - INFO - 127.0.0.1 - - [12/Jun/2025 19:25:21] "GET /metrics HTTP/1.1" 200 -
2025-06-12 19:25:37,227 - INFO - 127.0.0.1 - - [12/Jun/2025 19:25:37] "GET /metrics HTTP/1.1" 200 -
2025-06-12 19:25:53,593 - INFO - 127.0.0.1 - - [12/Jun/2025 19:25:53] "GET /metrics HTTP/1.1" 200 -
2025-06-12 19:26:09,951 - INFO - 127.0.0.1 - - [12/Jun/2025 19:26:09] "GET /metrics HTTP/1.1" 200 -
2025-06-12 19:26:26,315 - INFO - 127.0.0.1 - - [12/Jun/2025 19:26:26] "GET /metrics HTTP/1.1" 200 -
2025-06-12 19:26:43,577 - INFO - 127.0.0.1 - - [12/Jun/2025 19:26:43] "GET /metrics HTTP/1.1" 200 -
2025-06-12 19:26:58,224 - INFO - 127.0.0.1 - - [12/Jun/2025 19:26:58] "GET /metrics HTTP/1.1" 200 -
2025-06-12 19:27:13,265 - INFO - 127.0.0.1 - - [12/Jun/2025 19:27:13] "GET /metrics HTTP/1.1" 200 -
2025-06-12 19:27:28,838 - INFO - 127.0.0.1 - - [12/Jun/2025 19:27:28] "GET /metrics HTTP/1.1" 200 -
2025-06-12 19:27:45,196 - INFO - 127.0.0.1 - - [12/Jun/2025 19:27:45] "GET /metrics HTTP/1.1" 200 -
2025-06-12 19:28:01,559 - INFO - 127.0.0.1 - - [12/Jun/2025 19:28:01] "GET /metrics HTTP/1.1" 200 -
2025-06-12 19:28:17,965 - INFO - 127.0.0.1 - - [12/Jun/2025 19:28:17] "GET /metrics HTTP/1.1" 200 -
2025-06-12 19:28:34,290 - INFO - 127.0.0.1 - - [12/Jun/2025 19:28:34] "GET /metrics HTTP/1.1" 200 -
2025-06-12 19:28:50,647 - INFO - 127.0.0.1 - - [12/Jun/2025 19:28:50] "GET /metrics HTTP/1.1" 200 -
2025-06-12 19:29:06,221 - INFO - 127.0.0.1 - - [12/Jun/2025 19:29:06] "GET /metrics HTTP/1.1" 200 -
2025-06-12 19:29:21,852 - INFO - 127.0.0.1 - - [12/Jun/2025 19:29:21] "GET /metrics HTTP/1.1" 200 -
2025-06-12 19:29:38,221 - INFO - 127.0.0.1 - - [12/Jun/2025 19:29:38] "GET /metrics HTTP/1.1" 200 -
2025-06-12 19:29:54,576 - INFO - 127.0.0.1 - - [12/Jun/2025 19:29:54] "GET /metrics HTTP/1.1" 200 -
2025-06-12 19:30:10,127 - INFO - 127.0.0.1 - - [12/Jun/2025 19:30:10] "GET /metrics HTTP/1.1" 200 -
2025-06-12 19:30:25,375 - INFO - 127.0.0.1 - - [12/Jun/2025 19:30:25] "GET /metrics HTTP/1.1" 200 -
2025-06-12 19:30:41,734 - INFO - 127.0.0.1 - - [12/Jun/2025 19:30:41] "GET /metrics HTTP/1.1" 200 -
2025-06-12 19:30:58,110 - INFO - 127.0.0.1 - - [12/Jun/2025 19:30:58] "GET /metrics HTTP/1.1" 200 -
2025-06-12 19:31:14,500 - INFO - 127.0.0.1 - - [12/Jun/2025 19:31:14] "GET /metrics HTTP/1.1" 200 -
2025-06-12 19:31:30,834 - INFO - 127.0.0.1 - - [12/Jun/2025 19:31:30] "GET /metrics HTTP/1.1" 200 -
2025-06-12 19:31:46,377 - INFO - 127.0.0.1 - - [12/Jun/2025 19:31:46] "GET /metrics HTTP/1.1" 200 -
2025-06-12 19:32:01,766 - INFO - 127.0.0.1 - - [12/Jun/2025 19:32:01] "GET /metrics HTTP/1.1" 200 -
2025-06-12 19:32:18,123 - INFO - 127.0.0.1 - - [12/Jun/2025 19:32:18] "GET /metrics HTTP/1.1" 200 -
2025-06-12 19:32:34,483 - INFO - 127.0.0.1 - - [12/Jun/2025 19:32:34] "GET /metrics HTTP/1.1" 200 -
2025-06-12 19:32:50,855 - INFO - 127.0.0.1 - - [12/Jun/2025 19:32:50] "GET /metrics HTTP/1.1" 200 -
2025-06-12 19:33:07,211 - INFO - 127.0.0.1 - - [12/Jun/2025 19:33:07] "GET /metrics HTTP/1.1" 200 -
2025-06-12 19:33:22,755 - INFO - 127.0.0.1 - - [12/Jun/2025 19:33:22] "GET /metrics HTTP/1.1" 200 -
2025-06-12 19:33:38,300 - INFO - 127.0.0.1 - - [12/Jun/2025 19:33:38] "GET /metrics HTTP/1.1" 200 -
2025-06-12 19:33:54,656 - INFO - 127.0.0.1 - - [12/Jun/2025 19:33:54] "GET /metrics HTTP/1.1" 200 -
2025-06-12 19:34:11,003 - INFO - 127.0.0.1 - - [12/Jun/2025 19:34:11] "GET /metrics HTTP/1.1" 200 -
2025-06-12 19:34:27,366 - INFO - 127.0.0.1 - - [12/Jun/2025 19:34:27] "GET /metrics HTTP/1.1" 200 -
2025-06-12 19:34:43,730 - INFO - 127.0.0.1 - - [12/Jun/2025 19:34:43] "GET /metrics HTTP/1.1" 200 -
2025-06-12 19:35:00,093 - INFO - 127.0.0.1 - - [12/Jun/2025 19:35:00] "GET /metrics HTTP/1.1" 200 -
2025-06-12 19:35:16,482 - INFO - 127.0.0.1 - - [12/Jun/2025 19:35:16] "GET /metrics HTTP/1.1" 200 -
2025-06-12 19:35:32,007 - INFO - 127.0.0.1 - - [12/Jun/2025 19:35:32] "GET /metrics HTTP/1.1" 200 -
2025-06-12 19:35:47,474 - INFO - 127.0.0.1 - - [12/Jun/2025 19:35:47] "GET /metrics HTTP/1.1" 200 -
2025-06-12 19:36:03,843 - INFO - 127.0.0.1 - - [12/Jun/2025 19:36:03] "GET /metrics HTTP/1.1" 200 -
2025-06-12 19:36:20,207 - INFO - 127.0.0.1 - - [12/Jun/2025 19:36:20] "GET /metrics HTTP/1.1" 200 -
2025-06-12 19:36:36,570 - INFO - 127.0.0.1 - - [12/Jun/2025 19:36:36] "GET /metrics HTTP/1.1" 200 -
2025-06-12 19:36:52,927 - INFO - 127.0.0.1 - - [12/Jun/2025 19:36:52] "GET /metrics HTTP/1.1" 200 -
2025-06-12 19:37:09,299 - INFO - 127.0.0.1 - - [12/Jun/2025 19:37:09] "GET /metrics HTTP/1.1" 200 -
2025-06-12 19:37:25,658 - INFO - 127.0.0.1 - - [12/Jun/2025 19:37:25] "GET /metrics HTTP/1.1" 200 -
2025-06-12 19:37:41,212 - INFO - 127.0.0.1 - - [12/Jun/2025 19:37:41] "GET /metrics HTTP/1.1" 200 -
2025-06-12 19:37:56,637 - INFO - 127.0.0.1 - - [12/Jun/2025 19:37:56] "GET /metrics HTTP/1.1" 200 -
2025-06-12 19:38:12,994 - INFO - 127.0.0.1 - - [12/Jun/2025 19:38:12] "GET /metrics HTTP/1.1" 200 -
2025-06-12 19:38:29,363 - INFO - 127.0.0.1 - - [12/Jun/2025 19:38:29] "GET /metrics HTTP/1.1" 200 -
2025-06-12 19:38:45,751 - INFO - 127.0.0.1 - - [12/Jun/2025 19:38:45] "GET /metrics HTTP/1.1" 200 -
2025-06-12 19:39:02,083 - INFO - 127.0.0.1 - - [12/Jun/2025 19:39:02] "GET /metrics HTTP/1.1" 200 -
2025-06-12 19:39:18,454 - INFO - 127.0.0.1 - - [12/Jun/2025 19:39:18] "GET /metrics HTTP/1.1" 200 -
2025-06-12 19:39:34,810 - INFO - 127.0.0.1 - - [12/Jun/2025 19:39:34] "GET /metrics HTTP/1.1" 200 -
2025-06-12 19:39:50,389 - INFO - 127.0.0.1 - - [12/Jun/2025 19:39:50] "GET /metrics HTTP/1.1" 200 -
2025-06-12 19:40:05,741 - INFO - 127.0.0.1 - - [12/Jun/2025 19:40:05] "GET /metrics HTTP/1.1" 200 -
2025-06-12 19:40:22,108 - INFO - 127.0.0.1 - - [12/Jun/2025 19:40:22] "GET /metrics HTTP/1.1" 200 -
2025-06-12 19:40:38,482 - INFO - 127.0.0.1 - - [12/Jun/2025 19:40:38] "GET /metrics HTTP/1.1" 200 -
2025-06-12 19:40:54,830 - INFO - 127.0.0.1 - - [12/Jun/2025 19:40:54] "GET /metrics HTTP/1.1" 200 -
2025-06-12 19:41:11,204 - INFO - 127.0.0.1 - - [12/Jun/2025 19:41:11] "GET /metrics HTTP/1.1" 200 -
2025-06-12 19:41:27,586 - INFO - 127.0.0.1 - - [12/Jun/2025 19:41:27] "GET /metrics HTTP/1.1" 200 -
2025-06-12 19:41:43,923 - INFO - 127.0.0.1 - - [12/Jun/2025 19:41:43] "GET /metrics HTTP/1.1" 200 -
2025-06-12 19:41:59,479 - INFO - 127.0.0.1 - - [12/Jun/2025 19:41:59] "GET /metrics HTTP/1.1" 200 -
2025-06-12 19:42:14,820 - INFO - 127.0.0.1 - - [12/Jun/2025 19:42:14] "GET /metrics HTTP/1.1" 200 -
2025-06-12 19:42:31,187 - INFO - 127.0.0.1 - - [12/Jun/2025 19:42:31] "GET /metrics HTTP/1.1" 200 -
2025-06-12 19:42:47,564 - INFO - 127.0.0.1 - - [12/Jun/2025 19:42:47] "GET /metrics HTTP/1.1" 200 -
2025-06-12 19:43:03,894 - INFO - 127.0.0.1 - - [12/Jun/2025 19:43:03] "GET /metrics HTTP/1.1" 200 -
2025-06-12 19:43:20,264 - INFO - 127.0.0.1 - - [12/Jun/2025 19:43:20] "GET /metrics HTTP/1.1" 200 -
2025-06-12 19:43:36,621 - INFO - 127.0.0.1 - - [12/Jun/2025 19:43:36] "GET /metrics HTTP/1.1" 200 -
2025-06-12 19:43:53,020 - INFO - 127.0.0.1 - - [12/Jun/2025 19:43:53] "GET /metrics HTTP/1.1" 200 -
2025-06-12 19:44:08,553 - INFO - 127.0.0.1 - - [12/Jun/2025 19:44:08] "GET /metrics HTTP/1.1" 200 -
2025-06-12 19:44:23,839 - INFO - 127.0.0.1 - - [12/Jun/2025 19:44:23] "GET /metrics HTTP/1.1" 200 -
2025-06-12 19:44:40,191 - INFO - 127.0.0.1 - - [12/Jun/2025 19:44:40] "GET /metrics HTTP/1.1" 200 -
2025-06-12 19:44:56,556 - INFO - 127.0.0.1 - - [12/Jun/2025 19:44:56] "GET /metrics HTTP/1.1" 200 -
2025-06-12 19:45:12,918 - INFO - 127.0.0.1 - - [12/Jun/2025 19:45:12] "GET /metrics HTTP/1.1" 200 -
2025-06-12 19:45:29,304 - INFO - 127.0.0.1 - - [12/Jun/2025 19:45:29] "GET /metrics HTTP/1.1" 200 -
2025-06-12 19:45:44,839 - INFO - 127.0.0.1 - - [12/Jun/2025 19:45:44] "GET /metrics HTTP/1.1" 200 -
2025-06-12 19:46:00,257 - INFO - 127.0.0.1 - - [12/Jun/2025 19:46:00] "GET /metrics HTTP/1.1" 200 -
2025-06-12 19:46:16,624 - INFO - 127.0.0.1 - - [12/Jun/2025 19:46:16] "GET /metrics HTTP/1.1" 200 -
2025-06-12 19:46:32,982 - INFO - 127.0.0.1 - - [12/Jun/2025 19:46:32] "GET /metrics HTTP/1.1" 200 -
2025-06-12 19:46:49,350 - INFO - 127.0.0.1 - - [12/Jun/2025 19:46:49] "GET /metrics HTTP/1.1" 200 -
2025-06-12 19:47:05,742 - INFO - 127.0.0.1 - - [12/Jun/2025 19:47:05] "GET /metrics HTTP/1.1" 200 -
2025-06-12 19:47:22,083 - INFO - 127.0.0.1 - - [12/Jun/2025 19:47:22] "GET /metrics HTTP/1.1" 200 -
2025-06-12 19:47:38,473 - INFO - 127.0.0.1 - - [12/Jun/2025 19:47:38] "GET /metrics HTTP/1.1" 200 -
2025-06-12 19:47:53,997 - INFO - 127.0.0.1 - - [12/Jun/2025 19:47:53] "GET /metrics HTTP/1.1" 200 -
2025-06-12 19:48:09,371 - INFO - 127.0.0.1 - - [12/Jun/2025 19:48:09] "GET /metrics HTTP/1.1" 200 -
2025-06-12 19:48:25,728 - INFO - 127.0.0.1 - - [12/Jun/2025 19:48:25] "GET /metrics HTTP/1.1" 200 -
2025-06-12 19:48:42,101 - INFO - 127.0.0.1 - - [12/Jun/2025 19:48:42] "GET /metrics HTTP/1.1" 200 -
2025-06-12 19:48:58,455 - INFO - 127.0.0.1 - - [12/Jun/2025 19:48:58] "GET /metrics HTTP/1.1" 200 -
2025-06-12 19:49:14,857 - INFO - 127.0.0.1 - - [12/Jun/2025 19:49:14] "GET /metrics HTTP/1.1" 200 -
2025-06-12 19:49:31,184 - INFO - 127.0.0.1 - - [12/Jun/2025 19:49:31] "GET /metrics HTTP/1.1" 200 -
2025-06-12 19:49:47,571 - INFO - 127.0.0.1 - - [12/Jun/2025 19:49:47] "GET /metrics HTTP/1.1" 200 -
2025-06-12 19:50:03,114 - INFO - 127.0.0.1 - - [12/Jun/2025 19:50:03] "GET /metrics HTTP/1.1" 200 -
2025-06-12 19:50:18,464 - INFO - 127.0.0.1 - - [12/Jun/2025 19:50:18] "GET /metrics HTTP/1.1" 200 -
2025-06-12 19:50:34,792 - INFO - 127.0.0.1 - - [12/Jun/2025 19:50:34] "GET /metrics HTTP/1.1" 200 -
2025-06-12 19:50:51,154 - INFO - 127.0.0.1 - - [12/Jun/2025 19:50:51] "GET /metrics HTTP/1.1" 200 -
2025-06-12 19:51:07,518 - INFO - 127.0.0.1 - - [12/Jun/2025 19:51:07] "GET /metrics HTTP/1.1" 200 -
2025-06-12 19:51:23,894 - INFO - 127.0.0.1 - - [12/Jun/2025 19:51:23] "GET /metrics HTTP/1.1" 200 -
2025-06-12 19:51:39,444 - INFO - 127.0.0.1 - - [12/Jun/2025 19:51:39] "GET /metrics HTTP/1.1" 200 -
2025-06-12 19:51:54,933 - INFO - 127.0.0.1 - - [12/Jun/2025 19:51:54] "GET /metrics HTTP/1.1" 200 -
2025-06-12 19:52:11,270 - INFO - 127.0.0.1 - - [12/Jun/2025 19:52:11] "GET /metrics HTTP/1.1" 200 -
2025-06-12 19:52:27,658 - INFO - 127.0.0.1 - - [12/Jun/2025 19:52:27] "GET /metrics HTTP/1.1" 200 -
2025-06-12 19:52:43,994 - INFO - 127.0.0.1 - - [12/Jun/2025 19:52:43] "GET /metrics HTTP/1.1" 200 -
2025-06-12 19:53:00,356 - INFO - 127.0.0.1 - - [12/Jun/2025 19:53:00] "GET /metrics HTTP/1.1" 200 -
2025-06-12 19:53:16,725 - INFO - 127.0.0.1 - - [12/Jun/2025 19:53:16] "GET /metrics HTTP/1.1" 200 -
2025-06-12 19:53:33,081 - INFO - 127.0.0.1 - - [12/Jun/2025 19:53:33] "GET /metrics HTTP/1.1" 200 -
2025-06-12 19:53:48,668 - INFO - 127.0.0.1 - - [12/Jun/2025 19:53:48] "GET /metrics HTTP/1.1" 200 -
2025-06-12 19:54:04,081 - INFO - 127.0.0.1 - - [12/Jun/2025 19:54:04] "GET /metrics HTTP/1.1" 200 -
2025-06-12 19:54:20,421 - INFO - 127.0.0.1 - - [12/Jun/2025 19:54:20] "GET /metrics HTTP/1.1" 200 -
2025-06-12 19:54:36,785 - INFO - 127.0.0.1 - - [12/Jun/2025 19:54:36] "GET /metrics HTTP/1.1" 200 -
2025-06-12 19:54:53,150 - INFO - 127.0.0.1 - - [12/Jun/2025 19:54:53] "GET /metrics HTTP/1.1" 200 -
2025-06-12 19:55:09,706 - INFO - 127.0.0.1 - - [12/Jun/2025 19:55:09] "GET /metrics HTTP/1.1" 200 -
2025-06-12 19:55:25,877 - INFO - 127.0.0.1 - - [12/Jun/2025 19:55:25] "GET /metrics HTTP/1.1" 200 -
2025-06-12 19:55:42,239 - INFO - 127.0.0.1 - - [12/Jun/2025 19:55:42] "GET /metrics HTTP/1.1" 200 -
2025-06-12 19:55:57,810 - INFO - 127.0.0.1 - - [12/Jun/2025 19:55:57] "GET /metrics HTTP/1.1" 200 -
2025-06-12 19:56:13,170 - INFO - 127.0.0.1 - - [12/Jun/2025 19:56:13] "GET /metrics HTTP/1.1" 200 -
2025-06-12 19:56:29,544 - INFO - 127.0.0.1 - - [12/Jun/2025 19:56:29] "GET /metrics HTTP/1.1" 200 -
2025-06-12 19:56:45,901 - INFO - 127.0.0.1 - - [12/Jun/2025 19:56:45] "GET /metrics HTTP/1.1" 200 -
2025-06-12 19:57:02,272 - INFO - 127.0.0.1 - - [12/Jun/2025 19:57:02] "GET /metrics HTTP/1.1" 200 -
2025-06-12 19:57:18,652 - INFO - 127.0.0.1 - - [12/Jun/2025 19:57:18] "GET /metrics HTTP/1.1" 200 -
2025-06-12 19:57:34,192 - INFO - 127.0.0.1 - - [12/Jun/2025 19:57:34] "GET /metrics HTTP/1.1" 200 -
2025-06-12 19:57:49,692 - INFO - 127.0.0.1 - - [12/Jun/2025 19:57:49] "GET /metrics HTTP/1.1" 200 -
2025-06-12 19:58:06,061 - INFO - 127.0.0.1 - - [12/Jun/2025 19:58:06] "GET /metrics HTTP/1.1" 200 -
2025-06-12 19:58:22,417 - INFO - 127.0.0.1 - - [12/Jun/2025 19:58:22] "GET /metrics HTTP/1.1" 200 -
2025-06-12 19:58:38,780 - INFO - 127.0.0.1 - - [12/Jun/2025 19:58:38] "GET /metrics HTTP/1.1" 200 -
2025-06-12 19:58:55,142 - INFO - 127.0.0.1 - - [12/Jun/2025 19:58:55] "GET /metrics HTTP/1.1" 200 -
2025-06-12 19:59:11,508 - INFO - 127.0.0.1 - - [12/Jun/2025 19:59:11] "GET /metrics HTTP/1.1" 200 -
2025-06-12 19:59:27,893 - INFO - 127.0.0.1 - - [12/Jun/2025 19:59:27] "GET /metrics HTTP/1.1" 200 -
2025-06-12 19:59:43,441 - INFO - 127.0.0.1 - - [12/Jun/2025 19:59:43] "GET /metrics HTTP/1.1" 200 -
2025-06-12 19:59:58,918 - INFO - 127.0.0.1 - - [12/Jun/2025 19:59:58] "GET /metrics HTTP/1.1" 200 -
2025-06-12 20:00:15,284 - INFO - 127.0.0.1 - - [12/Jun/2025 20:00:15] "GET /metrics HTTP/1.1" 200 -
2025-06-12 20:00:31,624 - INFO - 127.0.0.1 - - [12/Jun/2025 20:00:31] "GET /metrics HTTP/1.1" 200 -
2025-06-12 20:00:47,981 - INFO - 127.0.0.1 - - [12/Jun/2025 20:00:47] "GET /metrics HTTP/1.1" 200 -
2025-06-12 20:01:04,348 - INFO - 127.0.0.1 - - [12/Jun/2025 20:01:04] "GET /metrics HTTP/1.1" 200 -
2025-06-12 20:01:20,736 - INFO - 127.0.0.1 - - [12/Jun/2025 20:01:20] "GET /metrics HTTP/1.1" 200 -
2025-06-12 20:01:37,082 - INFO - 127.0.0.1 - - [12/Jun/2025 20:01:37] "GET /metrics HTTP/1.1" 200 -
2025-06-12 20:01:52,646 - INFO - 127.0.0.1 - - [12/Jun/2025 20:01:52] "GET /metrics HTTP/1.1" 200 -
2025-06-12 20:02:08,046 - INFO - 127.0.0.1 - - [12/Jun/2025 20:02:08] "GET /metrics HTTP/1.1" 200 -
2025-06-12 20:02:24,446 - INFO - 127.0.0.1 - - [12/Jun/2025 20:02:24] "GET /metrics HTTP/1.1" 200 -
2025-06-12 20:02:40,800 - INFO - 127.0.0.1 - - [12/Jun/2025 20:02:40] "GET /metrics HTTP/1.1" 200 -
2025-06-12 20:02:57,138 - INFO - 127.0.0.1 - - [12/Jun/2025 20:02:57] "GET /metrics HTTP/1.1" 200 -
2025-06-12 20:03:13,517 - INFO - 127.0.0.1 - - [12/Jun/2025 20:03:13] "GET /metrics HTTP/1.1" 200 -
2025-06-12 20:03:29,074 - INFO - 127.0.0.1 - - [12/Jun/2025 20:03:29] "GET /metrics HTTP/1.1" 200 -
2025-06-12 20:03:44,624 - INFO - 127.0.0.1 - - [12/Jun/2025 20:03:44] "GET /metrics HTTP/1.1" 200 -
2025-06-12 20:04:00,977 - INFO - 127.0.0.1 - - [12/Jun/2025 20:04:00] "GET /metrics HTTP/1.1" 200 -
2025-06-12 20:04:17,338 - INFO - 127.0.0.1 - - [12/Jun/2025 20:04:17] "GET /metrics HTTP/1.1" 200 -
2025-06-12 20:04:33,699 - INFO - 127.0.0.1 - - [12/Jun/2025 20:04:33] "GET /metrics HTTP/1.1" 200 -
2025-06-12 20:04:50,067 - INFO - 127.0.0.1 - - [12/Jun/2025 20:04:50] "GET /metrics HTTP/1.1" 200 -
2025-06-12 20:05:05,643 - INFO - 127.0.0.1 - - [12/Jun/2025 20:05:05] "GET /metrics HTTP/1.1" 200 -
2025-06-12 20:05:20,637 - INFO - 127.0.0.1 - - [12/Jun/2025 20:05:20] "GET /metrics HTTP/1.1" 200 -
2025-06-12 20:05:36,221 - INFO - 127.0.0.1 - - [12/Jun/2025 20:05:36] "GET /metrics HTTP/1.1" 200 -
2025-06-12 20:05:52,581 - INFO - 127.0.0.1 - - [12/Jun/2025 20:05:52] "GET /metrics HTTP/1.1" 200 -
2025-06-12 20:06:08,944 - INFO - 127.0.0.1 - - [12/Jun/2025 20:06:08] "GET /metrics HTTP/1.1" 200 -
2025-06-12 20:06:25,310 - INFO - 127.0.0.1 - - [12/Jun/2025 20:06:25] "GET /metrics HTTP/1.1" 200 -
2025-06-12 20:06:41,676 - INFO - 127.0.0.1 - - [12/Jun/2025 20:06:41] "GET /metrics HTTP/1.1" 200 -
2025-06-12 20:06:58,036 - INFO - 127.0.0.1 - - [12/Jun/2025 20:06:58] "GET /metrics HTTP/1.1" 200 -
2025-06-12 20:07:13,614 - INFO - 127.0.0.1 - - [12/Jun/2025 20:07:13] "GET /metrics HTTP/1.1" 200 -
2025-06-12 20:07:29,249 - INFO - 127.0.0.1 - - [12/Jun/2025 20:07:29] "GET /metrics HTTP/1.1" 200 -
2025-06-12 20:07:45,603 - INFO - 127.0.0.1 - - [12/Jun/2025 20:07:45] "GET /metrics HTTP/1.1" 200 -
2025-06-12 20:08:01,995 - INFO - 127.0.0.1 - - [12/Jun/2025 20:08:01] "GET /metrics HTTP/1.1" 200 -
2025-06-12 20:08:18,349 - INFO - 127.0.0.1 - - [12/Jun/2025 20:08:18] "GET /metrics HTTP/1.1" 200 -
2025-06-12 20:08:34,693 - INFO - 127.0.0.1 - - [12/Jun/2025 20:08:34] "GET /metrics HTTP/1.1" 200 -
2025-06-12 20:08:50,272 - INFO - 127.0.0.1 - - [12/Jun/2025 20:08:50] "GET /metrics HTTP/1.1" 200 -
2025-06-12 20:09:05,272 - INFO - 127.0.0.1 - - [12/Jun/2025 20:09:05] "GET /metrics HTTP/1.1" 200 -
2025-06-12 20:09:20,940 - INFO - 127.0.0.1 - - [12/Jun/2025 20:09:20] "GET /metrics HTTP/1.1" 200 -
2025-06-12 20:09:37,299 - INFO - 127.0.0.1 - - [12/Jun/2025 20:09:37] "GET /metrics HTTP/1.1" 200 -
2025-06-12 20:09:53,696 - INFO - 127.0.0.1 - - [12/Jun/2025 20:09:53] "GET /metrics HTTP/1.1" 200 -
2025-06-12 20:10:10,061 - INFO - 127.0.0.1 - - [12/Jun/2025 20:10:10] "GET /metrics HTTP/1.1" 200 -
2025-06-12 20:10:25,609 - INFO - 127.0.0.1 - - [12/Jun/2025 20:10:25] "GET /metrics HTTP/1.1" 200 -
2025-06-12 20:10:40,776 - INFO - 127.0.0.1 - - [12/Jun/2025 20:10:40] "GET /metrics HTTP/1.1" 200 -
2025-06-12 20:10:57,142 - INFO - 127.0.0.1 - - [12/Jun/2025 20:10:57] "GET /metrics HTTP/1.1" 200 -
2025-06-12 20:11:13,518 - INFO - 127.0.0.1 - - [12/Jun/2025 20:11:13] "GET /metrics HTTP/1.1" 200 -
2025-06-12 20:11:29,868 - INFO - 127.0.0.1 - - [12/Jun/2025 20:11:29] "GET /metrics HTTP/1.1" 200 -
2025-06-12 20:11:46,233 - INFO - 127.0.0.1 - - [12/Jun/2025 20:11:46] "GET /metrics HTTP/1.1" 200 -
2025-06-12 20:12:01,810 - INFO - 127.0.0.1 - - [12/Jun/2025 20:12:01] "GET /metrics HTTP/1.1" 200 -
2025-06-12 20:12:17,112 - INFO - 127.0.0.1 - - [12/Jun/2025 20:12:17] "GET /metrics HTTP/1.1" 200 -
2025-06-12 20:12:33,480 - INFO - 127.0.0.1 - - [12/Jun/2025 20:12:33] "GET /metrics HTTP/1.1" 200 -
2025-06-12 20:12:49,843 - INFO - 127.0.0.1 - - [12/Jun/2025 20:12:49] "GET /metrics HTTP/1.1" 200 -
2025-06-12 20:13:06,205 - INFO - 127.0.0.1 - - [12/Jun/2025 20:13:06] "GET /metrics HTTP/1.1" 200 -
2025-06-12 20:13:22,566 - INFO - 127.0.0.1 - - [12/Jun/2025 20:13:22] "GET /metrics HTTP/1.1" 200 -
2025-06-12 20:13:38,151 - INFO - 127.0.0.1 - - [12/Jun/2025 20:13:38] "GET /metrics HTTP/1.1" 200 -
2025-06-12 20:13:53,593 - INFO - 127.0.0.1 - - [12/Jun/2025 20:13:53] "GET /metrics HTTP/1.1" 200 -
2025-06-12 20:14:09,987 - INFO - 127.0.0.1 - - [12/Jun/2025 20:14:09] "GET /metrics HTTP/1.1" 200 -
2025-06-12 20:14:26,316 - INFO - 127.0.0.1 - - [12/Jun/2025 20:14:26] "GET /metrics HTTP/1.1" 200 -
2025-06-12 20:14:42,678 - INFO - 127.0.0.1 - - [12/Jun/2025 20:14:42] "GET /metrics HTTP/1.1" 200 -
2025-06-12 20:14:59,045 - INFO - 127.0.0.1 - - [12/Jun/2025 20:14:59] "GET /metrics HTTP/1.1" 200 -
2025-06-12 20:15:14,623 - INFO - 127.0.0.1 - - [12/Jun/2025 20:15:14] "GET /metrics HTTP/1.1" 200 -
2025-06-12 20:15:30,197 - INFO - 127.0.0.1 - - [12/Jun/2025 20:15:30] "GET /metrics HTTP/1.1" 200 -
2025-06-12 20:15:46,564 - INFO - 127.0.0.1 - - [12/Jun/2025 20:15:46] "GET /metrics HTTP/1.1" 200 -
2025-06-12 20:16:02,931 - INFO - 127.0.0.1 - - [12/Jun/2025 20:16:02] "GET /metrics HTTP/1.1" 200 -
2025-06-12 20:16:19,290 - INFO - 127.0.0.1 - - [12/Jun/2025 20:16:19] "GET /metrics HTTP/1.1" 200 -
2025-06-12 20:16:35,651 - INFO - 127.0.0.1 - - [12/Jun/2025 20:16:35] "GET /metrics HTTP/1.1" 200 -
2025-06-12 20:16:51,245 - INFO - 127.0.0.1 - - [12/Jun/2025 20:16:51] "GET /metrics HTTP/1.1" 200 -
2025-06-12 20:17:06,240 - INFO - 127.0.0.1 - - [12/Jun/2025 20:17:06] "GET /metrics HTTP/1.1" 200 -
2025-06-12 20:17:21,865 - INFO - 127.0.0.1 - - [12/Jun/2025 20:17:21] "GET /metrics HTTP/1.1" 200 -
2025-06-12 20:17:38,223 - INFO - 127.0.0.1 - - [12/Jun/2025 20:17:38] "GET /metrics HTTP/1.1" 200 -
2025-06-12 20:17:54,594 - INFO - 127.0.0.1 - - [12/Jun/2025 20:17:54] "GET /metrics HTTP/1.1" 200 -
2025-06-12 20:18:10,955 - INFO - 127.0.0.1 - - [12/Jun/2025 20:18:10] "GET /metrics HTTP/1.1" 200 -
2025-06-12 20:18:27,315 - INFO - 127.0.0.1 - - [12/Jun/2025 20:18:27] "GET /metrics HTTP/1.1" 200 -
2025-06-12 20:18:43,673 - INFO - 127.0.0.1 - - [12/Jun/2025 20:18:43] "GET /metrics HTTP/1.1" 200 -
2025-06-12 20:18:59,282 - INFO - 127.0.0.1 - - [12/Jun/2025 20:18:59] "GET /metrics HTTP/1.1" 200 -
2025-06-12 20:19:14,255 - INFO - 127.0.0.1 - - [12/Jun/2025 20:19:14] "GET /metrics HTTP/1.1" 200 -
2025-06-12 20:19:29,824 - INFO - 127.0.0.1 - - [12/Jun/2025 20:19:29] "GET /metrics HTTP/1.1" 200 -
2025-06-12 20:19:46,190 - INFO - 127.0.0.1 - - [12/Jun/2025 20:19:46] "GET /metrics HTTP/1.1" 200 -
2025-06-12 20:20:02,578 - INFO - 127.0.0.1 - - [12/Jun/2025 20:20:02] "GET /metrics HTTP/1.1" 200 -
2025-06-12 20:20:18,943 - INFO - 127.0.0.1 - - [12/Jun/2025 20:20:18] "GET /metrics HTTP/1.1" 200 -
2025-06-12 20:20:34,501 - INFO - 127.0.0.1 - - [12/Jun/2025 20:20:34] "GET /metrics HTTP/1.1" 200 -
2025-06-12 20:20:49,570 - INFO - 127.0.0.1 - - [12/Jun/2025 20:20:49] "GET /metrics HTTP/1.1" 200 -
2025-06-12 20:21:05,957 - INFO - 127.0.0.1 - - [12/Jun/2025 20:21:05] "GET /metrics HTTP/1.1" 200 -
2025-06-12 20:21:22,298 - INFO - 127.0.0.1 - - [12/Jun/2025 20:21:22] "GET /metrics HTTP/1.1" 200 -
2025-06-12 20:21:38,665 - INFO - 127.0.0.1 - - [12/Jun/2025 20:21:38] "GET /metrics HTTP/1.1" 200 -
2025-06-12 20:21:55,023 - INFO - 127.0.0.1 - - [12/Jun/2025 20:21:55] "GET /metrics HTTP/1.1" 200 -
2025-06-12 20:22:10,610 - INFO - 127.0.0.1 - - [12/Jun/2025 20:22:10] "GET /metrics HTTP/1.1" 200 -
2025-06-12 20:22:25,816 - INFO - 127.0.0.1 - - [12/Jun/2025 20:22:25] "GET /metrics HTTP/1.1" 200 -
2025-06-12 20:22:42,186 - INFO - 127.0.0.1 - - [12/Jun/2025 20:22:42] "GET /metrics HTTP/1.1" 200 -
2025-06-12 20:22:58,551 - INFO - 127.0.0.1 - - [12/Jun/2025 20:22:58] "GET /metrics HTTP/1.1" 200 -
2025-06-12 20:23:14,937 - INFO - 127.0.0.1 - - [12/Jun/2025 20:23:14] "GET /metrics HTTP/1.1" 200 -
2025-06-12 20:23:31,274 - INFO - 127.0.0.1 - - [12/Jun/2025 20:23:31] "GET /metrics HTTP/1.1" 200 -
2025-06-12 20:23:46,872 - INFO - 127.0.0.1 - - [12/Jun/2025 20:23:46] "GET /metrics HTTP/1.1" 200 -
2025-06-12 20:24:02,200 - INFO - 127.0.0.1 - - [12/Jun/2025 20:24:02] "GET /metrics HTTP/1.1" 200 -
2025-06-12 20:24:18,575 - INFO - 127.0.0.1 - - [12/Jun/2025 20:24:18] "GET /metrics HTTP/1.1" 200 -
2025-06-12 20:24:34,928 - INFO - 127.0.0.1 - - [12/Jun/2025 20:24:34] "GET /metrics HTTP/1.1" 200 -
2025-06-12 20:24:51,299 - INFO - 127.0.0.1 - - [12/Jun/2025 20:24:51] "GET /metrics HTTP/1.1" 200 -
2025-06-12 20:25:07,655 - INFO - 127.0.0.1 - - [12/Jun/2025 20:25:07] "GET /metrics HTTP/1.1" 200 -
2025-06-12 20:25:24,021 - INFO - 127.0.0.1 - - [12/Jun/2025 20:25:24] "GET /metrics HTTP/1.1" 200 -
2025-06-12 20:25:40,392 - INFO - 127.0.0.1 - - [12/Jun/2025 20:25:40] "GET /metrics HTTP/1.1" 200 -
2025-06-12 20:25:55,990 - INFO - 127.0.0.1 - - [12/Jun/2025 20:25:55] "GET /metrics HTTP/1.1" 200 -
2025-06-12 20:26:11,295 - INFO - 127.0.0.1 - - [12/Jun/2025 20:26:11] "GET /metrics HTTP/1.1" 200 -
2025-06-12 20:26:27,638 - INFO - 127.0.0.1 - - [12/Jun/2025 20:26:27] "GET /metrics HTTP/1.1" 200 -
2025-06-12 20:26:44,000 - INFO - 127.0.0.1 - - [12/Jun/2025 20:26:44] "GET /metrics HTTP/1.1" 200 -
2025-06-12 20:27:00,382 - INFO - 127.0.0.1 - - [12/Jun/2025 20:27:00] "GET /metrics HTTP/1.1" 200 -
2025-06-12 20:27:16,721 - INFO - 127.0.0.1 - - [12/Jun/2025 20:27:16] "GET /metrics HTTP/1.1" 200 -
2025-06-12 20:27:32,331 - INFO - 127.0.0.1 - - [12/Jun/2025 20:27:32] "GET /metrics HTTP/1.1" 200 -
2025-06-12 20:27:47,743 - INFO - 127.0.0.1 - - [12/Jun/2025 20:27:47] "GET /metrics HTTP/1.1" 200 -
2025-06-12 20:28:04,106 - INFO - 127.0.0.1 - - [12/Jun/2025 20:28:04] "GET /metrics HTTP/1.1" 200 -
2025-06-12 20:28:20,467 - INFO - 127.0.0.1 - - [12/Jun/2025 20:28:20] "GET /metrics HTTP/1.1" 200 -
2025-06-12 20:28:36,830 - INFO - 127.0.0.1 - - [12/Jun/2025 20:28:36] "GET /metrics HTTP/1.1" 200 -
2025-06-12 20:28:53,205 - INFO - 127.0.0.1 - - [12/Jun/2025 20:28:53] "GET /metrics HTTP/1.1" 200 -
2025-06-12 20:29:09,591 - INFO - 127.0.0.1 - - [12/Jun/2025 20:29:09] "GET /metrics HTTP/1.1" 200 -
2025-06-12 20:29:25,926 - INFO - 127.0.0.1 - - [12/Jun/2025 20:29:25] "GET /metrics HTTP/1.1" 200 -
2025-06-12 20:29:41,541 - INFO - 127.0.0.1 - - [12/Jun/2025 20:29:41] "GET /metrics HTTP/1.1" 200 -
2025-06-12 20:29:56,906 - INFO - 127.0.0.1 - - [12/Jun/2025 20:29:56] "GET /metrics HTTP/1.1" 200 -
2025-06-12 20:30:13,265 - INFO - 127.0.0.1 - - [12/Jun/2025 20:30:13] "GET /metrics HTTP/1.1" 200 -
2025-06-12 20:30:29,635 - INFO - 127.0.0.1 - - [12/Jun/2025 20:30:29] "GET /metrics HTTP/1.1" 200 -
2025-06-12 20:30:45,991 - INFO - 127.0.0.1 - - [12/Jun/2025 20:30:45] "GET /metrics HTTP/1.1" 200 -
2025-06-12 20:31:02,350 - INFO - 127.0.0.1 - - [12/Jun/2025 20:31:02] "GET /metrics HTTP/1.1" 200 -
2025-06-12 20:31:17,950 - INFO - 127.0.0.1 - - [12/Jun/2025 20:31:17] "GET /metrics HTTP/1.1" 200 -
2025-06-12 20:31:33,463 - INFO - 127.0.0.1 - - [12/Jun/2025 20:31:33] "GET /metrics HTTP/1.1" 200 -
2025-06-12 20:31:49,826 - INFO - 127.0.0.1 - - [12/Jun/2025 20:31:49] "GET /metrics HTTP/1.1" 200 -
2025-06-12 20:32:06,188 - INFO - 127.0.0.1 - - [12/Jun/2025 20:32:06] "GET /metrics HTTP/1.1" 200 -
2025-06-12 20:32:21,814 - INFO - 127.0.0.1 - - [12/Jun/2025 20:32:21] "GET /metrics HTTP/1.1" 200 -
2025-06-12 20:32:36,892 - INFO - 127.0.0.1 - - [12/Jun/2025 20:32:36] "GET /metrics HTTP/1.1" 200 -
2025-06-12 20:32:53,252 - INFO - 127.0.0.1 - - [12/Jun/2025 20:32:53] "GET /metrics HTTP/1.1" 200 -
2025-06-12 20:33:09,616 - INFO - 127.0.0.1 - - [12/Jun/2025 20:33:09] "GET /metrics HTTP/1.1" 200 -
2025-06-12 20:33:25,978 - INFO - 127.0.0.1 - - [12/Jun/2025 20:33:25] "GET /metrics HTTP/1.1" 200 -
2025-06-12 20:33:42,351 - INFO - 127.0.0.1 - - [12/Jun/2025 20:33:42] "GET /metrics HTTP/1.1" 200 -
2025-06-12 20:33:57,942 - INFO - 127.0.0.1 - - [12/Jun/2025 20:33:57] "GET /metrics HTTP/1.1" 200 -
2025-06-12 20:34:13,184 - INFO - 127.0.0.1 - - [12/Jun/2025 20:34:13] "GET /metrics HTTP/1.1" 200 -
2025-06-12 20:34:29,547 - INFO - 127.0.0.1 - - [12/Jun/2025 20:34:29] "GET /metrics HTTP/1.1" 200 -
2025-06-12 20:34:45,927 - INFO - 127.0.0.1 - - [12/Jun/2025 20:34:45] "GET /metrics HTTP/1.1" 200 -
2025-06-12 20:35:02,284 - INFO - 127.0.0.1 - - [12/Jun/2025 20:35:02] "GET /metrics HTTP/1.1" 200 -
2025-06-12 20:35:18,639 - INFO - 127.0.0.1 - - [12/Jun/2025 20:35:18] "GET /metrics HTTP/1.1" 200 -
2025-06-12 20:35:34,241 - INFO - 127.0.0.1 - - [12/Jun/2025 20:35:34] "GET /metrics HTTP/1.1" 200 -
2025-06-12 20:35:49,616 - INFO - 127.0.0.1 - - [12/Jun/2025 20:35:49] "GET /metrics HTTP/1.1" 200 -
2025-06-12 20:36:05,973 - INFO - 127.0.0.1 - - [12/Jun/2025 20:36:05] "GET /metrics HTTP/1.1" 200 -
2025-06-12 20:36:22,340 - INFO - 127.0.0.1 - - [12/Jun/2025 20:36:22] "GET /metrics HTTP/1.1" 200 -
2025-06-12 20:36:38,709 - INFO - 127.0.0.1 - - [12/Jun/2025 20:36:38] "GET /metrics HTTP/1.1" 200 -
2025-06-12 20:36:55,081 - INFO - 127.0.0.1 - - [12/Jun/2025 20:36:55] "GET /metrics HTTP/1.1" 200 -
2025-06-12 20:37:10,667 - INFO - 127.0.0.1 - - [12/Jun/2025 20:37:10] "GET /metrics HTTP/1.1" 200 -
2025-06-12 20:37:26,172 - INFO - 127.0.0.1 - - [12/Jun/2025 20:37:26] "GET /metrics HTTP/1.1" 200 -
2025-06-12 20:37:42,559 - INFO - 127.0.0.1 - - [12/Jun/2025 20:37:42] "GET /metrics HTTP/1.1" 200 -
2025-06-12 20:37:58,913 - INFO - 127.0.0.1 - - [12/Jun/2025 20:37:58] "GET /metrics HTTP/1.1" 200 -
2025-06-12 20:38:15,268 - INFO - 127.0.0.1 - - [12/Jun/2025 20:38:15] "GET /metrics HTTP/1.1" 200 -
2025-06-12 20:38:31,629 - INFO - 127.0.0.1 - - [12/Jun/2025 20:38:31] "GET /metrics HTTP/1.1" 200 -
2025-06-12 20:38:47,240 - INFO - 127.0.0.1 - - [12/Jun/2025 20:38:47] "GET /metrics HTTP/1.1" 200 -
2025-06-12 20:39:02,236 - INFO - 127.0.0.1 - - [12/Jun/2025 20:39:02] "GET /metrics HTTP/1.1" 200 -
2025-06-12 20:39:17,794 - INFO - 127.0.0.1 - - [12/Jun/2025 20:39:17] "GET /metrics HTTP/1.1" 200 -
2025-06-12 20:39:34,146 - INFO - 127.0.0.1 - - [12/Jun/2025 20:39:34] "GET /metrics HTTP/1.1" 200 -
2025-06-12 20:39:50,513 - INFO - 127.0.0.1 - - [12/Jun/2025 20:39:50] "GET /metrics HTTP/1.1" 200 -
2025-06-12 20:40:06,879 - INFO - 127.0.0.1 - - [12/Jun/2025 20:40:06] "GET /metrics HTTP/1.1" 200 -
2025-06-12 20:40:22,478 - INFO - 127.0.0.1 - - [12/Jun/2025 20:40:22] "GET /metrics HTTP/1.1" 200 -
2025-06-12 20:40:37,560 - INFO - 127.0.0.1 - - [12/Jun/2025 20:40:37] "GET /metrics HTTP/1.1" 200 -
2025-06-12 20:40:53,893 - INFO - 127.0.0.1 - - [12/Jun/2025 20:40:53] "GET /metrics HTTP/1.1" 200 -
2025-06-12 20:41:10,260 - INFO - 127.0.0.1 - - [12/Jun/2025 20:41:10] "GET /metrics HTTP/1.1" 200 -
2025-06-12 20:41:26,622 - INFO - 127.0.0.1 - - [12/Jun/2025 20:41:26] "GET /metrics HTTP/1.1" 200 -
2025-06-12 20:41:42,985 - INFO - 127.0.0.1 - - [12/Jun/2025 20:41:42] "GET /metrics HTTP/1.1" 200 -
2025-06-12 20:41:58,589 - INFO - 127.0.0.1 - - [12/Jun/2025 20:41:58] "GET /metrics HTTP/1.1" 200 -
2025-06-12 20:42:13,778 - INFO - 127.0.0.1 - - [12/Jun/2025 20:42:13] "GET /metrics HTTP/1.1" 200 -
2025-06-12 20:42:30,144 - INFO - 127.0.0.1 - - [12/Jun/2025 20:42:30] "GET /metrics HTTP/1.1" 200 -
2025-06-12 20:42:46,502 - INFO - 127.0.0.1 - - [12/Jun/2025 20:42:46] "GET /metrics HTTP/1.1" 200 -
2025-06-12 20:43:02,864 - INFO - 127.0.0.1 - - [12/Jun/2025 20:43:02] "GET /metrics HTTP/1.1" 200 -
2025-06-12 20:43:19,238 - INFO - 127.0.0.1 - - [12/Jun/2025 20:43:19] "GET /metrics HTTP/1.1" 200 -
2025-06-12 20:43:34,861 - INFO - 127.0.0.1 - - [12/Jun/2025 20:43:34] "GET /metrics HTTP/1.1" 200 -
2025-06-12 20:43:50,157 - INFO - 127.0.0.1 - - [12/Jun/2025 20:43:50] "GET /metrics HTTP/1.1" 200 -
2025-06-12 20:44:06,526 - INFO - 127.0.0.1 - - [12/Jun/2025 20:44:06] "GET /metrics HTTP/1.1" 200 -
2025-06-12 20:44:22,887 - INFO - 127.0.0.1 - - [12/Jun/2025 20:44:22] "GET /metrics HTTP/1.1" 200 -
2025-06-12 20:44:39,251 - INFO - 127.0.0.1 - - [12/Jun/2025 20:44:39] "GET /metrics HTTP/1.1" 200 -
2025-06-12 20:44:55,611 - INFO - 127.0.0.1 - - [12/Jun/2025 20:44:55] "GET /metrics HTTP/1.1" 200 -
2025-06-12 20:45:11,223 - INFO - 127.0.0.1 - - [12/Jun/2025 20:45:11] "GET /metrics HTTP/1.1" 200 -
2025-06-12 20:45:26,691 - INFO - 127.0.0.1 - - [12/Jun/2025 20:45:26] "GET /metrics HTTP/1.1" 200 -
2025-06-12 20:45:43,072 - INFO - 127.0.0.1 - - [12/Jun/2025 20:45:43] "GET /metrics HTTP/1.1" 200 -
2025-06-12 20:45:59,408 - INFO - 127.0.0.1 - - [12/Jun/2025 20:45:59] "GET /metrics HTTP/1.1" 200 -
2025-06-12 20:46:15,011 - INFO - 127.0.0.1 - - [12/Jun/2025 20:46:15] "GET /metrics HTTP/1.1" 200 -
2025-06-12 20:46:30,076 - INFO - 127.0.0.1 - - [12/Jun/2025 20:46:30] "GET /metrics HTTP/1.1" 200 -
2025-06-12 20:46:46,426 - INFO - 127.0.0.1 - - [12/Jun/2025 20:46:46] "GET /metrics HTTP/1.1" 200 -
2025-06-12 20:47:02,819 - INFO - 127.0.0.1 - - [12/Jun/2025 20:47:02] "GET /metrics HTTP/1.1" 200 -
2025-06-12 20:47:19,173 - INFO - 127.0.0.1 - - [12/Jun/2025 20:47:19] "GET /metrics HTTP/1.1" 200 -
2025-06-12 20:47:35,522 - INFO - 127.0.0.1 - - [12/Jun/2025 20:47:35] "GET /metrics HTTP/1.1" 200 -
2025-06-12 20:47:51,125 - INFO - 127.0.0.1 - - [12/Jun/2025 20:47:51] "GET /metrics HTTP/1.1" 200 -
2025-06-12 20:48:06,309 - INFO - 127.0.0.1 - - [12/Jun/2025 20:48:06] "GET /metrics HTTP/1.1" 200 -
2025-06-12 20:48:22,683 - INFO - 127.0.0.1 - - [12/Jun/2025 20:48:22] "GET /metrics HTTP/1.1" 200 -
2025-06-12 20:48:39,040 - INFO - 127.0.0.1 - - [12/Jun/2025 20:48:39] "GET /metrics HTTP/1.1" 200 -
2025-06-12 20:48:55,429 - INFO - 127.0.0.1 - - [12/Jun/2025 20:48:55] "GET /metrics HTTP/1.1" 200 -
2025-06-12 20:49:11,763 - INFO - 127.0.0.1 - - [12/Jun/2025 20:49:11] "GET /metrics HTTP/1.1" 200 -
2025-06-12 20:49:27,370 - INFO - 127.0.0.1 - - [12/Jun/2025 20:49:27] "GET /metrics HTTP/1.1" 200 -
2025-06-12 20:49:42,689 - INFO - 127.0.0.1 - - [12/Jun/2025 20:49:42] "GET /metrics HTTP/1.1" 200 -
2025-06-12 20:49:59,074 - INFO - 127.0.0.1 - - [12/Jun/2025 20:49:59] "GET /metrics HTTP/1.1" 200 -
2025-06-12 20:50:15,451 - INFO - 127.0.0.1 - - [12/Jun/2025 20:50:15] "GET /metrics HTTP/1.1" 200 -
2025-06-12 20:50:31,821 - INFO - 127.0.0.1 - - [12/Jun/2025 20:50:31] "GET /metrics HTTP/1.1" 200 -
2025-06-12 20:50:48,175 - INFO - 127.0.0.1 - - [12/Jun/2025 20:50:48] "GET /metrics HTTP/1.1" 200 -
2025-06-12 20:51:03,784 - INFO - 127.0.0.1 - - [12/Jun/2025 20:51:03] "GET /metrics HTTP/1.1" 200 -
2025-06-12 20:51:19,214 - INFO - 127.0.0.1 - - [12/Jun/2025 20:51:19] "GET /metrics HTTP/1.1" 200 -
2025-06-12 20:51:35,579 - INFO - 127.0.0.1 - - [12/Jun/2025 20:51:35] "GET /metrics HTTP/1.1" 200 -
2025-06-12 20:51:51,971 - INFO - 127.0.0.1 - - [12/Jun/2025 20:51:51] "GET /metrics HTTP/1.1" 200 -
2025-06-12 20:52:08,301 - INFO - 127.0.0.1 - - [12/Jun/2025 20:52:08] "GET /metrics HTTP/1.1" 200 -
2025-06-12 20:52:24,668 - INFO - 127.0.0.1 - - [12/Jun/2025 20:52:24] "GET /metrics HTTP/1.1" 200 -
2025-06-12 20:52:40,283 - INFO - 127.0.0.1 - - [12/Jun/2025 20:52:40] "GET /metrics HTTP/1.1" 200 -
2025-06-12 20:52:55,870 - INFO - 127.0.0.1 - - [12/Jun/2025 20:52:55] "GET /metrics HTTP/1.1" 200 -
2025-06-12 20:53:12,233 - INFO - 127.0.0.1 - - [12/Jun/2025 20:53:12] "GET /metrics HTTP/1.1" 200 -
2025-06-12 20:53:28,594 - INFO - 127.0.0.1 - - [12/Jun/2025 20:53:28] "GET /metrics HTTP/1.1" 200 -
2025-06-12 20:53:44,987 - INFO - 127.0.0.1 - - [12/Jun/2025 20:53:44] "GET /metrics HTTP/1.1" 200 -
2025-06-12 20:54:01,322 - INFO - 127.0.0.1 - - [12/Jun/2025 20:54:01] "GET /metrics HTTP/1.1" 200 -
2025-06-12 20:54:16,947 - INFO - 127.0.0.1 - - [12/Jun/2025 20:54:16] "GET /metrics HTTP/1.1" 200 -
2025-06-12 20:54:31,942 - INFO - 127.0.0.1 - - [12/Jun/2025 20:54:31] "GET /metrics HTTP/1.1" 200 -
2025-06-12 20:54:47,569 - INFO - 127.0.0.1 - - [12/Jun/2025 20:54:47] "GET /metrics HTTP/1.1" 200 -
2025-06-12 20:55:03,935 - INFO - 127.0.0.1 - - [12/Jun/2025 20:55:03] "GET /metrics HTTP/1.1" 200 -
2025-06-12 20:55:20,296 - INFO - 127.0.0.1 - - [12/Jun/2025 20:55:20] "GET /metrics HTTP/1.1" 200 -
2025-06-12 20:55:36,690 - INFO - 127.0.0.1 - - [12/Jun/2025 20:55:36] "GET /metrics HTTP/1.1" 200 -
2025-06-12 20:55:52,278 - INFO - 127.0.0.1 - - [12/Jun/2025 20:55:52] "GET /metrics HTTP/1.1" 200 -
2025-06-12 20:56:07,408 - INFO - 127.0.0.1 - - [12/Jun/2025 20:56:07] "GET /metrics HTTP/1.1" 200 -
2025-06-12 20:56:23,768 - INFO - 127.0.0.1 - - [12/Jun/2025 20:56:23] "GET /metrics HTTP/1.1" 200 -
2025-06-12 20:56:40,131 - INFO - 127.0.0.1 - - [12/Jun/2025 20:56:40] "GET /metrics HTTP/1.1" 200 -
2025-06-12 20:56:55,746 - INFO - 127.0.0.1 - - [12/Jun/2025 20:56:55] "GET /metrics HTTP/1.1" 200 -
2025-06-12 20:57:11,224 - INFO - 127.0.0.1 - - [12/Jun/2025 20:57:11] "GET /metrics HTTP/1.1" 200 -
2025-06-12 20:57:27,557 - INFO - 127.0.0.1 - - [12/Jun/2025 20:57:27] "GET /metrics HTTP/1.1" 200 -
2025-06-12 20:57:43,923 - INFO - 127.0.0.1 - - [12/Jun/2025 20:57:43] "GET /metrics HTTP/1.1" 200 -
2025-06-12 20:57:59,559 - INFO - 127.0.0.1 - - [12/Jun/2025 20:57:59] "GET /metrics HTTP/1.1" 200 -
2025-06-12 20:58:14,614 - INFO - 127.0.0.1 - - [12/Jun/2025 20:58:14] "GET /metrics HTTP/1.1" 200 -
2025-06-12 20:58:30,944 - INFO - 127.0.0.1 - - [12/Jun/2025 20:58:30] "GET /metrics HTTP/1.1" 200 -
2025-06-12 20:58:47,304 - INFO - 127.0.0.1 - - [12/Jun/2025 20:58:47] "GET /metrics HTTP/1.1" 200 -
2025-06-12 20:59:03,674 - INFO - 127.0.0.1 - - [12/Jun/2025 20:59:03] "GET /metrics HTTP/1.1" 200 -
2025-06-12 20:59:20,037 - INFO - 127.0.0.1 - - [12/Jun/2025 20:59:20] "GET /metrics HTTP/1.1" 200 -
2025-06-12 20:59:35,650 - INFO - 127.0.0.1 - - [12/Jun/2025 20:59:35] "GET /metrics HTTP/1.1" 200 -
2025-06-12 20:59:50,827 - INFO - 127.0.0.1 - - [12/Jun/2025 20:59:50] "GET /metrics HTTP/1.1" 200 -
2025-06-12 21:00:07,206 - INFO - 127.0.0.1 - - [12/Jun/2025 21:00:07] "GET /metrics HTTP/1.1" 200 -
2025-06-12 21:00:23,571 - INFO - 127.0.0.1 - - [12/Jun/2025 21:00:23] "GET /metrics HTTP/1.1" 200 -
2025-06-12 21:00:39,916 - INFO - 127.0.0.1 - - [12/Jun/2025 21:00:39] "GET /metrics HTTP/1.1" 200 -
2025-06-12 21:00:56,282 - INFO - 127.0.0.1 - - [12/Jun/2025 21:00:56] "GET /metrics HTTP/1.1" 200 -
2025-06-12 21:01:11,921 - INFO - 127.0.0.1 - - [12/Jun/2025 21:01:11] "GET /metrics HTTP/1.1" 200 -
2025-06-12 21:01:27,216 - INFO - 127.0.0.1 - - [12/Jun/2025 21:01:27] "GET /metrics HTTP/1.1" 200 -
2025-06-12 21:01:43,583 - INFO - 127.0.0.1 - - [12/Jun/2025 21:01:43] "GET /metrics HTTP/1.1" 200 -
2025-06-12 21:01:59,952 - INFO - 127.0.0.1 - - [12/Jun/2025 21:01:59] "GET /metrics HTTP/1.1" 200 -
2025-06-12 21:02:15,576 - INFO - 127.0.0.1 - - [12/Jun/2025 21:02:15] "GET /metrics HTTP/1.1" 200 -
2025-06-12 21:02:30,563 - INFO - 127.0.0.1 - - [12/Jun/2025 21:02:30] "GET /metrics HTTP/1.1" 200 -
2025-06-12 21:02:46,090 - INFO - 127.0.0.1 - - [12/Jun/2025 21:02:46] "GET /metrics HTTP/1.1" 200 -
2025-06-12 21:03:02,454 - INFO - 127.0.0.1 - - [12/Jun/2025 21:03:02] "GET /metrics HTTP/1.1" 200 -
2025-06-12 21:03:18,846 - INFO - 127.0.0.1 - - [12/Jun/2025 21:03:18] "GET /metrics HTTP/1.1" 200 -
2025-06-12 21:03:35,181 - INFO - 127.0.0.1 - - [12/Jun/2025 21:03:35] "GET /metrics HTTP/1.1" 200 -
2025-06-12 21:03:50,800 - INFO - 127.0.0.1 - - [12/Jun/2025 21:03:50] "GET /metrics HTTP/1.1" 200 -
2025-06-12 21:04:05,836 - INFO - 127.0.0.1 - - [12/Jun/2025 21:04:05] "GET /metrics HTTP/1.1" 200 -
2025-06-12 21:04:22,199 - INFO - 127.0.0.1 - - [12/Jun/2025 21:04:22] "GET /metrics HTTP/1.1" 200 -
2025-06-12 21:04:38,562 - INFO - 127.0.0.1 - - [12/Jun/2025 21:04:38] "GET /metrics HTTP/1.1" 200 -
2025-06-12 21:04:54,225 - INFO - 127.0.0.1 - - [12/Jun/2025 21:04:54] "GET /metrics HTTP/1.1" 200 -
2025-06-12 21:05:09,535 - INFO - 127.0.0.1 - - [12/Jun/2025 21:05:09] "GET /metrics HTTP/1.1" 200 -
2025-06-12 21:05:25,326 - INFO - 127.0.0.1 - - [12/Jun/2025 21:05:25] "GET /metrics HTTP/1.1" 200 -
2025-06-12 21:05:40,326 - INFO - 127.0.0.1 - - [12/Jun/2025 21:05:40] "GET /metrics HTTP/1.1" 200 -
2025-06-12 21:05:55,336 - INFO - 127.0.0.1 - - [12/Jun/2025 21:05:55] "GET /metrics HTTP/1.1" 200 -
2025-06-12 21:06:10,510 - INFO - 127.0.0.1 - - [12/Jun/2025 21:06:10] "GET /metrics HTTP/1.1" 200 -
2025-06-12 21:06:25,487 - INFO - 127.0.0.1 - - [12/Jun/2025 21:06:25] "GET /metrics HTTP/1.1" 200 -
2025-06-12 21:06:41,351 - INFO - 127.0.0.1 - - [12/Jun/2025 21:06:41] "GET /metrics HTTP/1.1" 200 -
2025-06-12 21:06:57,137 - INFO - 127.0.0.1 - - [12/Jun/2025 21:06:57] "GET /metrics HTTP/1.1" 200 -
2025-06-12 21:07:12,150 - INFO - 127.0.0.1 - - [12/Jun/2025 21:07:12] "GET /metrics HTTP/1.1" 200 -
2025-06-12 21:07:27,134 - INFO - 127.0.0.1 - - [12/Jun/2025 21:07:27] "GET /metrics HTTP/1.1" 200 -
2025-06-12 21:07:42,155 - INFO - 127.0.0.1 - - [12/Jun/2025 21:07:42] "GET /metrics HTTP/1.1" 200 -
2025-06-12 21:07:57,137 - INFO - 127.0.0.1 - - [12/Jun/2025 21:07:57] "GET /metrics HTTP/1.1" 200 -
2025-06-12 21:08:13,456 - INFO - 127.0.0.1 - - [12/Jun/2025 21:08:13] "GET /metrics HTTP/1.1" 200 -
2025-06-12 21:08:29,235 - INFO - 127.0.0.1 - - [12/Jun/2025 21:08:29] "GET /metrics HTTP/1.1" 200 -
2025-06-12 21:08:44,458 - INFO - 127.0.0.1 - - [12/Jun/2025 21:08:44] "GET /metrics HTTP/1.1" 200 -
2025-06-12 21:09:00,266 - INFO - 127.0.0.1 - - [12/Jun/2025 21:09:00] "GET /metrics HTTP/1.1" 200 -
2025-06-12 21:09:15,256 - INFO - 127.0.0.1 - - [12/Jun/2025 21:09:15] "GET /metrics HTTP/1.1" 200 -
2025-06-12 21:09:31,461 - INFO - 127.0.0.1 - - [12/Jun/2025 21:09:31] "GET /metrics HTTP/1.1" 200 -
2025-06-12 21:09:47,849 - INFO - 127.0.0.1 - - [12/Jun/2025 21:09:47] "GET /metrics HTTP/1.1" 200 -
2025-06-12 21:10:04,181 - INFO - 127.0.0.1 - - [12/Jun/2025 21:10:04] "GET /metrics HTTP/1.1" 200 -
2025-06-12 21:10:20,543 - INFO - 127.0.0.1 - - [12/Jun/2025 21:10:20] "GET /metrics HTTP/1.1" 200 -
2025-06-12 21:10:36,168 - INFO - 127.0.0.1 - - [12/Jun/2025 21:10:36] "GET /metrics HTTP/1.1" 200 -
2025-06-12 21:10:51,181 - INFO - 127.0.0.1 - - [12/Jun/2025 21:10:51] "GET /metrics HTTP/1.1" 200 -
2025-06-12 21:11:06,798 - INFO - 127.0.0.1 - - [12/Jun/2025 21:11:06] "GET /metrics HTTP/1.1" 200 -
2025-06-12 21:11:23,150 - INFO - 127.0.0.1 - - [12/Jun/2025 21:11:23] "GET /metrics HTTP/1.1" 200 -
2025-06-12 21:11:38,854 - INFO - 127.0.0.1 - - [12/Jun/2025 21:11:38] "GET /metrics HTTP/1.1" 200 -
2025-06-12 21:11:54,082 - INFO - 127.0.0.1 - - [12/Jun/2025 21:11:54] "GET /metrics HTTP/1.1" 200 -
2025-06-12 21:12:10,440 - INFO - 127.0.0.1 - - [12/Jun/2025 21:12:10] "GET /metrics HTTP/1.1" 200 -
2025-06-12 21:12:26,806 - INFO - 127.0.0.1 - - [12/Jun/2025 21:12:26] "GET /metrics HTTP/1.1" 200 -
2025-06-12 21:12:43,182 - INFO - 127.0.0.1 - - [12/Jun/2025 21:12:43] "GET /metrics HTTP/1.1" 200 -
2025-06-12 21:12:59,534 - INFO - 127.0.0.1 - - [12/Jun/2025 21:12:59] "GET /metrics HTTP/1.1" 200 -
2025-06-12 21:13:15,893 - INFO - 127.0.0.1 - - [12/Jun/2025 21:13:15] "GET /metrics HTTP/1.1" 200 -
2025-06-12 21:13:32,258 - INFO - 127.0.0.1 - - [12/Jun/2025 21:13:32] "GET /metrics HTTP/1.1" 200 -
2025-06-12 21:13:48,661 - INFO - 127.0.0.1 - - [12/Jun/2025 21:13:48] "GET /metrics HTTP/1.1" 200 -
2025-06-12 21:14:04,986 - INFO - 127.0.0.1 - - [12/Jun/2025 21:14:04] "GET /metrics HTTP/1.1" 200 -
2025-06-12 21:14:21,347 - INFO - 127.0.0.1 - - [12/Jun/2025 21:14:21] "GET /metrics HTTP/1.1" 200 -
2025-06-12 21:14:37,712 - INFO - 127.0.0.1 - - [12/Jun/2025 21:14:37] "GET /metrics HTTP/1.1" 200 -
2025-06-12 21:14:53,344 - INFO - 127.0.0.1 - - [12/Jun/2025 21:14:53] "GET /metrics HTTP/1.1" 200 -
2025-06-12 21:15:08,876 - INFO - 127.0.0.1 - - [12/Jun/2025 21:15:08] "GET /metrics HTTP/1.1" 200 -
2025-06-12 21:15:25,263 - INFO - 127.0.0.1 - - [12/Jun/2025 21:15:25] "GET /metrics HTTP/1.1" 200 -
2025-06-12 21:15:41,599 - INFO - 127.0.0.1 - - [12/Jun/2025 21:15:41] "GET /metrics HTTP/1.1" 200 -
2025-06-12 21:15:57,241 - INFO - 127.0.0.1 - - [12/Jun/2025 21:15:57] "GET /metrics HTTP/1.1" 200 -
2025-06-12 21:16:12,367 - INFO - 127.0.0.1 - - [12/Jun/2025 21:16:12] "GET /metrics HTTP/1.1" 200 -
2025-06-12 21:16:28,711 - INFO - 127.0.0.1 - - [12/Jun/2025 21:16:28] "GET /metrics HTTP/1.1" 200 -
2025-06-12 21:16:45,074 - INFO - 127.0.0.1 - - [12/Jun/2025 21:16:45] "GET /metrics HTTP/1.1" 200 -
2025-06-12 21:17:01,435 - INFO - 127.0.0.1 - - [12/Jun/2025 21:17:01] "GET /metrics HTTP/1.1" 200 -
2025-06-12 21:17:17,811 - INFO - 127.0.0.1 - - [12/Jun/2025 21:17:17] "GET /metrics HTTP/1.1" 200 -
2025-06-12 21:17:33,428 - INFO - 127.0.0.1 - - [12/Jun/2025 21:17:33] "GET /metrics HTTP/1.1" 200 -
2025-06-12 21:17:48,684 - INFO - 127.0.0.1 - - [12/Jun/2025 21:17:48] "GET /metrics HTTP/1.1" 200 -
2025-06-12 21:18:05,069 - INFO - 127.0.0.1 - - [12/Jun/2025 21:18:05] "GET /metrics HTTP/1.1" 200 -
2025-06-12 21:18:21,436 - INFO - 127.0.0.1 - - [12/Jun/2025 21:18:21] "GET /metrics HTTP/1.1" 200 -
2025-06-12 21:18:37,039 - INFO - 127.0.0.1 - - [12/Jun/2025 21:18:37] "GET /metrics HTTP/1.1" 200 -
2025-06-12 21:18:52,615 - INFO - 127.0.0.1 - - [12/Jun/2025 21:18:52] "GET /metrics HTTP/1.1" 200 -
2025-06-12 21:19:08,981 - INFO - 127.0.0.1 - - [12/Jun/2025 21:19:08] "GET /metrics HTTP/1.1" 200 -
2025-06-12 21:19:25,340 - INFO - 127.0.0.1 - - [12/Jun/2025 21:19:25] "GET /metrics HTTP/1.1" 200 -
2025-06-12 21:19:40,970 - INFO - 127.0.0.1 - - [12/Jun/2025 21:19:40] "GET /metrics HTTP/1.1" 200 -
2025-06-12 21:19:56,127 - INFO - 127.0.0.1 - - [12/Jun/2025 21:19:56] "GET /metrics HTTP/1.1" 200 -
2025-06-12 21:20:12,493 - INFO - 127.0.0.1 - - [12/Jun/2025 21:20:12] "GET /metrics HTTP/1.1" 200 -
2025-06-12 21:20:28,855 - INFO - 127.0.0.1 - - [12/Jun/2025 21:20:28] "GET /metrics HTTP/1.1" 200 -
2025-06-12 21:20:45,218 - INFO - 127.0.0.1 - - [12/Jun/2025 21:20:45] "GET /metrics HTTP/1.1" 200 -
2025-06-12 21:21:01,588 - INFO - 127.0.0.1 - - [12/Jun/2025 21:21:01] "GET /metrics HTTP/1.1" 200 -
2025-06-12 21:21:17,249 - INFO - 127.0.0.1 - - [12/Jun/2025 21:21:17] "GET /metrics HTTP/1.1" 200 -
2025-06-12 21:21:32,514 - INFO - 127.0.0.1 - - [12/Jun/2025 21:21:32] "GET /metrics HTTP/1.1" 200 -
2025-06-12 21:21:48,905 - INFO - 127.0.0.1 - - [12/Jun/2025 21:21:48] "GET /metrics HTTP/1.1" 200 -
2025-06-12 21:22:05,239 - INFO - 127.0.0.1 - - [12/Jun/2025 21:22:05] "GET /metrics HTTP/1.1" 200 -
2025-06-12 21:22:20,893 - INFO - 127.0.0.1 - - [12/Jun/2025 21:22:20] "GET /metrics HTTP/1.1" 200 -
2025-06-12 21:22:35,874 - INFO - 127.0.0.1 - - [12/Jun/2025 21:22:35] "GET /metrics HTTP/1.1" 200 -
2025-06-12 21:22:51,393 - INFO - 127.0.0.1 - - [12/Jun/2025 21:22:51] "GET /metrics HTTP/1.1" 200 -
2025-06-12 21:23:07,759 - INFO - 127.0.0.1 - - [12/Jun/2025 21:23:07] "GET /metrics HTTP/1.1" 200 -
2025-06-12 21:23:23,481 - INFO - 127.0.0.1 - - [12/Jun/2025 21:23:23] "GET /metrics HTTP/1.1" 200 -
2025-06-12 21:23:38,593 - INFO - 127.0.0.1 - - [12/Jun/2025 21:23:38] "GET /metrics HTTP/1.1" 200 -
2025-06-12 21:23:54,960 - INFO - 127.0.0.1 - - [12/Jun/2025 21:23:54] "GET /metrics HTTP/1.1" 200 -
2025-06-12 21:24:11,345 - INFO - 127.0.0.1 - - [12/Jun/2025 21:24:11] "GET /metrics HTTP/1.1" 200 -
2025-06-12 21:24:27,695 - INFO - 127.0.0.1 - - [12/Jun/2025 21:24:27] "GET /metrics HTTP/1.1" 200 -
2025-06-12 21:24:44,049 - INFO - 127.0.0.1 - - [12/Jun/2025 21:24:44] "GET /metrics HTTP/1.1" 200 -
2025-06-12 21:25:00,413 - INFO - 127.0.0.1 - - [12/Jun/2025 21:25:00] "GET /metrics HTTP/1.1" 200 -
2025-06-12 21:25:16,777 - INFO - 127.0.0.1 - - [12/Jun/2025 21:25:16] "GET /metrics HTTP/1.1" 200 -
2025-06-12 21:25:32,431 - INFO - 127.0.0.1 - - [12/Jun/2025 21:25:32] "GET /metrics HTTP/1.1" 200 -
2025-06-12 21:25:47,483 - INFO - 127.0.0.1 - - [12/Jun/2025 21:25:47] "GET /metrics HTTP/1.1" 200 -
2025-06-12 21:26:03,845 - INFO - 127.0.0.1 - - [12/Jun/2025 21:26:03] "GET /metrics HTTP/1.1" 200 -
2025-06-12 21:26:20,205 - INFO - 127.0.0.1 - - [12/Jun/2025 21:26:20] "GET /metrics HTTP/1.1" 200 -
2025-06-12 21:26:35,848 - INFO - 127.0.0.1 - - [12/Jun/2025 21:26:35] "GET /metrics HTTP/1.1" 200 -
2025-06-12 21:26:51,247 - INFO - 127.0.0.1 - - [12/Jun/2025 21:26:51] "GET /metrics HTTP/1.1" 200 -
2025-06-12 21:27:07,017 - INFO - 127.0.0.1 - - [12/Jun/2025 21:27:07] "GET /metrics HTTP/1.1" 200 -
2025-06-12 21:27:22,017 - INFO - 127.0.0.1 - - [12/Jun/2025 21:27:22] "GET /metrics HTTP/1.1" 200 -
2025-06-12 21:27:38,384 - INFO - 127.0.0.1 - - [12/Jun/2025 21:27:38] "GET /metrics HTTP/1.1" 200 -
2025-06-12 21:27:54,743 - INFO - 127.0.0.1 - - [12/Jun/2025 21:27:54] "GET /metrics HTTP/1.1" 200 -
2025-06-12 21:28:11,129 - INFO - 127.0.0.1 - - [12/Jun/2025 21:28:11] "GET /metrics HTTP/1.1" 200 -
2025-06-12 21:28:27,478 - INFO - 127.0.0.1 - - [12/Jun/2025 21:28:27] "GET /metrics HTTP/1.1" 200 -
2025-06-12 21:28:43,837 - INFO - 127.0.0.1 - - [12/Jun/2025 21:28:43] "GET /metrics HTTP/1.1" 200 -
2025-06-12 21:29:00,197 - INFO - 127.0.0.1 - - [12/Jun/2025 21:29:00] "GET /metrics HTTP/1.1" 200 -
2025-06-12 21:29:15,837 - INFO - 127.0.0.1 - - [12/Jun/2025 21:29:15] "GET /metrics HTTP/1.1" 200 -
2025-06-12 21:29:30,869 - INFO - 127.0.0.1 - - [12/Jun/2025 21:29:30] "GET /metrics HTTP/1.1" 200 -
2025-06-12 21:29:46,442 - INFO - 127.0.0.1 - - [12/Jun/2025 21:29:46] "GET /metrics HTTP/1.1" 200 -
2025-06-12 21:30:02,796 - INFO - 127.0.0.1 - - [12/Jun/2025 21:30:02] "GET /metrics HTTP/1.1" 200 -
2025-06-12 21:30:18,517 - INFO - 127.0.0.1 - - [12/Jun/2025 21:30:18] "GET /metrics HTTP/1.1" 200 -
2025-06-12 21:30:33,693 - INFO - 127.0.0.1 - - [12/Jun/2025 21:30:33] "GET /metrics HTTP/1.1" 200 -
2025-06-12 21:30:50,054 - INFO - 127.0.0.1 - - [12/Jun/2025 21:30:50] "GET /metrics HTTP/1.1" 200 -
2025-06-12 21:31:06,416 - INFO - 127.0.0.1 - - [12/Jun/2025 21:31:06] "GET /metrics HTTP/1.1" 200 -
2025-06-12 21:31:22,779 - INFO - 127.0.0.1 - - [12/Jun/2025 21:31:22] "GET /metrics HTTP/1.1" 200 -
2025-06-12 21:31:39,148 - INFO - 127.0.0.1 - - [12/Jun/2025 21:31:39] "GET /metrics HTTP/1.1" 200 -
2025-06-12 21:31:55,514 - INFO - 127.0.0.1 - - [12/Jun/2025 21:31:55] "GET /metrics HTTP/1.1" 200 -
2025-06-12 21:32:11,871 - INFO - 127.0.0.1 - - [12/Jun/2025 21:32:11] "GET /metrics HTTP/1.1" 200 -
2025-06-12 21:32:28,259 - INFO - 127.0.0.1 - - [12/Jun/2025 21:32:28] "GET /metrics HTTP/1.1" 200 -
2025-06-12 21:32:44,602 - INFO - 127.0.0.1 - - [12/Jun/2025 21:32:44] "GET /metrics HTTP/1.1" 200 -
2025-06-12 21:33:00,967 - INFO - 127.0.0.1 - - [12/Jun/2025 21:33:00] "GET /metrics HTTP/1.1" 200 -
2025-06-12 21:33:17,326 - INFO - 127.0.0.1 - - [12/Jun/2025 21:33:17] "GET /metrics HTTP/1.1" 200 -
2025-06-12 21:33:32,985 - INFO - 127.0.0.1 - - [12/Jun/2025 21:33:32] "GET /metrics HTTP/1.1" 200 -
2025-06-12 21:33:48,473 - INFO - 127.0.0.1 - - [12/Jun/2025 21:33:48] "GET /metrics HTTP/1.1" 200 -
2025-06-12 21:34:04,835 - INFO - 127.0.0.1 - - [12/Jun/2025 21:34:04] "GET /metrics HTTP/1.1" 200 -
2025-06-12 21:34:21,189 - INFO - 127.0.0.1 - - [12/Jun/2025 21:34:21] "GET /metrics HTTP/1.1" 200 -
2025-06-12 21:34:36,834 - INFO - 127.0.0.1 - - [12/Jun/2025 21:34:36] "GET /metrics HTTP/1.1" 200 -
2025-06-12 21:34:51,909 - INFO - 127.0.0.1 - - [12/Jun/2025 21:34:51] "GET /metrics HTTP/1.1" 200 -
2025-06-12 21:35:08,310 - INFO - 127.0.0.1 - - [12/Jun/2025 21:35:08] "GET /metrics HTTP/1.1" 200 -
2025-06-12 21:35:24,642 - INFO - 127.0.0.1 - - [12/Jun/2025 21:35:24] "GET /metrics HTTP/1.1" 200 -
2025-06-12 21:35:40,285 - INFO - 127.0.0.1 - - [12/Jun/2025 21:35:40] "GET /metrics HTTP/1.1" 200 -
2025-06-12 21:35:55,679 - INFO - 127.0.0.1 - - [12/Jun/2025 21:35:55] "GET /metrics HTTP/1.1" 200 -
2025-06-12 21:36:11,481 - INFO - 127.0.0.1 - - [12/Jun/2025 21:36:11] "GET /metrics HTTP/1.1" 200 -
2025-06-12 21:36:26,495 - INFO - 127.0.0.1 - - [12/Jun/2025 21:36:26] "GET /metrics HTTP/1.1" 200 -
2025-06-12 21:36:42,865 - INFO - 127.0.0.1 - - [12/Jun/2025 21:36:42] "GET /metrics HTTP/1.1" 200 -
2025-06-12 21:36:59,233 - INFO - 127.0.0.1 - - [12/Jun/2025 21:36:59] "GET /metrics HTTP/1.1" 200 -
2025-06-12 21:37:15,585 - INFO - 127.0.0.1 - - [12/Jun/2025 21:37:15] "GET /metrics HTTP/1.1" 200 -
2025-06-12 21:37:31,980 - INFO - 127.0.0.1 - - [12/Jun/2025 21:37:31] "GET /metrics HTTP/1.1" 200 -
2025-06-12 21:37:48,313 - INFO - 127.0.0.1 - - [12/Jun/2025 21:37:48] "GET /metrics HTTP/1.1" 200 -
2025-06-12 21:38:04,682 - INFO - 127.0.0.1 - - [12/Jun/2025 21:38:04] "GET /metrics HTTP/1.1" 200 -
2025-06-12 21:38:20,345 - INFO - 127.0.0.1 - - [12/Jun/2025 21:38:20] "GET /metrics HTTP/1.1" 200 -
2025-06-12 21:38:35,324 - INFO - 127.0.0.1 - - [12/Jun/2025 21:38:35] "GET /metrics HTTP/1.1" 200 -
2025-06-12 21:38:50,926 - INFO - 127.0.0.1 - - [12/Jun/2025 21:38:50] "GET /metrics HTTP/1.1" 200 -
2025-06-12 21:39:07,285 - INFO - 127.0.0.1 - - [12/Jun/2025 21:39:07] "GET /metrics HTTP/1.1" 200 -
2025-06-12 21:39:23,649 - INFO - 127.0.0.1 - - [12/Jun/2025 21:39:23] "GET /metrics HTTP/1.1" 200 -
2025-06-12 21:39:40,018 - INFO - 127.0.0.1 - - [12/Jun/2025 21:39:40] "GET /metrics HTTP/1.1" 200 -
2025-06-12 21:39:55,666 - INFO - 127.0.0.1 - - [12/Jun/2025 21:39:55] "GET /metrics HTTP/1.1" 200 -
2025-06-12 21:40:10,762 - INFO - 127.0.0.1 - - [12/Jun/2025 21:40:10] "GET /metrics HTTP/1.1" 200 -
2025-06-12 21:40:27,125 - INFO - 127.0.0.1 - - [12/Jun/2025 21:40:27] "GET /metrics HTTP/1.1" 200 -
2025-06-12 21:40:43,487 - INFO - 127.0.0.1 - - [12/Jun/2025 21:40:43] "GET /metrics HTTP/1.1" 200 -
2025-06-12 21:40:59,138 - INFO - 127.0.0.1 - - [12/Jun/2025 21:40:59] "GET /metrics HTTP/1.1" 200 -
2025-06-12 21:41:14,563 - INFO - 127.0.0.1 - - [12/Jun/2025 21:41:14] "GET /metrics HTTP/1.1" 200 -
2025-06-12 21:41:30,354 - INFO - 127.0.0.1 - - [12/Jun/2025 21:41:30] "GET /metrics HTTP/1.1" 200 -
2025-06-12 21:41:45,417 - INFO - 127.0.0.1 - - [12/Jun/2025 21:41:45] "GET /metrics HTTP/1.1" 200 -
2025-06-12 21:42:01,756 - INFO - 127.0.0.1 - - [12/Jun/2025 21:42:01] "GET /metrics HTTP/1.1" 200 -
2025-06-12 21:42:18,115 - INFO - 127.0.0.1 - - [12/Jun/2025 21:42:18] "GET /metrics HTTP/1.1" 200 -
2025-06-12 21:42:34,481 - INFO - 127.0.0.1 - - [12/Jun/2025 21:42:34] "GET /metrics HTTP/1.1" 200 -
2025-06-12 21:42:50,843 - INFO - 127.0.0.1 - - [12/Jun/2025 21:42:50] "GET /metrics HTTP/1.1" 200 -
2025-06-12 21:43:07,209 - INFO - 127.0.0.1 - - [12/Jun/2025 21:43:07] "GET /metrics HTTP/1.1" 200 -
2025-06-12 21:43:23,572 - INFO - 127.0.0.1 - - [12/Jun/2025 21:43:23] "GET /metrics HTTP/1.1" 200 -
2025-06-12 21:43:39,940 - INFO - 127.0.0.1 - - [12/Jun/2025 21:43:39] "GET /metrics HTTP/1.1" 200 -
2025-06-12 21:43:56,328 - INFO - 127.0.0.1 - - [12/Jun/2025 21:43:56] "GET /metrics HTTP/1.1" 200 -
2025-06-12 21:44:12,664 - INFO - 127.0.0.1 - - [12/Jun/2025 21:44:12] "GET /metrics HTTP/1.1" 200 -
2025-06-12 21:44:29,029 - INFO - 127.0.0.1 - - [12/Jun/2025 21:44:29] "GET /metrics HTTP/1.1" 200 -
2025-06-12 21:44:44,699 - INFO - 127.0.0.1 - - [12/Jun/2025 21:44:44] "GET /metrics HTTP/1.1" 200 -
2025-06-12 21:45:00,029 - INFO - 127.0.0.1 - - [12/Jun/2025 21:45:00] "GET /metrics HTTP/1.1" 200 -
2025-06-12 21:45:15,839 - INFO - 127.0.0.1 - - [12/Jun/2025 21:45:15] "GET /metrics HTTP/1.1" 200 -
2025-06-12 21:45:30,831 - INFO - 127.0.0.1 - - [12/Jun/2025 21:45:30] "GET /metrics HTTP/1.1" 200 -
2025-06-12 21:45:46,427 - INFO - 127.0.0.1 - - [12/Jun/2025 21:45:46] "GET /metrics HTTP/1.1" 200 -
2025-06-12 21:46:02,789 - INFO - 127.0.0.1 - - [12/Jun/2025 21:46:02] "GET /metrics HTTP/1.1" 200 -
2025-06-12 21:46:19,154 - INFO - 127.0.0.1 - - [12/Jun/2025 21:46:19] "GET /metrics HTTP/1.1" 200 -
2025-06-12 21:46:35,517 - INFO - 127.0.0.1 - - [12/Jun/2025 21:46:35] "GET /metrics HTTP/1.1" 200 -
2025-06-12 21:46:51,192 - INFO - 127.0.0.1 - - [12/Jun/2025 21:46:51] "GET /metrics HTTP/1.1" 200 -
2025-06-12 21:47:06,271 - INFO - 127.0.0.1 - - [12/Jun/2025 21:47:06] "GET /metrics HTTP/1.1" 200 -
2025-06-12 21:47:22,629 - INFO - 127.0.0.1 - - [12/Jun/2025 21:47:22] "GET /metrics HTTP/1.1" 200 -
2025-06-12 21:47:38,990 - INFO - 127.0.0.1 - - [12/Jun/2025 21:47:38] "GET /metrics HTTP/1.1" 200 -
2025-06-12 21:47:55,357 - INFO - 127.0.0.1 - - [12/Jun/2025 21:47:55] "GET /metrics HTTP/1.1" 200 -
2025-06-12 21:48:11,720 - INFO - 127.0.0.1 - - [12/Jun/2025 21:48:11] "GET /metrics HTTP/1.1" 200 -
2025-06-12 21:48:27,375 - INFO - 127.0.0.1 - - [12/Jun/2025 21:48:27] "GET /metrics HTTP/1.1" 200 -
2025-06-12 21:48:42,601 - INFO - 127.0.0.1 - - [12/Jun/2025 21:48:42] "GET /metrics HTTP/1.1" 200 -
2025-06-12 21:48:58,452 - INFO - 127.0.0.1 - - [12/Jun/2025 21:48:58] "GET /metrics HTTP/1.1" 200 -
2025-06-12 21:49:13,424 - INFO - 127.0.0.1 - - [12/Jun/2025 21:49:13] "GET /metrics HTTP/1.1" 200 -
2025-06-12 21:49:28,423 - INFO - 127.0.0.1 - - [12/Jun/2025 21:49:28] "GET /metrics HTTP/1.1" 200 -
2025-06-12 21:49:43,496 - INFO - 127.0.0.1 - - [12/Jun/2025 21:49:43] "GET /metrics HTTP/1.1" 200 -
2025-06-12 21:49:58,492 - INFO - 127.0.0.1 - - [12/Jun/2025 21:49:58] "GET /metrics HTTP/1.1" 200 -
2025-06-12 21:50:14,213 - INFO - 127.0.0.1 - - [12/Jun/2025 21:50:14] "GET /metrics HTTP/1.1" 200 -
2025-06-12 21:50:30,572 - INFO - 127.0.0.1 - - [12/Jun/2025 21:50:30] "GET /metrics HTTP/1.1" 200 -
2025-06-12 21:50:46,933 - INFO - 127.0.0.1 - - [12/Jun/2025 21:50:46] "GET /metrics HTTP/1.1" 200 -
2025-06-12 21:51:03,299 - INFO - 127.0.0.1 - - [12/Jun/2025 21:51:03] "GET /metrics HTTP/1.1" 200 -
2025-06-12 21:51:19,662 - INFO - 127.0.0.1 - - [12/Jun/2025 21:51:19] "GET /metrics HTTP/1.1" 200 -
2025-06-12 21:51:36,028 - INFO - 127.0.0.1 - - [12/Jun/2025 21:51:36] "GET /metrics HTTP/1.1" 200 -
2025-06-12 21:51:52,390 - INFO - 127.0.0.1 - - [12/Jun/2025 21:51:52] "GET /metrics HTTP/1.1" 200 -
2025-06-12 21:52:08,756 - INFO - 127.0.0.1 - - [12/Jun/2025 21:52:08] "GET /metrics HTTP/1.1" 200 -
2025-06-12 21:52:25,118 - INFO - 127.0.0.1 - - [12/Jun/2025 21:52:25] "GET /metrics HTTP/1.1" 200 -
2025-06-12 21:52:41,480 - INFO - 127.0.0.1 - - [12/Jun/2025 21:52:41] "GET /metrics HTTP/1.1" 200 -
2025-06-12 21:52:57,839 - INFO - 127.0.0.1 - - [12/Jun/2025 21:52:57] "GET /metrics HTTP/1.1" 200 -
2025-06-12 21:53:13,503 - INFO - 127.0.0.1 - - [12/Jun/2025 21:53:13] "GET /metrics HTTP/1.1" 200 -
2025-06-12 21:53:28,796 - INFO - 127.0.0.1 - - [12/Jun/2025 21:53:28] "GET /metrics HTTP/1.1" 200 -
2025-06-12 21:53:45,156 - INFO - 127.0.0.1 - - [12/Jun/2025 21:53:45] "GET /metrics HTTP/1.1" 200 -
2025-06-12 21:54:01,526 - INFO - 127.0.0.1 - - [12/Jun/2025 21:54:01] "GET /metrics HTTP/1.1" 200 -
2025-06-12 21:54:17,184 - INFO - 127.0.0.1 - - [12/Jun/2025 21:54:17] "GET /metrics HTTP/1.1" 200 -
2025-06-12 21:54:32,182 - INFO - 127.0.0.1 - - [12/Jun/2025 21:54:32] "GET /metrics HTTP/1.1" 200 -
2025-06-12 21:54:47,728 - INFO - 127.0.0.1 - - [12/Jun/2025 21:54:47] "GET /metrics HTTP/1.1" 200 -
2025-06-12 21:55:04,063 - INFO - 127.0.0.1 - - [12/Jun/2025 21:55:04] "GET /metrics HTTP/1.1" 200 -
2025-06-12 21:55:19,811 - INFO - 127.0.0.1 - - [12/Jun/2025 21:55:19] "GET /metrics HTTP/1.1" 200 -
2025-06-12 21:55:34,950 - INFO - 127.0.0.1 - - [12/Jun/2025 21:55:34] "GET /metrics HTTP/1.1" 200 -
2025-06-12 21:55:51,286 - INFO - 127.0.0.1 - - [12/Jun/2025 21:55:51] "GET /metrics HTTP/1.1" 200 -
2025-06-12 21:56:07,652 - INFO - 127.0.0.1 - - [12/Jun/2025 21:56:07] "GET /metrics HTTP/1.1" 200 -
2025-06-12 21:56:24,013 - INFO - 127.0.0.1 - - [12/Jun/2025 21:56:24] "GET /metrics HTTP/1.1" 200 -
2025-06-12 21:56:40,379 - INFO - 127.0.0.1 - - [12/Jun/2025 21:56:40] "GET /metrics HTTP/1.1" 200 -
2025-06-12 21:56:56,039 - INFO - 127.0.0.1 - - [12/Jun/2025 21:56:56] "GET /metrics HTTP/1.1" 200 -
2025-06-12 21:57:11,286 - INFO - 127.0.0.1 - - [12/Jun/2025 21:57:11] "GET /metrics HTTP/1.1" 200 -
2025-06-12 21:57:27,645 - INFO - 127.0.0.1 - - [12/Jun/2025 21:57:27] "GET /metrics HTTP/1.1" 200 -
2025-06-12 21:57:44,036 - INFO - 127.0.0.1 - - [12/Jun/2025 21:57:44] "GET /metrics HTTP/1.1" 200 -
2025-06-12 21:57:59,701 - INFO - 127.0.0.1 - - [12/Jun/2025 21:57:59] "GET /metrics HTTP/1.1" 200 -
2025-06-12 21:58:14,677 - INFO - 127.0.0.1 - - [12/Jun/2025 21:58:14] "GET /metrics HTTP/1.1" 200 -
2025-06-12 21:58:30,139 - INFO - 127.0.0.1 - - [12/Jun/2025 21:58:30] "GET /metrics HTTP/1.1" 200 -
2025-06-12 21:58:46,593 - INFO - 127.0.0.1 - - [12/Jun/2025 21:58:46] "GET /metrics HTTP/1.1" 200 -
2025-06-12 21:59:02,258 - INFO - 127.0.0.1 - - [12/Jun/2025 21:59:02] "GET /metrics HTTP/1.1" 200 -
2025-06-12 21:59:17,342 - INFO - 127.0.0.1 - - [12/Jun/2025 21:59:17] "GET /metrics HTTP/1.1" 200 -
2025-06-12 21:59:33,688 - INFO - 127.0.0.1 - - [12/Jun/2025 21:59:33] "GET /metrics HTTP/1.1" 200 -
2025-06-12 21:59:50,058 - INFO - 127.0.0.1 - - [12/Jun/2025 21:59:50] "GET /metrics HTTP/1.1" 200 -
2025-06-12 22:00:05,734 - INFO - 127.0.0.1 - - [12/Jun/2025 22:00:05] "GET /metrics HTTP/1.1" 200 -
2025-06-12 22:00:21,088 - INFO - 127.0.0.1 - - [12/Jun/2025 22:00:21] "GET /metrics HTTP/1.1" 200 -
2025-06-12 22:00:37,450 - INFO - 127.0.0.1 - - [12/Jun/2025 22:00:37] "GET /metrics HTTP/1.1" 200 -
2025-06-12 22:00:53,841 - INFO - 127.0.0.1 - - [12/Jun/2025 22:00:53] "GET /metrics HTTP/1.1" 200 -
2025-06-12 22:01:10,183 - INFO - 127.0.0.1 - - [12/Jun/2025 22:01:10] "GET /metrics HTTP/1.1" 200 -
2025-06-12 22:01:26,539 - INFO - 127.0.0.1 - - [12/Jun/2025 22:01:26] "GET /metrics HTTP/1.1" 200 -
2025-06-12 22:01:42,902 - INFO - 127.0.0.1 - - [12/Jun/2025 22:01:42] "GET /metrics HTTP/1.1" 200 -
2025-06-12 22:01:59,283 - INFO - 127.0.0.1 - - [12/Jun/2025 22:01:59] "GET /metrics HTTP/1.1" 200 -
2025-06-12 22:02:15,631 - INFO - 127.0.0.1 - - [12/Jun/2025 22:02:15] "GET /metrics HTTP/1.1" 200 -
2025-06-12 22:02:31,994 - INFO - 127.0.0.1 - - [12/Jun/2025 22:02:31] "GET /metrics HTTP/1.1" 200 -
2025-06-12 22:02:48,359 - INFO - 127.0.0.1 - - [12/Jun/2025 22:02:48] "GET /metrics HTTP/1.1" 200 -
2025-06-12 22:03:04,732 - INFO - 127.0.0.1 - - [12/Jun/2025 22:03:04] "GET /metrics HTTP/1.1" 200 -
2025-06-12 22:03:21,084 - INFO - 127.0.0.1 - - [12/Jun/2025 22:03:21] "GET /metrics HTTP/1.1" 200 -
2025-06-12 22:03:37,473 - INFO - 127.0.0.1 - - [12/Jun/2025 22:03:37] "GET /metrics HTTP/1.1" 200 -
2025-06-12 22:03:53,148 - INFO - 127.0.0.1 - - [12/Jun/2025 22:03:53] "GET /metrics HTTP/1.1" 200 -
2025-06-12 22:04:08,607 - INFO - 127.0.0.1 - - [12/Jun/2025 22:04:08] "GET /metrics HTTP/1.1" 200 -
2025-06-12 22:04:24,968 - INFO - 127.0.0.1 - - [12/Jun/2025 22:04:24] "GET /metrics HTTP/1.1" 200 -
2025-06-12 22:04:41,343 - INFO - 127.0.0.1 - - [12/Jun/2025 22:04:41] "GET /metrics HTTP/1.1" 200 -
2025-06-12 22:04:57,000 - INFO - 127.0.0.1 - - [12/Jun/2025 22:04:57] "GET /metrics HTTP/1.1" 200 -
2025-06-12 22:05:12,082 - INFO - 127.0.0.1 - - [12/Jun/2025 22:05:12] "GET /metrics HTTP/1.1" 200 -
2025-06-12 22:05:28,449 - INFO - 127.0.0.1 - - [12/Jun/2025 22:05:28] "GET /metrics HTTP/1.1" 200 -
2025-06-12 22:05:44,837 - INFO - 127.0.0.1 - - [12/Jun/2025 22:05:44] "GET /metrics HTTP/1.1" 200 -
2025-06-12 22:06:00,480 - INFO - 127.0.0.1 - - [12/Jun/2025 22:06:00] "GET /metrics HTTP/1.1" 200 -
2025-06-12 22:06:15,896 - INFO - 127.0.0.1 - - [12/Jun/2025 22:06:15] "GET /metrics HTTP/1.1" 200 -
2025-06-12 22:06:31,710 - INFO - 127.0.0.1 - - [12/Jun/2025 22:06:31] "GET /metrics HTTP/1.1" 200 -
2025-06-12 22:06:46,706 - INFO - 127.0.0.1 - - [12/Jun/2025 22:06:46] "GET /metrics HTTP/1.1" 200 -
2025-06-12 22:07:03,071 - INFO - 127.0.0.1 - - [12/Jun/2025 22:07:03] "GET /metrics HTTP/1.1" 200 -
2025-06-12 22:07:19,437 - INFO - 127.0.0.1 - - [12/Jun/2025 22:07:19] "GET /metrics HTTP/1.1" 200 -
2025-06-12 22:07:35,799 - INFO - 127.0.0.1 - - [12/Jun/2025 22:07:35] "GET /metrics HTTP/1.1" 200 -
2025-06-12 22:07:52,185 - INFO - 127.0.0.1 - - [12/Jun/2025 22:07:52] "GET /metrics HTTP/1.1" 200 -
2025-06-12 22:08:08,523 - INFO - 127.0.0.1 - - [12/Jun/2025 22:08:08] "GET /metrics HTTP/1.1" 200 -
2025-06-12 22:08:24,923 - INFO - 127.0.0.1 - - [12/Jun/2025 22:08:24] "GET /metrics HTTP/1.1" 200 -
2025-06-12 22:08:41,251 - INFO - 127.0.0.1 - - [12/Jun/2025 22:08:41] "GET /metrics HTTP/1.1" 200 -
2025-06-12 22:08:57,626 - INFO - 127.0.0.1 - - [12/Jun/2025 22:08:57] "GET /metrics HTTP/1.1" 200 -
2025-06-12 22:09:13,312 - INFO - 127.0.0.1 - - [12/Jun/2025 22:09:13] "GET /metrics HTTP/1.1" 200 -
2025-06-12 22:09:28,794 - INFO - 127.0.0.1 - - [12/Jun/2025 22:09:28] "GET /metrics HTTP/1.1" 200 -
2025-06-12 22:09:45,159 - INFO - 127.0.0.1 - - [12/Jun/2025 22:09:45] "GET /metrics HTTP/1.1" 200 -
2025-06-12 22:10:01,522 - INFO - 127.0.0.1 - - [12/Jun/2025 22:10:01] "GET /metrics HTTP/1.1" 200 -
2025-06-12 22:10:17,195 - INFO - 127.0.0.1 - - [12/Jun/2025 22:10:17] "GET /metrics HTTP/1.1" 200 -
2025-06-12 22:10:32,293 - INFO - 127.0.0.1 - - [12/Jun/2025 22:10:32] "GET /metrics HTTP/1.1" 200 -
2025-06-12 22:10:48,661 - INFO - 127.0.0.1 - - [12/Jun/2025 22:10:48] "GET /metrics HTTP/1.1" 200 -
2025-06-12 22:11:05,059 - INFO - 127.0.0.1 - - [12/Jun/2025 22:11:05] "GET /metrics HTTP/1.1" 200 -
2025-06-12 22:11:20,693 - INFO - 127.0.0.1 - - [12/Jun/2025 22:11:20] "GET /metrics HTTP/1.1" 200 -
2025-06-12 22:11:36,106 - INFO - 127.0.0.1 - - [12/Jun/2025 22:11:36] "GET /metrics HTTP/1.1" 200 -
2025-06-12 22:11:52,470 - INFO - 127.0.0.1 - - [12/Jun/2025 22:11:52] "GET /metrics HTTP/1.1" 200 -
2025-06-12 22:12:08,849 - INFO - 127.0.0.1 - - [12/Jun/2025 22:12:08] "GET /metrics HTTP/1.1" 200 -
2025-06-12 22:12:24,516 - INFO - 127.0.0.1 - - [12/Jun/2025 22:12:24] "GET /metrics HTTP/1.1" 200 -
2025-06-12 22:12:39,511 - INFO - 127.0.0.1 - - [12/Jun/2025 22:12:39] "GET /metrics HTTP/1.1" 200 -
2025-06-12 22:12:54,517 - INFO - 127.0.0.1 - - [12/Jun/2025 22:12:54] "GET /metrics HTTP/1.1" 200 -
2025-06-12 22:13:09,841 - INFO - 127.0.0.1 - - [12/Jun/2025 22:13:09] "GET /metrics HTTP/1.1" 200 -
2025-06-12 22:13:26,199 - INFO - 127.0.0.1 - - [12/Jun/2025 22:13:26] "GET /metrics HTTP/1.1" 200 -
2025-06-12 22:13:42,575 - INFO - 127.0.0.1 - - [12/Jun/2025 22:13:42] "GET /metrics HTTP/1.1" 200 -
2025-06-12 22:13:58,923 - INFO - 127.0.0.1 - - [12/Jun/2025 22:13:58] "GET /metrics HTTP/1.1" 200 -
2025-06-12 22:14:15,298 - INFO - 127.0.0.1 - - [12/Jun/2025 22:14:15] "GET /metrics HTTP/1.1" 200 -
2025-06-12 22:14:30,995 - INFO - 127.0.0.1 - - [12/Jun/2025 22:14:30] "GET /metrics HTTP/1.1" 200 -
2025-06-12 22:14:46,455 - INFO - 127.0.0.1 - - [12/Jun/2025 22:14:46] "GET /metrics HTTP/1.1" 200 -
2025-06-12 22:15:02,789 - INFO - 127.0.0.1 - - [12/Jun/2025 22:15:02] "GET /metrics HTTP/1.1" 200 -
2025-06-12 22:15:19,182 - INFO - 127.0.0.1 - - [12/Jun/2025 22:15:19] "GET /metrics HTTP/1.1" 200 -
2025-06-12 22:15:34,827 - INFO - 127.0.0.1 - - [12/Jun/2025 22:15:34] "GET /metrics HTTP/1.1" 200 -
2025-06-12 22:15:49,880 - INFO - 127.0.0.1 - - [12/Jun/2025 22:15:49] "GET /metrics HTTP/1.1" 200 -
2025-06-12 22:16:06,239 - INFO - 127.0.0.1 - - [12/Jun/2025 22:16:06] "GET /metrics HTTP/1.1" 200 -
2025-06-12 22:16:22,600 - INFO - 127.0.0.1 - - [12/Jun/2025 22:16:22] "GET /metrics HTTP/1.1" 200 -
2025-06-12 22:16:38,308 - INFO - 127.0.0.1 - - [12/Jun/2025 22:16:38] "GET /metrics HTTP/1.1" 200 -
2025-06-12 22:16:53,646 - INFO - 127.0.0.1 - - [12/Jun/2025 22:16:53] "GET /metrics HTTP/1.1" 200 -
2025-06-12 22:17:09,479 - INFO - 127.0.0.1 - - [12/Jun/2025 22:17:09] "GET /metrics HTTP/1.1" 200 -
2025-06-12 22:17:24,479 - INFO - 127.0.0.1 - - [12/Jun/2025 22:17:24] "GET /metrics HTTP/1.1" 200 -
2025-06-12 22:17:40,829 - INFO - 127.0.0.1 - - [12/Jun/2025 22:17:40] "GET /metrics HTTP/1.1" 200 -
2025-06-12 22:17:57,220 - INFO - 127.0.0.1 - - [12/Jun/2025 22:17:57] "GET /metrics HTTP/1.1" 200 -
2025-06-12 22:18:13,549 - INFO - 127.0.0.1 - - [12/Jun/2025 22:18:13] "GET /metrics HTTP/1.1" 200 -
2025-06-12 22:18:29,915 - INFO - 127.0.0.1 - - [12/Jun/2025 22:18:29] "GET /metrics HTTP/1.1" 200 -
2025-06-12 22:18:45,600 - INFO - 127.0.0.1 - - [12/Jun/2025 22:18:45] "GET /metrics HTTP/1.1" 200 -
2025-06-12 22:19:00,707 - INFO - 127.0.0.1 - - [12/Jun/2025 22:19:00] "GET /metrics HTTP/1.1" 200 -
2025-06-12 22:19:17,072 - INFO - 127.0.0.1 - - [12/Jun/2025 22:19:17] "GET /metrics HTTP/1.1" 200 -
2025-06-12 22:19:33,434 - INFO - 127.0.0.1 - - [12/Jun/2025 22:19:33] "GET /metrics HTTP/1.1" 200 -
2025-06-12 22:19:49,116 - INFO - 127.0.0.1 - - [12/Jun/2025 22:19:49] "GET /metrics HTTP/1.1" 200 -
2025-06-12 22:20:04,542 - INFO - 127.0.0.1 - - [12/Jun/2025 22:20:04] "GET /metrics HTTP/1.1" 200 -
2025-06-12 22:20:20,905 - INFO - 127.0.0.1 - - [12/Jun/2025 22:20:20] "GET /metrics HTTP/1.1" 200 -
2025-06-12 22:20:37,273 - INFO - 127.0.0.1 - - [12/Jun/2025 22:20:37] "GET /metrics HTTP/1.1" 200 -
2025-06-12 22:20:52,955 - INFO - 127.0.0.1 - - [12/Jun/2025 22:20:52] "GET /metrics HTTP/1.1" 200 -
2025-06-12 22:21:07,972 - INFO - 127.0.0.1 - - [12/Jun/2025 22:21:07] "GET /metrics HTTP/1.1" 200 -
2025-06-12 22:21:24,340 - INFO - 127.0.0.1 - - [12/Jun/2025 22:21:24] "GET /metrics HTTP/1.1" 200 -
2025-06-12 22:21:40,701 - INFO - 127.0.0.1 - - [12/Jun/2025 22:21:40] "GET /metrics HTTP/1.1" 200 -
2025-06-12 22:21:56,389 - INFO - 127.0.0.1 - - [12/Jun/2025 22:21:56] "GET /metrics HTTP/1.1" 200 -
2025-06-12 22:22:11,746 - INFO - 127.0.0.1 - - [12/Jun/2025 22:22:11] "GET /metrics HTTP/1.1" 200 -
2025-06-12 22:22:27,568 - INFO - 127.0.0.1 - - [12/Jun/2025 22:22:27] "GET /metrics HTTP/1.1" 200 -
2025-06-12 22:22:42,565 - INFO - 127.0.0.1 - - [12/Jun/2025 22:22:42] "GET /metrics HTTP/1.1" 200 -
2025-06-12 22:22:58,876 - INFO - 127.0.0.1 - - [12/Jun/2025 22:22:58] "GET /metrics HTTP/1.1" 200 -
2025-06-12 22:23:15,247 - INFO - 127.0.0.1 - - [12/Jun/2025 22:23:15] "GET /metrics HTTP/1.1" 200 -
2025-06-12 22:23:30,937 - INFO - 127.0.0.1 - - [12/Jun/2025 22:23:30] "GET /metrics HTTP/1.1" 200 -
2025-06-12 22:23:46,192 - INFO - 127.0.0.1 - - [12/Jun/2025 22:23:46] "GET /metrics HTTP/1.1" 200 -
2025-06-12 22:24:02,552 - INFO - 127.0.0.1 - - [12/Jun/2025 22:24:02] "GET /metrics HTTP/1.1" 200 -
2025-06-12 22:24:18,921 - INFO - 127.0.0.1 - - [12/Jun/2025 22:24:18] "GET /metrics HTTP/1.1" 200 -
2025-06-12 22:24:35,278 - INFO - 127.0.0.1 - - [12/Jun/2025 22:24:35] "GET /metrics HTTP/1.1" 200 -
2025-06-12 22:24:51,643 - INFO - 127.0.0.1 - - [12/Jun/2025 22:24:51] "GET /metrics HTTP/1.1" 200 -
2025-06-12 22:25:08,012 - INFO - 127.0.0.1 - - [12/Jun/2025 22:25:08] "GET /metrics HTTP/1.1" 200 -
2025-06-12 22:25:24,381 - INFO - 127.0.0.1 - - [12/Jun/2025 22:25:24] "GET /metrics HTTP/1.1" 200 -
2025-06-12 22:25:40,745 - INFO - 127.0.0.1 - - [12/Jun/2025 22:25:40] "GET /metrics HTTP/1.1" 200 -
2025-06-12 22:25:57,120 - INFO - 127.0.0.1 - - [12/Jun/2025 22:25:57] "GET /metrics HTTP/1.1" 200 -
2025-06-12 22:26:12,787 - INFO - 127.0.0.1 - - [12/Jun/2025 22:26:12] "GET /metrics HTTP/1.1" 200 -
2025-06-12 22:26:27,801 - INFO - 127.0.0.1 - - [12/Jun/2025 22:26:27] "GET /metrics HTTP/1.1" 200 -
2025-06-12 22:26:44,166 - INFO - 127.0.0.1 - - [12/Jun/2025 22:26:44] "GET /metrics HTTP/1.1" 200 -
2025-06-12 22:27:00,528 - INFO - 127.0.0.1 - - [12/Jun/2025 22:27:00] "GET /metrics HTTP/1.1" 200 -
2025-06-12 22:27:16,224 - INFO - 127.0.0.1 - - [12/Jun/2025 22:27:16] "GET /metrics HTTP/1.1" 200 -
2025-06-12 22:27:31,557 - INFO - 127.0.0.1 - - [12/Jun/2025 22:27:31] "GET /metrics HTTP/1.1" 200 -
2025-06-12 22:27:47,424 - INFO - 127.0.0.1 - - [12/Jun/2025 22:27:47] "GET /metrics HTTP/1.1" 200 -
2025-06-12 22:28:02,402 - INFO - 127.0.0.1 - - [12/Jun/2025 22:28:02] "GET /metrics HTTP/1.1" 200 -
2025-06-12 22:28:18,736 - INFO - 127.0.0.1 - - [12/Jun/2025 22:28:18] "GET /metrics HTTP/1.1" 200 -
2025-06-12 22:28:35,069 - INFO - 127.0.0.1 - - [12/Jun/2025 22:28:35] "GET /metrics HTTP/1.1" 200 -
2025-06-12 22:28:50,770 - INFO - 127.0.0.1 - - [12/Jun/2025 22:28:50] "GET /metrics HTTP/1.1" 200 -
2025-06-12 22:29:06,017 - INFO - 127.0.0.1 - - [12/Jun/2025 22:29:06] "GET /metrics HTTP/1.1" 200 -
2025-06-12 22:29:22,379 - INFO - 127.0.0.1 - - [12/Jun/2025 22:29:22] "GET /metrics HTTP/1.1" 200 -
2025-06-12 22:29:38,748 - INFO - 127.0.0.1 - - [12/Jun/2025 22:29:38] "GET /metrics HTTP/1.1" 200 -
2025-06-12 22:29:55,115 - INFO - 127.0.0.1 - - [12/Jun/2025 22:29:55] "GET /metrics HTTP/1.1" 200 -
2025-06-12 22:30:11,480 - INFO - 127.0.0.1 - - [12/Jun/2025 22:30:11] "GET /metrics HTTP/1.1" 200 -
2025-06-12 22:30:27,866 - INFO - 127.0.0.1 - - [12/Jun/2025 22:30:27] "GET /metrics HTTP/1.1" 200 -
2025-06-12 22:30:44,203 - INFO - 127.0.0.1 - - [12/Jun/2025 22:30:44] "GET /metrics HTTP/1.1" 200 -
2025-06-12 22:31:00,574 - INFO - 127.0.0.1 - - [12/Jun/2025 22:31:00] "GET /metrics HTTP/1.1" 200 -
2025-06-12 22:31:16,928 - INFO - 127.0.0.1 - - [12/Jun/2025 22:31:16] "GET /metrics HTTP/1.1" 200 -
2025-06-12 22:31:32,619 - INFO - 127.0.0.1 - - [12/Jun/2025 22:31:32] "GET /metrics HTTP/1.1" 200 -
2025-06-12 22:31:47,617 - INFO - 127.0.0.1 - - [12/Jun/2025 22:31:47] "GET /metrics HTTP/1.1" 200 -
2025-06-12 22:32:02,626 - INFO - 127.0.0.1 - - [12/Jun/2025 22:32:02] "GET /metrics HTTP/1.1" 200 -
2025-06-12 22:32:17,957 - INFO - 127.0.0.1 - - [12/Jun/2025 22:32:17] "GET /metrics HTTP/1.1" 200 -
2025-06-12 22:32:34,317 - INFO - 127.0.0.1 - - [12/Jun/2025 22:32:34] "GET /metrics HTTP/1.1" 200 -
2025-06-12 22:32:50,706 - INFO - 127.0.0.1 - - [12/Jun/2025 22:32:50] "GET /metrics HTTP/1.1" 200 -
2025-06-12 22:33:07,050 - INFO - 127.0.0.1 - - [12/Jun/2025 22:33:07] "GET /metrics HTTP/1.1" 200 -
2025-06-12 22:33:23,409 - INFO - 127.0.0.1 - - [12/Jun/2025 22:33:23] "GET /metrics HTTP/1.1" 200 -
2025-06-12 22:33:39,130 - INFO - 127.0.0.1 - - [12/Jun/2025 22:33:39] "GET /metrics HTTP/1.1" 200 -
2025-06-12 22:33:54,563 - INFO - 127.0.0.1 - - [12/Jun/2025 22:33:54] "GET /metrics HTTP/1.1" 200 -
2025-06-12 22:34:10,932 - INFO - 127.0.0.1 - - [12/Jun/2025 22:34:10] "GET /metrics HTTP/1.1" 200 -
2025-06-12 22:34:27,298 - INFO - 127.0.0.1 - - [12/Jun/2025 22:34:27] "GET /metrics HTTP/1.1" 200 -
2025-06-12 22:34:42,987 - INFO - 127.0.0.1 - - [12/Jun/2025 22:34:42] "GET /metrics HTTP/1.1" 200 -
2025-06-12 22:34:57,995 - INFO - 127.0.0.1 - - [12/Jun/2025 22:34:57] "GET /metrics HTTP/1.1" 200 -
2025-06-12 22:35:12,988 - INFO - 127.0.0.1 - - [12/Jun/2025 22:35:12] "GET /metrics HTTP/1.1" 200 -
2025-06-12 22:35:27,984 - INFO - 127.0.0.1 - - [12/Jun/2025 22:35:27] "GET /metrics HTTP/1.1" 200 -
2025-06-12 22:35:44,004 - INFO - 127.0.0.1 - - [12/Jun/2025 22:35:44] "GET /metrics HTTP/1.1" 200 -
2025-06-12 22:36:00,375 - INFO - 127.0.0.1 - - [12/Jun/2025 22:36:00] "GET /metrics HTTP/1.1" 200 -
2025-06-12 22:36:16,724 - INFO - 127.0.0.1 - - [12/Jun/2025 22:36:16] "GET /metrics HTTP/1.1" 200 -
2025-06-12 22:36:33,089 - INFO - 127.0.0.1 - - [12/Jun/2025 22:36:33] "GET /metrics HTTP/1.1" 200 -
2025-06-12 22:36:48,786 - INFO - 127.0.0.1 - - [12/Jun/2025 22:36:48] "GET /metrics HTTP/1.1" 200 -
2025-06-12 22:37:04,291 - INFO - 127.0.0.1 - - [12/Jun/2025 22:37:04] "GET /metrics HTTP/1.1" 200 -
2025-06-12 22:37:20,662 - INFO - 127.0.0.1 - - [12/Jun/2025 22:37:20] "GET /metrics HTTP/1.1" 200 -
2025-06-12 22:37:37,021 - INFO - 127.0.0.1 - - [12/Jun/2025 22:37:37] "GET /metrics HTTP/1.1" 200 -
2025-06-12 22:37:52,718 - INFO - 127.0.0.1 - - [12/Jun/2025 22:37:52] "GET /metrics HTTP/1.1" 200 -
2025-06-12 22:38:07,741 - INFO - 127.0.0.1 - - [12/Jun/2025 22:38:07] "GET /metrics HTTP/1.1" 200 -
2025-06-12 22:38:22,752 - INFO - 127.0.0.1 - - [12/Jun/2025 22:38:22] "GET /metrics HTTP/1.1" 200 -
2025-06-12 22:38:38,382 - INFO - 127.0.0.1 - - [12/Jun/2025 22:38:38] "GET /metrics HTTP/1.1" 200 -
2025-06-12 22:38:54,293 - INFO - 127.0.0.1 - - [12/Jun/2025 22:38:54] "GET /metrics HTTP/1.1" 200 -
2025-06-12 22:39:09,522 - INFO - 127.0.0.1 - - [12/Jun/2025 22:39:09] "GET /metrics HTTP/1.1" 200 -
2025-06-12 22:39:25,855 - INFO - 127.0.0.1 - - [12/Jun/2025 22:39:25] "GET /metrics HTTP/1.1" 200 -
2025-06-12 22:39:42,220 - INFO - 127.0.0.1 - - [12/Jun/2025 22:39:42] "GET /metrics HTTP/1.1" 200 -
2025-06-12 22:39:58,578 - INFO - 127.0.0.1 - - [12/Jun/2025 22:39:58] "GET /metrics HTTP/1.1" 200 -
2025-06-12 22:40:14,940 - INFO - 127.0.0.1 - - [12/Jun/2025 22:40:14] "GET /metrics HTTP/1.1" 200 -
2025-06-12 22:40:30,640 - INFO - 127.0.0.1 - - [12/Jun/2025 22:40:30] "GET /metrics HTTP/1.1" 200 -
2025-06-12 22:40:45,990 - INFO - 127.0.0.1 - - [12/Jun/2025 22:40:45] "GET /metrics HTTP/1.1" 200 -
2025-06-12 22:41:02,347 - INFO - 127.0.0.1 - - [12/Jun/2025 22:41:02] "GET /metrics HTTP/1.1" 200 -
2025-06-12 22:41:18,711 - INFO - 127.0.0.1 - - [12/Jun/2025 22:41:18] "GET /metrics HTTP/1.1" 200 -
2025-06-12 22:41:34,425 - INFO - 127.0.0.1 - - [12/Jun/2025 22:41:34] "GET /metrics HTTP/1.1" 200 -
2025-06-12 22:41:49,411 - INFO - 127.0.0.1 - - [12/Jun/2025 22:41:49] "GET /metrics HTTP/1.1" 200 -
2025-06-12 22:42:04,415 - INFO - 127.0.0.1 - - [12/Jun/2025 22:42:04] "GET /metrics HTTP/1.1" 200 -
2025-06-12 22:42:19,687 - INFO - 127.0.0.1 - - [12/Jun/2025 22:42:19] "GET /metrics HTTP/1.1" 200 -
2025-06-12 22:42:36,034 - INFO - 127.0.0.1 - - [12/Jun/2025 22:42:36] "GET /metrics HTTP/1.1" 200 -
2025-06-12 22:42:52,401 - INFO - 127.0.0.1 - - [12/Jun/2025 22:42:52] "GET /metrics HTTP/1.1" 200 -
2025-06-12 22:43:08,766 - INFO - 127.0.0.1 - - [12/Jun/2025 22:43:08] "GET /metrics HTTP/1.1" 200 -
2025-06-12 22:43:25,136 - INFO - 127.0.0.1 - - [12/Jun/2025 22:43:25] "GET /metrics HTTP/1.1" 200 -
2025-06-12 22:43:40,827 - INFO - 127.0.0.1 - - [12/Jun/2025 22:43:40] "GET /metrics HTTP/1.1" 200 -
2025-06-12 22:43:56,217 - INFO - 127.0.0.1 - - [12/Jun/2025 22:43:56] "GET /metrics HTTP/1.1" 200 -
2025-06-12 22:44:12,072 - INFO - 127.0.0.1 - - [12/Jun/2025 22:44:12] "GET /metrics HTTP/1.1" 200 -
2025-06-12 22:44:27,071 - INFO - 127.0.0.1 - - [12/Jun/2025 22:44:27] "GET /metrics HTTP/1.1" 200 -
2025-06-12 22:44:43,451 - INFO - 127.0.0.1 - - [12/Jun/2025 22:44:43] "GET /metrics HTTP/1.1" 200 -
2025-06-12 22:44:59,833 - INFO - 127.0.0.1 - - [12/Jun/2025 22:44:59] "GET /metrics HTTP/1.1" 200 -
2025-06-12 22:45:16,161 - INFO - 127.0.0.1 - - [12/Jun/2025 22:45:16] "GET /metrics HTTP/1.1" 200 -
2025-06-12 22:45:32,527 - INFO - 127.0.0.1 - - [12/Jun/2025 22:45:32] "GET /metrics HTTP/1.1" 200 -
2025-06-12 22:45:48,891 - INFO - 127.0.0.1 - - [12/Jun/2025 22:45:48] "GET /metrics HTTP/1.1" 200 -
2025-06-12 22:46:05,253 - INFO - 127.0.0.1 - - [12/Jun/2025 22:46:05] "GET /metrics HTTP/1.1" 200 -
2025-06-12 22:46:21,616 - INFO - 127.0.0.1 - - [12/Jun/2025 22:46:21] "GET /metrics HTTP/1.1" 200 -
2025-06-12 22:46:37,989 - INFO - 127.0.0.1 - - [12/Jun/2025 22:46:37] "GET /metrics HTTP/1.1" 200 -
2025-06-12 22:46:53,699 - INFO - 127.0.0.1 - - [12/Jun/2025 22:46:53] "GET /metrics HTTP/1.1" 200 -
2025-06-12 22:47:09,179 - INFO - 127.0.0.1 - - [12/Jun/2025 22:47:09] "GET /metrics HTTP/1.1" 200 -
2025-06-12 22:47:25,543 - INFO - 127.0.0.1 - - [12/Jun/2025 22:47:25] "GET /metrics HTTP/1.1" 200 -
2025-06-12 22:47:41,910 - INFO - 127.0.0.1 - - [12/Jun/2025 22:47:41] "GET /metrics HTTP/1.1" 200 -
2025-06-12 22:47:57,612 - INFO - 127.0.0.1 - - [12/Jun/2025 22:47:57] "GET /metrics HTTP/1.1" 200 -
2025-06-12 22:48:12,635 - INFO - 127.0.0.1 - - [12/Jun/2025 22:48:12] "GET /metrics HTTP/1.1" 200 -
2025-06-12 22:48:27,634 - INFO - 127.0.0.1 - - [12/Jun/2025 22:48:27] "GET /metrics HTTP/1.1" 200 -
2025-06-12 22:48:43,273 - INFO - 127.0.0.1 - - [12/Jun/2025 22:48:43] "GET /metrics HTTP/1.1" 200 -
2025-06-12 22:48:59,168 - INFO - 127.0.0.1 - - [12/Jun/2025 22:48:59] "GET /metrics HTTP/1.1" 200 -
2025-06-12 22:49:14,377 - INFO - 127.0.0.1 - - [12/Jun/2025 22:49:14] "GET /metrics HTTP/1.1" 200 -
2025-06-12 22:49:30,747 - INFO - 127.0.0.1 - - [12/Jun/2025 22:49:30] "GET /metrics HTTP/1.1" 200 -
2025-06-12 22:49:47,111 - INFO - 127.0.0.1 - - [12/Jun/2025 22:49:47] "GET /metrics HTTP/1.1" 200 -
2025-06-12 22:50:03,467 - INFO - 127.0.0.1 - - [12/Jun/2025 22:50:03] "GET /metrics HTTP/1.1" 200 -
2025-06-12 22:50:19,830 - INFO - 127.0.0.1 - - [12/Jun/2025 22:50:19] "GET /metrics HTTP/1.1" 200 -
2025-06-12 22:50:35,537 - INFO - 127.0.0.1 - - [12/Jun/2025 22:50:35] "GET /metrics HTTP/1.1" 200 -
2025-06-12 22:50:50,872 - INFO - 127.0.0.1 - - [12/Jun/2025 22:50:50] "GET /metrics HTTP/1.1" 200 -
2025-06-12 22:51:06,739 - INFO - 127.0.0.1 - - [12/Jun/2025 22:51:06] "GET /metrics HTTP/1.1" 200 -
2025-06-12 22:51:21,744 - INFO - 127.0.0.1 - - [12/Jun/2025 22:51:21] "GET /metrics HTTP/1.1" 200 -
2025-06-12 22:51:38,084 - INFO - 127.0.0.1 - - [12/Jun/2025 22:51:38] "GET /metrics HTTP/1.1" 200 -
2025-06-12 22:51:54,413 - INFO - 127.0.0.1 - - [12/Jun/2025 22:51:54] "GET /metrics HTTP/1.1" 200 -
2025-06-12 22:52:10,779 - INFO - 127.0.0.1 - - [12/Jun/2025 22:52:10] "GET /metrics HTTP/1.1" 200 -
2025-06-12 22:52:27,142 - INFO - 127.0.0.1 - - [12/Jun/2025 22:52:27] "GET /metrics HTTP/1.1" 200 -
2025-06-12 22:52:43,508 - INFO - 127.0.0.1 - - [12/Jun/2025 22:52:43] "GET /metrics HTTP/1.1" 200 -
2025-06-12 22:52:59,871 - INFO - 127.0.0.1 - - [12/Jun/2025 22:52:59] "GET /metrics HTTP/1.1" 200 -
2025-06-12 22:53:15,577 - INFO - 127.0.0.1 - - [12/Jun/2025 22:53:15] "GET /metrics HTTP/1.1" 200 -
2025-06-12 22:53:30,574 - INFO - 127.0.0.1 - - [12/Jun/2025 22:53:30] "GET /metrics HTTP/1.1" 200 -
2025-06-12 22:53:45,577 - INFO - 127.0.0.1 - - [12/Jun/2025 22:53:45] "GET /metrics HTTP/1.1" 200 -
2025-06-12 22:54:01,756 - INFO - 127.0.0.1 - - [12/Jun/2025 22:54:01] "GET /metrics HTTP/1.1" 200 -
2025-06-12 22:54:18,111 - INFO - 127.0.0.1 - - [12/Jun/2025 22:54:18] "GET /metrics HTTP/1.1" 200 -
2025-06-12 22:54:34,475 - INFO - 127.0.0.1 - - [12/Jun/2025 22:54:34] "GET /metrics HTTP/1.1" 200 -
2025-06-12 22:54:50,840 - INFO - 127.0.0.1 - - [12/Jun/2025 22:54:50] "GET /metrics HTTP/1.1" 200 -
2025-06-12 22:55:07,215 - INFO - 127.0.0.1 - - [12/Jun/2025 22:55:07] "GET /metrics HTTP/1.1" 200 -
2025-06-12 22:55:23,579 - INFO - 127.0.0.1 - - [12/Jun/2025 22:55:23] "GET /metrics HTTP/1.1" 200 -
2025-06-12 22:55:39,926 - INFO - 127.0.0.1 - - [12/Jun/2025 22:55:39] "GET /metrics HTTP/1.1" 200 -
2025-06-12 22:55:56,308 - INFO - 127.0.0.1 - - [12/Jun/2025 22:55:56] "GET /metrics HTTP/1.1" 200 -
2025-06-12 22:56:12,658 - INFO - 127.0.0.1 - - [12/Jun/2025 22:56:12] "GET /metrics HTTP/1.1" 200 -
2025-06-12 22:56:29,018 - INFO - 127.0.0.1 - - [12/Jun/2025 22:56:29] "GET /metrics HTTP/1.1" 200 -
2025-06-12 22:56:45,395 - INFO - 127.0.0.1 - - [12/Jun/2025 22:56:45] "GET /metrics HTTP/1.1" 200 -
2025-06-12 22:57:01,099 - INFO - 127.0.0.1 - - [12/Jun/2025 22:57:01] "GET /metrics HTTP/1.1" 200 -
2025-06-12 22:57:16,108 - INFO - 127.0.0.1 - - [12/Jun/2025 22:57:16] "GET /metrics HTTP/1.1" 200 -
2025-06-12 22:57:32,471 - INFO - 127.0.0.1 - - [12/Jun/2025 22:57:32] "GET /metrics HTTP/1.1" 200 -
2025-06-12 22:57:48,834 - INFO - 127.0.0.1 - - [12/Jun/2025 22:57:48] "GET /metrics HTTP/1.1" 200 -
2025-06-12 22:58:04,559 - INFO - 127.0.0.1 - - [12/Jun/2025 22:58:04] "GET /metrics HTTP/1.1" 200 -
2025-06-12 22:58:19,879 - INFO - 127.0.0.1 - - [12/Jun/2025 22:58:19] "GET /metrics HTTP/1.1" 200 -
2025-06-12 22:58:35,761 - INFO - 127.0.0.1 - - [12/Jun/2025 22:58:35] "GET /metrics HTTP/1.1" 200 -
2025-06-12 22:58:50,744 - INFO - 127.0.0.1 - - [12/Jun/2025 22:58:50] "GET /metrics HTTP/1.1" 200 -
2025-06-12 22:59:07,054 - INFO - 127.0.0.1 - - [12/Jun/2025 22:59:07] "GET /metrics HTTP/1.1" 200 -
2025-06-12 22:59:23,426 - INFO - 127.0.0.1 - - [12/Jun/2025 22:59:23] "GET /metrics HTTP/1.1" 200 -
2025-06-12 22:59:39,138 - INFO - 127.0.0.1 - - [12/Jun/2025 22:59:39] "GET /metrics HTTP/1.1" 200 -
2025-06-12 22:59:54,395 - INFO - 127.0.0.1 - - [12/Jun/2025 22:59:54] "GET /metrics HTTP/1.1" 200 -
2025-06-12 23:00:10,790 - INFO - 127.0.0.1 - - [12/Jun/2025 23:00:10] "GET /metrics HTTP/1.1" 200 -
2025-06-12 23:00:27,126 - INFO - 127.0.0.1 - - [12/Jun/2025 23:00:27] "GET /metrics HTTP/1.1" 200 -
2025-06-12 23:00:43,483 - INFO - 127.0.0.1 - - [12/Jun/2025 23:00:43] "GET /metrics HTTP/1.1" 200 -
2025-06-12 23:00:59,864 - INFO - 127.0.0.1 - - [12/Jun/2025 23:00:59] "GET /metrics HTTP/1.1" 200 -
2025-06-12 23:01:16,221 - INFO - 127.0.0.1 - - [12/Jun/2025 23:01:16] "GET /metrics HTTP/1.1" 200 -
2025-06-12 23:01:32,601 - INFO - 127.0.0.1 - - [12/Jun/2025 23:01:32] "GET /metrics HTTP/1.1" 200 -
2025-06-12 23:01:48,964 - INFO - 127.0.0.1 - - [12/Jun/2025 23:01:48] "GET /metrics HTTP/1.1" 200 -
2025-06-12 23:02:05,299 - INFO - 127.0.0.1 - - [12/Jun/2025 23:02:05] "GET /metrics HTTP/1.1" 200 -
2025-06-12 23:02:21,664 - INFO - 127.0.0.1 - - [12/Jun/2025 23:02:21] "GET /metrics HTTP/1.1" 200 -
2025-06-12 23:02:38,037 - INFO - 127.0.0.1 - - [12/Jun/2025 23:02:38] "GET /metrics HTTP/1.1" 200 -
2025-06-12 23:02:53,744 - INFO - 127.0.0.1 - - [12/Jun/2025 23:02:53] "GET /metrics HTTP/1.1" 200 -
2025-06-12 23:03:08,748 - INFO - 127.0.0.1 - - [12/Jun/2025 23:03:08] "GET /metrics HTTP/1.1" 200 -
2025-06-12 23:03:23,776 - INFO - 127.0.0.1 - - [12/Jun/2025 23:03:23] "GET /metrics HTTP/1.1" 200 -
2025-06-12 23:03:38,891 - INFO - 127.0.0.1 - - [12/Jun/2025 23:03:38] "GET /metrics HTTP/1.1" 200 -
2025-06-12 23:03:55,272 - INFO - 127.0.0.1 - - [12/Jun/2025 23:03:55] "GET /metrics HTTP/1.1" 200 -
2025-06-12 23:04:11,619 - INFO - 127.0.0.1 - - [12/Jun/2025 23:04:11] "GET /metrics HTTP/1.1" 200 -
2025-06-12 23:04:27,335 - INFO - 127.0.0.1 - - [12/Jun/2025 23:04:27] "GET /metrics HTTP/1.1" 200 -
2025-06-12 23:04:42,801 - INFO - 127.0.0.1 - - [12/Jun/2025 23:04:42] "GET /metrics HTTP/1.1" 200 -
2025-06-12 23:04:58,654 - INFO - 127.0.0.1 - - [12/Jun/2025 23:04:58] "GET /metrics HTTP/1.1" 200 -
2025-06-12 23:05:13,750 - INFO - 127.0.0.1 - - [12/Jun/2025 23:05:13] "GET /metrics HTTP/1.1" 200 -
2025-06-12 23:05:29,657 - INFO - 127.0.0.1 - - [12/Jun/2025 23:05:29] "GET /metrics HTTP/1.1" 200 -
2025-06-12 23:05:44,633 - INFO - 127.0.0.1 - - [12/Jun/2025 23:05:44] "GET /metrics HTTP/1.1" 200 -
2025-06-12 23:05:59,658 - INFO - 127.0.0.1 - - [12/Jun/2025 23:05:59] "GET /metrics HTTP/1.1" 200 -
2025-06-12 23:06:14,676 - INFO - 127.0.0.1 - - [12/Jun/2025 23:06:14] "GET /metrics HTTP/1.1" 200 -
2025-06-12 23:06:31,042 - INFO - 127.0.0.1 - - [12/Jun/2025 23:06:31] "GET /metrics HTTP/1.1" 200 -
2025-06-12 23:06:47,416 - INFO - 127.0.0.1 - - [12/Jun/2025 23:06:47] "GET /metrics HTTP/1.1" 200 -
2025-06-12 23:07:03,766 - INFO - 127.0.0.1 - - [12/Jun/2025 23:07:03] "GET /metrics HTTP/1.1" 200 -
2025-06-12 23:07:20,139 - INFO - 127.0.0.1 - - [12/Jun/2025 23:07:20] "GET /metrics HTTP/1.1" 200 -
2025-06-12 23:07:36,491 - INFO - 127.0.0.1 - - [12/Jun/2025 23:07:36] "GET /metrics HTTP/1.1" 200 -
2025-06-12 23:07:52,867 - INFO - 127.0.0.1 - - [12/Jun/2025 23:07:52] "GET /metrics HTTP/1.1" 200 -
2025-06-12 23:08:09,230 - INFO - 127.0.0.1 - - [12/Jun/2025 23:08:09] "GET /metrics HTTP/1.1" 200 -
2025-06-12 23:08:25,586 - INFO - 127.0.0.1 - - [12/Jun/2025 23:08:25] "GET /metrics HTTP/1.1" 200 -
2025-06-12 23:08:41,953 - INFO - 127.0.0.1 - - [12/Jun/2025 23:08:41] "GET /metrics HTTP/1.1" 200 -
2025-06-12 23:08:58,310 - INFO - 127.0.0.1 - - [12/Jun/2025 23:08:58] "GET /metrics HTTP/1.1" 200 -
2025-06-12 23:09:14,700 - INFO - 127.0.0.1 - - [12/Jun/2025 23:09:14] "GET /metrics HTTP/1.1" 200 -
2025-06-12 23:09:31,041 - INFO - 127.0.0.1 - - [12/Jun/2025 23:09:31] "GET /metrics HTTP/1.1" 200 -
2025-06-12 23:09:46,759 - INFO - 127.0.0.1 - - [12/Jun/2025 23:09:46] "GET /metrics HTTP/1.1" 200 -
2025-06-12 23:10:01,951 - INFO - 127.0.0.1 - - [12/Jun/2025 23:10:01] "GET /metrics HTTP/1.1" 200 -
2025-06-12 23:10:17,809 - INFO - 127.0.0.1 - - [12/Jun/2025 23:10:17] "GET /metrics HTTP/1.1" 200 -
2025-06-12 23:10:32,812 - INFO - 127.0.0.1 - - [12/Jun/2025 23:10:32] "GET /metrics HTTP/1.1" 200 -
2025-06-12 23:10:48,216 - INFO - 127.0.0.1 - - [12/Jun/2025 23:10:48] "GET /metrics HTTP/1.1" 200 -
2025-06-12 23:11:04,590 - INFO - 127.0.0.1 - - [12/Jun/2025 23:11:04] "GET /metrics HTTP/1.1" 200 -
2025-06-12 23:11:20,940 - INFO - 127.0.0.1 - - [12/Jun/2025 23:11:20] "GET /metrics HTTP/1.1" 200 -
2025-06-12 23:11:37,304 - INFO - 127.0.0.1 - - [12/Jun/2025 23:11:37] "GET /metrics HTTP/1.1" 200 -
2025-06-12 23:11:53,667 - INFO - 127.0.0.1 - - [12/Jun/2025 23:11:53] "GET /metrics HTTP/1.1" 200 -
2025-06-12 23:12:10,028 - INFO - 127.0.0.1 - - [12/Jun/2025 23:12:10] "GET /metrics HTTP/1.1" 200 -
2025-06-12 23:12:26,393 - INFO - 127.0.0.1 - - [12/Jun/2025 23:12:26] "GET /metrics HTTP/1.1" 200 -
2025-06-12 23:12:42,755 - INFO - 127.0.0.1 - - [12/Jun/2025 23:12:42] "GET /metrics HTTP/1.1" 200 -
2025-06-12 23:12:58,490 - INFO - 127.0.0.1 - - [12/Jun/2025 23:12:58] "GET /metrics HTTP/1.1" 200 -
2025-06-12 23:13:13,729 - INFO - 127.0.0.1 - - [12/Jun/2025 23:13:13] "GET /metrics HTTP/1.1" 200 -
2025-06-12 23:13:29,613 - INFO - 127.0.0.1 - - [12/Jun/2025 23:13:29] "GET /metrics HTTP/1.1" 200 -
2025-06-12 23:13:44,613 - INFO - 127.0.0.1 - - [12/Jun/2025 23:13:44] "GET /metrics HTTP/1.1" 200 -
2025-06-12 23:13:59,613 - INFO - 127.0.0.1 - - [12/Jun/2025 23:13:59] "GET /metrics HTTP/1.1" 200 -
2025-06-12 23:14:14,777 - INFO - 127.0.0.1 - - [12/Jun/2025 23:14:14] "GET /metrics HTTP/1.1" 200 -
2025-06-12 23:14:29,777 - INFO - 127.0.0.1 - - [12/Jun/2025 23:14:29] "GET /metrics HTTP/1.1" 200 -
2025-06-12 23:14:45,516 - INFO - 127.0.0.1 - - [12/Jun/2025 23:14:45] "GET /metrics HTTP/1.1" 200 -
2025-06-12 23:15:01,877 - INFO - 127.0.0.1 - - [12/Jun/2025 23:15:01] "GET /metrics HTTP/1.1" 200 -
2025-06-12 23:15:18,241 - INFO - 127.0.0.1 - - [12/Jun/2025 23:15:18] "GET /metrics HTTP/1.1" 200 -
2025-06-12 23:15:34,624 - INFO - 127.0.0.1 - - [12/Jun/2025 23:15:34] "GET /metrics HTTP/1.1" 200 -
2025-06-12 23:15:50,971 - INFO - 127.0.0.1 - - [12/Jun/2025 23:15:50] "GET /metrics HTTP/1.1" 200 -
2025-06-12 23:16:07,336 - INFO - 127.0.0.1 - - [12/Jun/2025 23:16:07] "GET /metrics HTTP/1.1" 200 -
2025-06-12 23:16:23,698 - INFO - 127.0.0.1 - - [12/Jun/2025 23:16:23] "GET /metrics HTTP/1.1" 200 -
2025-06-12 23:16:40,099 - INFO - 127.0.0.1 - - [12/Jun/2025 23:16:40] "GET /metrics HTTP/1.1" 200 -
2025-06-12 23:16:56,426 - INFO - 127.0.0.1 - - [12/Jun/2025 23:16:56] "GET /metrics HTTP/1.1" 200 -
2025-06-12 23:17:12,790 - INFO - 127.0.0.1 - - [12/Jun/2025 23:17:12] "GET /metrics HTTP/1.1" 200 -
2025-06-12 23:17:29,157 - INFO - 127.0.0.1 - - [12/Jun/2025 23:17:29] "GET /metrics HTTP/1.1" 200 -
2025-06-12 23:17:44,878 - INFO - 127.0.0.1 - - [12/Jun/2025 23:17:44] "GET /metrics HTTP/1.1" 200 -
2025-06-12 23:18:00,208 - INFO - 127.0.0.1 - - [12/Jun/2025 23:18:00] "GET /metrics HTTP/1.1" 200 -
2025-06-12 23:18:16,081 - INFO - 127.0.0.1 - - [12/Jun/2025 23:18:16] "GET /metrics HTTP/1.1" 200 -
2025-06-12 23:18:31,072 - INFO - 127.0.0.1 - - [12/Jun/2025 23:18:31] "GET /metrics HTTP/1.1" 200 -
2025-06-12 23:18:47,399 - INFO - 127.0.0.1 - - [12/Jun/2025 23:18:47] "GET /metrics HTTP/1.1" 200 -
2025-06-12 23:19:03,733 - INFO - 127.0.0.1 - - [12/Jun/2025 23:19:03] "GET /metrics HTTP/1.1" 200 -
2025-06-12 23:19:20,101 - INFO - 127.0.0.1 - - [12/Jun/2025 23:19:20] "GET /metrics HTTP/1.1" 200 -
2025-06-12 23:19:36,465 - INFO - 127.0.0.1 - - [12/Jun/2025 23:19:36] "GET /metrics HTTP/1.1" 200 -
2025-06-12 23:19:52,849 - INFO - 127.0.0.1 - - [12/Jun/2025 23:19:52] "GET /metrics HTTP/1.1" 200 -
2025-06-12 23:20:09,198 - INFO - 127.0.0.1 - - [12/Jun/2025 23:20:09] "GET /metrics HTTP/1.1" 200 -
2025-06-12 23:20:24,921 - INFO - 127.0.0.1 - - [12/Jun/2025 23:20:24] "GET /metrics HTTP/1.1" 200 -
2025-06-12 23:20:39,925 - INFO - 127.0.0.1 - - [12/Jun/2025 23:20:39] "GET /metrics HTTP/1.1" 200 -
2025-06-12 23:20:54,932 - INFO - 127.0.0.1 - - [12/Jun/2025 23:20:54] "GET /metrics HTTP/1.1" 200 -
2025-06-12 23:21:10,156 - INFO - 127.0.0.1 - - [12/Jun/2025 23:21:10] "GET /metrics HTTP/1.1" 200 -
2025-06-12 23:21:26,492 - INFO - 127.0.0.1 - - [12/Jun/2025 23:21:26] "GET /metrics HTTP/1.1" 200 -
2025-06-12 23:21:43,273 - INFO - 127.0.0.1 - - [12/Jun/2025 23:21:43] "GET /metrics HTTP/1.1" 200 -
2025-06-12 23:22:13,570 - INFO - 127.0.0.1 - - [12/Jun/2025 23:22:13] "GET /metrics HTTP/1.1" 200 -
2025-06-12 23:22:28,588 - INFO - 127.0.0.1 - - [12/Jun/2025 23:22:28] "GET /metrics HTTP/1.1" 200 -
2025-06-12 23:22:43,582 - INFO - 127.0.0.1 - - [12/Jun/2025 23:22:43] "GET /metrics HTTP/1.1" 200 -
2025-06-12 23:22:58,586 - INFO - 127.0.0.1 - - [12/Jun/2025 23:22:58] "GET /metrics HTTP/1.1" 200 -
2025-06-12 23:23:14,609 - INFO - 127.0.0.1 - - [12/Jun/2025 23:23:14] "GET /metrics HTTP/1.1" 200 -
2025-06-12 23:23:30,976 - INFO - 127.0.0.1 - - [12/Jun/2025 23:23:30] "GET /metrics HTTP/1.1" 200 -
2025-06-12 23:23:47,353 - INFO - 127.0.0.1 - - [12/Jun/2025 23:23:47] "GET /metrics HTTP/1.1" 200 -
2025-06-12 23:24:03,729 - INFO - 127.0.0.1 - - [12/Jun/2025 23:24:03] "GET /metrics HTTP/1.1" 200 -
2025-06-12 23:24:20,075 - INFO - 127.0.0.1 - - [12/Jun/2025 23:24:20] "GET /metrics HTTP/1.1" 200 -
2025-06-12 23:24:36,440 - INFO - 127.0.0.1 - - [12/Jun/2025 23:24:36] "GET /metrics HTTP/1.1" 200 -
2025-06-12 23:24:52,835 - INFO - 127.0.0.1 - - [12/Jun/2025 23:24:52] "GET /metrics HTTP/1.1" 200 -
2025-06-12 23:25:09,188 - INFO - 127.0.0.1 - - [12/Jun/2025 23:25:09] "GET /metrics HTTP/1.1" 200 -
2025-06-12 23:25:25,525 - INFO - 127.0.0.1 - - [12/Jun/2025 23:25:25] "GET /metrics HTTP/1.1" 200 -
2025-06-12 23:25:41,897 - INFO - 127.0.0.1 - - [12/Jun/2025 23:25:41] "GET /metrics HTTP/1.1" 200 -
2025-06-12 23:25:58,265 - INFO - 127.0.0.1 - - [12/Jun/2025 23:25:58] "GET /metrics HTTP/1.1" 200 -
2025-06-12 23:26:14,621 - INFO - 127.0.0.1 - - [12/Jun/2025 23:26:14] "GET /metrics HTTP/1.1" 200 -
2025-06-12 23:26:30,975 - INFO - 127.0.0.1 - - [12/Jun/2025 23:26:30] "GET /metrics HTTP/1.1" 200 -
2025-06-12 23:26:47,348 - INFO - 127.0.0.1 - - [12/Jun/2025 23:26:47] "GET /metrics HTTP/1.1" 200 -
2025-06-12 23:27:03,728 - INFO - 127.0.0.1 - - [12/Jun/2025 23:27:03] "GET /metrics HTTP/1.1" 200 -
2025-06-12 23:27:19,472 - INFO - 127.0.0.1 - - [12/Jun/2025 23:27:19] "GET /metrics HTTP/1.1" 200 -
2025-06-12 23:27:34,679 - INFO - 127.0.0.1 - - [12/Jun/2025 23:27:34] "GET /metrics HTTP/1.1" 200 -
2025-06-12 23:27:50,606 - INFO - 127.0.0.1 - - [12/Jun/2025 23:27:50] "GET /metrics HTTP/1.1" 200 -
2025-06-12 23:28:05,579 - INFO - 127.0.0.1 - - [12/Jun/2025 23:28:05] "GET /metrics HTTP/1.1" 200 -
2025-06-12 23:28:20,588 - INFO - 127.0.0.1 - - [12/Jun/2025 23:28:20] "GET /metrics HTTP/1.1" 200 -
2025-06-12 23:28:35,761 - INFO - 127.0.0.1 - - [12/Jun/2025 23:28:35] "GET /metrics HTTP/1.1" 200 -
2025-06-12 23:28:52,126 - INFO - 127.0.0.1 - - [12/Jun/2025 23:28:52] "GET /metrics HTTP/1.1" 200 -
2025-06-12 23:29:08,488 - INFO - 127.0.0.1 - - [12/Jun/2025 23:29:08] "GET /metrics HTTP/1.1" 200 -
2025-06-12 23:29:24,851 - INFO - 127.0.0.1 - - [12/Jun/2025 23:29:24] "GET /metrics HTTP/1.1" 200 -
2025-06-12 23:29:41,212 - INFO - 127.0.0.1 - - [12/Jun/2025 23:29:41] "GET /metrics HTTP/1.1" 200 -
2025-06-12 23:29:57,577 - INFO - 127.0.0.1 - - [12/Jun/2025 23:29:57] "GET /metrics HTTP/1.1" 200 -
2025-06-12 23:30:13,952 - INFO - 127.0.0.1 - - [12/Jun/2025 23:30:13] "GET /metrics HTTP/1.1" 200 -
2025-06-12 23:30:30,306 - INFO - 127.0.0.1 - - [12/Jun/2025 23:30:30] "GET /metrics HTTP/1.1" 200 -
2025-06-12 23:30:46,687 - INFO - 127.0.0.1 - - [12/Jun/2025 23:30:46] "GET /metrics HTTP/1.1" 200 -
2025-06-12 23:31:03,043 - INFO - 127.0.0.1 - - [12/Jun/2025 23:31:03] "GET /metrics HTTP/1.1" 200 -
2025-06-12 23:31:19,396 - INFO - 127.0.0.1 - - [12/Jun/2025 23:31:19] "GET /metrics HTTP/1.1" 200 -
2025-06-12 23:31:35,132 - INFO - 127.0.0.1 - - [12/Jun/2025 23:31:35] "GET /metrics HTTP/1.1" 200 -
2025-06-12 23:31:50,134 - INFO - 127.0.0.1 - - [12/Jun/2025 23:31:50] "GET /metrics HTTP/1.1" 200 -
2025-06-12 23:32:05,164 - INFO - 127.0.0.1 - - [12/Jun/2025 23:32:05] "GET /metrics HTTP/1.1" 200 -
2025-06-12 23:32:20,216 - INFO - 127.0.0.1 - - [12/Jun/2025 23:32:20] "GET /metrics HTTP/1.1" 200 -
2025-06-12 23:32:36,604 - INFO - 127.0.0.1 - - [12/Jun/2025 23:32:36] "GET /metrics HTTP/1.1" 200 -
2025-06-12 23:32:52,942 - INFO - 127.0.0.1 - - [12/Jun/2025 23:32:52] "GET /metrics HTTP/1.1" 200 -
2025-06-12 23:33:08,685 - INFO - 127.0.0.1 - - [12/Jun/2025 23:33:08] "GET /metrics HTTP/1.1" 200 -
2025-06-12 23:33:24,073 - INFO - 127.0.0.1 - - [12/Jun/2025 23:33:24] "GET /metrics HTTP/1.1" 200 -
2025-06-12 23:33:39,960 - INFO - 127.0.0.1 - - [12/Jun/2025 23:33:39] "GET /metrics HTTP/1.1" 200 -
2025-06-12 23:33:55,003 - INFO - 127.0.0.1 - - [12/Jun/2025 23:33:55] "GET /metrics HTTP/1.1" 200 -
2025-06-12 23:34:11,373 - INFO - 127.0.0.1 - - [12/Jun/2025 23:34:11] "GET /metrics HTTP/1.1" 200 -
2025-06-12 23:34:27,715 - INFO - 127.0.0.1 - - [12/Jun/2025 23:34:27] "GET /metrics HTTP/1.1" 200 -
2025-06-12 23:34:44,082 - INFO - 127.0.0.1 - - [12/Jun/2025 23:34:44] "GET /metrics HTTP/1.1" 200 -
2025-06-12 23:35:00,438 - INFO - 127.0.0.1 - - [12/Jun/2025 23:35:00] "GET /metrics HTTP/1.1" 200 -
2025-06-12 23:35:16,797 - INFO - 127.0.0.1 - - [12/Jun/2025 23:35:16] "GET /metrics HTTP/1.1" 200 -
2025-06-12 23:35:33,170 - INFO - 127.0.0.1 - - [12/Jun/2025 23:35:33] "GET /metrics HTTP/1.1" 200 -
2025-06-12 23:35:49,525 - INFO - 127.0.0.1 - - [12/Jun/2025 23:35:49] "GET /metrics HTTP/1.1" 200 -
2025-06-12 23:36:05,893 - INFO - 127.0.0.1 - - [12/Jun/2025 23:36:05] "GET /metrics HTTP/1.1" 200 -
2025-06-12 23:36:21,631 - INFO - 127.0.0.1 - - [12/Jun/2025 23:36:21] "GET /metrics HTTP/1.1" 200 -
2025-06-12 23:36:36,629 - INFO - 127.0.0.1 - - [12/Jun/2025 23:36:36] "GET /metrics HTTP/1.1" 200 -
2025-06-12 23:36:51,634 - INFO - 127.0.0.1 - - [12/Jun/2025 23:36:51] "GET /metrics HTTP/1.1" 200 -
2025-06-12 23:37:06,732 - INFO - 127.0.0.1 - - [12/Jun/2025 23:37:06] "GET /metrics HTTP/1.1" 200 -
2025-06-12 23:37:23,097 - INFO - 127.0.0.1 - - [12/Jun/2025 23:37:23] "GET /metrics HTTP/1.1" 200 -
2025-06-12 23:37:39,486 - INFO - 127.0.0.1 - - [12/Jun/2025 23:37:39] "GET /metrics HTTP/1.1" 200 -
2025-06-12 23:37:55,209 - INFO - 127.0.0.1 - - [12/Jun/2025 23:37:55] "GET /metrics HTTP/1.1" 200 -
2025-06-12 23:38:10,612 - INFO - 127.0.0.1 - - [12/Jun/2025 23:38:10] "GET /metrics HTTP/1.1" 200 -
2025-06-12 23:38:26,500 - INFO - 127.0.0.1 - - [12/Jun/2025 23:38:26] "GET /metrics HTTP/1.1" 200 -
2025-06-12 23:38:41,541 - INFO - 127.0.0.1 - - [12/Jun/2025 23:38:41] "GET /metrics HTTP/1.1" 200 -
2025-06-12 23:38:57,907 - INFO - 127.0.0.1 - - [12/Jun/2025 23:38:57] "GET /metrics HTTP/1.1" 200 -
2025-06-12 23:39:14,268 - INFO - 127.0.0.1 - - [12/Jun/2025 23:39:14] "GET /metrics HTTP/1.1" 200 -
2025-06-12 23:39:30,649 - INFO - 127.0.0.1 - - [12/Jun/2025 23:39:30] "GET /metrics HTTP/1.1" 200 -
2025-06-12 23:39:47,002 - INFO - 127.0.0.1 - - [12/Jun/2025 23:39:47] "GET /metrics HTTP/1.1" 200 -
2025-06-12 23:40:03,358 - INFO - 127.0.0.1 - - [12/Jun/2025 23:40:03] "GET /metrics HTTP/1.1" 200 -
2025-06-12 23:40:19,756 - INFO - 127.0.0.1 - - [12/Jun/2025 23:40:19] "GET /metrics HTTP/1.1" 200 -
2025-06-12 23:40:36,091 - INFO - 127.0.0.1 - - [12/Jun/2025 23:40:36] "GET /metrics HTTP/1.1" 200 -
2025-06-12 23:40:52,484 - INFO - 127.0.0.1 - - [12/Jun/2025 23:40:52] "GET /metrics HTTP/1.1" 200 -
2025-06-12 23:41:08,818 - INFO - 127.0.0.1 - - [12/Jun/2025 23:41:08] "GET /metrics HTTP/1.1" 200 -
2025-06-12 23:41:25,177 - INFO - 127.0.0.1 - - [12/Jun/2025 23:41:25] "GET /metrics HTTP/1.1" 200 -
2025-06-12 23:41:41,545 - INFO - 127.0.0.1 - - [12/Jun/2025 23:41:41] "GET /metrics HTTP/1.1" 200 -
2025-06-12 23:41:57,938 - INFO - 127.0.0.1 - - [12/Jun/2025 23:41:57] "GET /metrics HTTP/1.1" 200 -
2025-06-12 23:42:13,657 - INFO - 127.0.0.1 - - [12/Jun/2025 23:42:13] "GET /metrics HTTP/1.1" 200 -
2025-06-12 23:42:28,813 - INFO - 127.0.0.1 - - [12/Jun/2025 23:42:28] "GET /metrics HTTP/1.1" 200 -
2025-06-12 23:42:44,751 - INFO - 127.0.0.1 - - [12/Jun/2025 23:42:44] "GET /metrics HTTP/1.1" 200 -
2025-06-12 23:42:59,757 - INFO - 127.0.0.1 - - [12/Jun/2025 23:42:59] "GET /metrics HTTP/1.1" 200 -
2025-06-12 23:43:15,131 - INFO - 127.0.0.1 - - [12/Jun/2025 23:43:15] "GET /metrics HTTP/1.1" 200 -
2025-06-12 23:43:31,490 - INFO - 127.0.0.1 - - [12/Jun/2025 23:43:31] "GET /metrics HTTP/1.1" 200 -
2025-06-12 23:43:47,853 - INFO - 127.0.0.1 - - [12/Jun/2025 23:43:47] "GET /metrics HTTP/1.1" 200 -
2025-06-12 23:44:04,217 - INFO - 127.0.0.1 - - [12/Jun/2025 23:44:04] "GET /metrics HTTP/1.1" 200 -
2025-06-12 23:44:20,598 - INFO - 127.0.0.1 - - [12/Jun/2025 23:44:20] "GET /metrics HTTP/1.1" 200 -
2025-06-12 23:44:36,947 - INFO - 127.0.0.1 - - [12/Jun/2025 23:44:36] "GET /metrics HTTP/1.1" 200 -
2025-06-12 23:44:53,309 - INFO - 127.0.0.1 - - [12/Jun/2025 23:44:53] "GET /metrics HTTP/1.1" 200 -
2025-06-12 23:45:09,702 - INFO - 127.0.0.1 - - [12/Jun/2025 23:45:09] "GET /metrics HTTP/1.1" 200 -
2025-06-12 23:45:26,038 - INFO - 127.0.0.1 - - [12/Jun/2025 23:45:26] "GET /metrics HTTP/1.1" 200 -
2025-06-12 23:45:42,415 - INFO - 127.0.0.1 - - [12/Jun/2025 23:45:42] "GET /metrics HTTP/1.1" 200 -
2025-06-12 23:45:58,149 - INFO - 127.0.0.1 - - [12/Jun/2025 23:45:58] "GET /metrics HTTP/1.1" 200 -
2025-06-12 23:46:13,197 - INFO - 127.0.0.1 - - [12/Jun/2025 23:46:13] "GET /metrics HTTP/1.1" 200 -
2025-06-12 23:46:28,220 - INFO - 127.0.0.1 - - [12/Jun/2025 23:46:28] "GET /metrics HTTP/1.1" 200 -
2025-06-12 23:46:43,804 - INFO - 127.0.0.1 - - [12/Jun/2025 23:46:43] "GET /metrics HTTP/1.1" 200 -
2025-06-12 23:47:00,184 - INFO - 127.0.0.1 - - [12/Jun/2025 23:47:00] "GET /metrics HTTP/1.1" 200 -
2025-06-12 23:47:16,552 - INFO - 127.0.0.1 - - [12/Jun/2025 23:47:16] "GET /metrics HTTP/1.1" 200 -
2025-06-12 23:47:32,889 - INFO - 127.0.0.1 - - [12/Jun/2025 23:47:32] "GET /metrics HTTP/1.1" 200 -
2025-06-12 23:47:49,259 - INFO - 127.0.0.1 - - [12/Jun/2025 23:47:49] "GET /metrics HTTP/1.1" 200 -
2025-06-12 23:48:05,631 - INFO - 127.0.0.1 - - [12/Jun/2025 23:48:05] "GET /metrics HTTP/1.1" 200 -
2025-06-12 23:48:21,981 - INFO - 127.0.0.1 - - [12/Jun/2025 23:48:21] "GET /metrics HTTP/1.1" 200 -
2025-06-12 23:48:38,375 - INFO - 127.0.0.1 - - [12/Jun/2025 23:48:38] "GET /metrics HTTP/1.1" 200 -
2025-06-12 23:48:54,710 - INFO - 127.0.0.1 - - [12/Jun/2025 23:48:54] "GET /metrics HTTP/1.1" 200 -
2025-06-12 23:49:11,103 - INFO - 127.0.0.1 - - [12/Jun/2025 23:49:11] "GET /metrics HTTP/1.1" 200 -
2025-06-12 23:49:27,459 - INFO - 127.0.0.1 - - [12/Jun/2025 23:49:27] "GET /metrics HTTP/1.1" 200 -
2025-06-12 23:49:43,806 - INFO - 127.0.0.1 - - [12/Jun/2025 23:49:43] "GET /metrics HTTP/1.1" 200 -
2025-06-12 23:50:00,161 - INFO - 127.0.0.1 - - [12/Jun/2025 23:50:00] "GET /metrics HTTP/1.1" 200 -
2025-06-12 23:50:15,915 - INFO - 127.0.0.1 - - [12/Jun/2025 23:50:15] "GET /metrics HTTP/1.1" 200 -
2025-06-12 23:50:30,918 - INFO - 127.0.0.1 - - [12/Jun/2025 23:50:30] "GET /metrics HTTP/1.1" 200 -
2025-06-12 23:50:45,914 - INFO - 127.0.0.1 - - [12/Jun/2025 23:50:45] "GET /metrics HTTP/1.1" 200 -
2025-06-12 23:51:00,922 - INFO - 127.0.0.1 - - [12/Jun/2025 23:51:00] "GET /metrics HTTP/1.1" 200 -
2025-06-12 23:51:15,918 - INFO - 127.0.0.1 - - [12/Jun/2025 23:51:15] "GET /metrics HTTP/1.1" 200 -
2025-06-12 23:51:31,776 - INFO - 127.0.0.1 - - [12/Jun/2025 23:51:31] "GET /metrics HTTP/1.1" 200 -
2025-06-12 23:51:47,700 - INFO - 127.0.0.1 - - [12/Jun/2025 23:51:47] "GET /metrics HTTP/1.1" 200 -
2025-06-12 23:52:02,724 - INFO - 127.0.0.1 - - [12/Jun/2025 23:52:02] "GET /metrics HTTP/1.1" 200 -
2025-06-12 23:52:18,634 - INFO - 127.0.0.1 - - [12/Jun/2025 23:52:18] "GET /metrics HTTP/1.1" 200 -
2025-06-12 23:52:34,535 - INFO - 127.0.0.1 - - [12/Jun/2025 23:52:34] "GET /metrics HTTP/1.1" 200 -
2025-06-12 23:52:50,541 - INFO - 127.0.0.1 - - [12/Jun/2025 23:52:50] "GET /metrics HTTP/1.1" 200 -
2025-06-12 23:53:05,307 - INFO - 127.0.0.1 - - [12/Jun/2025 23:53:05] "GET /metrics HTTP/1.1" 200 -
2025-06-12 23:53:21,557 - INFO - 127.0.0.1 - - [12/Jun/2025 23:53:21] "GET /metrics HTTP/1.1" 200 -
2025-06-12 23:53:37,914 - INFO - 127.0.0.1 - - [12/Jun/2025 23:53:37] "GET /metrics HTTP/1.1" 200 -
2025-06-12 23:53:53,687 - INFO - 127.0.0.1 - - [12/Jun/2025 23:53:53] "GET /metrics HTTP/1.1" 200 -
2025-06-12 23:54:08,883 - INFO - 127.0.0.1 - - [12/Jun/2025 23:54:08] "GET /metrics HTTP/1.1" 200 -
2025-06-12 23:54:25,261 - INFO - 127.0.0.1 - - [12/Jun/2025 23:54:25] "GET /metrics HTTP/1.1" 200 -
2025-06-12 23:54:41,611 - INFO - 127.0.0.1 - - [12/Jun/2025 23:54:41] "GET /metrics HTTP/1.1" 200 -
2025-06-12 23:54:57,976 - INFO - 127.0.0.1 - - [12/Jun/2025 23:54:57] "GET /metrics HTTP/1.1" 200 -
2025-06-12 23:55:14,374 - INFO - 127.0.0.1 - - [12/Jun/2025 23:55:14] "GET /metrics HTTP/1.1" 200 -
2025-06-12 23:55:30,730 - INFO - 127.0.0.1 - - [12/Jun/2025 23:55:30] "GET /metrics HTTP/1.1" 200 -
2025-06-12 23:55:47,113 - INFO - 127.0.0.1 - - [12/Jun/2025 23:55:47] "GET /metrics HTTP/1.1" 200 -
2025-06-12 23:56:03,432 - INFO - 127.0.0.1 - - [12/Jun/2025 23:56:03] "GET /metrics HTTP/1.1" 200 -
2025-06-12 23:56:19,816 - INFO - 127.0.0.1 - - [12/Jun/2025 23:56:19] "GET /metrics HTTP/1.1" 200 -
2025-06-12 23:56:35,563 - INFO - 127.0.0.1 - - [12/Jun/2025 23:56:35] "GET /metrics HTTP/1.1" 200 -
2025-06-12 23:56:50,592 - INFO - 127.0.0.1 - - [12/Jun/2025 23:56:50] "GET /metrics HTTP/1.1" 200 -
2025-06-12 23:57:06,889 - INFO - 127.0.0.1 - - [12/Jun/2025 23:57:06] "GET /metrics HTTP/1.1" 200 -
2025-06-12 23:57:23,364 - INFO - 127.0.0.1 - - [12/Jun/2025 23:57:23] "GET /metrics HTTP/1.1" 200 -
2025-06-12 23:57:39,613 - INFO - 127.0.0.1 - - [12/Jun/2025 23:57:39] "GET /metrics HTTP/1.1" 200 -
2025-06-12 23:57:55,991 - INFO - 127.0.0.1 - - [12/Jun/2025 23:57:55] "GET /metrics HTTP/1.1" 200 -
2025-06-12 23:58:12,335 - INFO - 127.0.0.1 - - [12/Jun/2025 23:58:12] "GET /metrics HTTP/1.1" 200 -
2025-06-12 23:58:28,697 - INFO - 127.0.0.1 - - [12/Jun/2025 23:58:28] "GET /metrics HTTP/1.1" 200 -
2025-06-12 23:58:45,057 - INFO - 127.0.0.1 - - [12/Jun/2025 23:58:45] "GET /metrics HTTP/1.1" 200 -
2025-06-12 23:59:01,471 - INFO - 127.0.0.1 - - [12/Jun/2025 23:59:01] "GET /metrics HTTP/1.1" 200 -
2025-06-12 23:59:17,793 - INFO - 127.0.0.1 - - [12/Jun/2025 23:59:17] "GET /metrics HTTP/1.1" 200 -
2025-06-12 23:59:34,147 - INFO - 127.0.0.1 - - [12/Jun/2025 23:59:34] "GET /metrics HTTP/1.1" 200 -
2025-06-12 23:59:50,512 - INFO - 127.0.0.1 - - [12/Jun/2025 23:59:50] "GET /metrics HTTP/1.1" 200 -
2025-06-13 00:00:06,890 - INFO - 127.0.0.1 - - [13/Jun/2025 00:00:06] "GET /metrics HTTP/1.1" 200 -
2025-06-13 00:00:22,652 - INFO - 127.0.0.1 - - [13/Jun/2025 00:00:22] "GET /metrics HTTP/1.1" 200 -
2025-06-13 00:00:37,710 - INFO - 127.0.0.1 - - [13/Jun/2025 00:00:37] "GET /metrics HTTP/1.1" 200 -
2025-06-13 00:00:54,082 - INFO - 127.0.0.1 - - [13/Jun/2025 00:00:54] "GET /metrics HTTP/1.1" 200 -
2025-06-13 00:01:10,434 - INFO - 127.0.0.1 - - [13/Jun/2025 00:01:10] "GET /metrics HTTP/1.1" 200 -
2025-06-13 00:01:26,798 - INFO - 127.0.0.1 - - [13/Jun/2025 00:01:26] "GET /metrics HTTP/1.1" 200 -
2025-06-13 00:01:43,175 - INFO - 127.0.0.1 - - [13/Jun/2025 00:01:43] "GET /metrics HTTP/1.1" 200 -
2025-06-13 00:01:59,545 - INFO - 127.0.0.1 - - [13/Jun/2025 00:01:59] "GET /metrics HTTP/1.1" 200 -
